[0.061s] DEBUG:colcon:Command line arguments: ['/usr/bin/colcon', 'build']
[0.061s] DEBUG:colcon:Parsed command line arguments: Namespace(log_base=None, log_level=None, verb_name='build', build_base='build', install_base='install', merge_install=False, symlink_install=False, test_result_base=None, continue_on_error=False, executor='parallel', parallel_workers=20, event_handlers=None, ignore_user_meta=False, metas=['./colcon.meta'], base_paths=['.'], packages_ignore=None, packages_ignore_regex=None, paths=None, packages_up_to=None, packages_up_to_regex=None, packages_above=None, packages_above_and_dependencies=None, packages_above_depth=None, packages_select_by_dep=None, packages_skip_by_dep=None, packages_skip_up_to=None, packages_select_build_failed=False, packages_skip_build_finished=False, packages_select_test_failures=False, packages_skip_test_passed=False, packages_select=None, packages_skip=None, packages_select_regex=None, packages_skip_regex=None, packages_start=None, packages_end=None, allow_overriding=[], cmake_args=None, cmake_target=None, cmake_target_skip_unavailable=False, cmake_clean_cache=False, cmake_clean_first=False, cmake_force_configure=False, ament_cmake_args=None, catkin_cmake_args=None, catkin_skip_building_tests=False, mixin_files=None, mixin=None, verb_parser=<colcon_mixin.mixin.mixin_argument.MixinArgumentDecorator object at 0x772e756b11f0>, verb_extension=<colcon_core.verb.build.BuildVerb object at 0x772e757cd070>, main=<bound method BuildVerb.main of <colcon_core.verb.build.BuildVerb object at 0x772e757cd070>>, mixin_verb=('build',))
[0.082s] Level 1:colcon.colcon_core.package_discovery:discover_packages(colcon_meta) check parameters
[0.082s] Level 1:colcon.colcon_core.package_discovery:discover_packages(recursive) check parameters
[0.082s] Level 1:colcon.colcon_core.package_discovery:discover_packages(ignore) check parameters
[0.082s] Level 1:colcon.colcon_core.package_discovery:discover_packages(path) check parameters
[0.082s] Level 1:colcon.colcon_core.package_discovery:discover_packages(colcon_meta) discover
[0.082s] Level 1:colcon.colcon_core.package_discovery:discover_packages(recursive) discover
[0.082s] INFO:colcon.colcon_core.package_discovery:Crawling recursively for packages in '/home/lairlab-squirtle/mpros2-docker'
[0.082s] Level 1:colcon.colcon_core.package_identification:_identify(.) by extensions ['ignore', 'ignore_ament_install']
[0.082s] Level 1:colcon.colcon_core.package_identification:_identify(.) by extension 'ignore'
[0.083s] Level 1:colcon.colcon_core.package_identification:_identify(.) by extension 'ignore_ament_install'
[0.083s] Level 1:colcon.colcon_core.package_identification:_identify(.) by extensions ['colcon_pkg']
[0.083s] Level 1:colcon.colcon_core.package_identification:_identify(.) by extension 'colcon_pkg'
[0.083s] Level 1:colcon.colcon_core.package_identification:_identify(.) by extensions ['colcon_meta']
[0.083s] Level 1:colcon.colcon_core.package_identification:_identify(.) by extension 'colcon_meta'
[0.083s] Level 1:colcon.colcon_core.package_identification:_identify(.) by extensions ['ros']
[0.083s] Level 1:colcon.colcon_core.package_identification:_identify(.) by extension 'ros'
[0.095s] Level 1:colcon.colcon_core.package_identification:_identify(.) by extensions ['cmake', 'python']
[0.095s] Level 1:colcon.colcon_core.package_identification:_identify(.) by extension 'cmake'
[0.095s] Level 1:colcon.colcon_core.package_identification:_identify(.) by extension 'python'
[0.095s] Level 1:colcon.colcon_core.package_identification:_identify(.) by extensions ['python_setup_py']
[0.095s] Level 1:colcon.colcon_core.package_identification:_identify(.) by extension 'python_setup_py'
[0.095s] Level 1:colcon.colcon_core.package_identification:_identify(build) by extensions ['ignore', 'ignore_ament_install']
[0.096s] Level 1:colcon.colcon_core.package_identification:_identify(build) by extension 'ignore'
[0.096s] Level 1:colcon.colcon_core.package_identification:_identify(build) ignored
[0.096s] Level 1:colcon.colcon_core.package_identification:_identify(install) by extensions ['ignore', 'ignore_ament_install']
[0.096s] Level 1:colcon.colcon_core.package_identification:_identify(install) by extension 'ignore'
[0.096s] Level 1:colcon.colcon_core.package_identification:_identify(install) ignored
[0.096s] Level 1:colcon.colcon_core.package_identification:_identify(log) by extensions ['ignore', 'ignore_ament_install']
[0.096s] Level 1:colcon.colcon_core.package_identification:_identify(log) by extension 'ignore'
[0.096s] Level 1:colcon.colcon_core.package_identification:_identify(log) ignored
[0.096s] Level 1:colcon.colcon_core.package_identification:_identify(src) by extensions ['ignore', 'ignore_ament_install']
[0.096s] Level 1:colcon.colcon_core.package_identification:_identify(src) by extension 'ignore'
[0.096s] Level 1:colcon.colcon_core.package_identification:_identify(src) by extension 'ignore_ament_install'
[0.096s] Level 1:colcon.colcon_core.package_identification:_identify(src) by extensions ['colcon_pkg']
[0.096s] Level 1:colcon.colcon_core.package_identification:_identify(src) by extension 'colcon_pkg'
[0.096s] Level 1:colcon.colcon_core.package_identification:_identify(src) by extensions ['colcon_meta']
[0.096s] Level 1:colcon.colcon_core.package_identification:_identify(src) by extension 'colcon_meta'
[0.096s] Level 1:colcon.colcon_core.package_identification:_identify(src) by extensions ['ros']
[0.096s] Level 1:colcon.colcon_core.package_identification:_identify(src) by extension 'ros'
[0.096s] Level 1:colcon.colcon_core.package_identification:_identify(src) by extensions ['cmake', 'python']
[0.096s] Level 1:colcon.colcon_core.package_identification:_identify(src) by extension 'cmake'
[0.096s] Level 1:colcon.colcon_core.package_identification:_identify(src) by extension 'python'
[0.096s] Level 1:colcon.colcon_core.package_identification:_identify(src) by extensions ['python_setup_py']
[0.096s] Level 1:colcon.colcon_core.package_identification:_identify(src) by extension 'python_setup_py'
[0.096s] Level 1:colcon.colcon_core.package_identification:_identify(src/src) by extensions ['ignore', 'ignore_ament_install']
[0.096s] Level 1:colcon.colcon_core.package_identification:_identify(src/src) by extension 'ignore'
[0.096s] Level 1:colcon.colcon_core.package_identification:_identify(src/src) by extension 'ignore_ament_install'
[0.096s] Level 1:colcon.colcon_core.package_identification:_identify(src/src) by extensions ['colcon_pkg']
[0.096s] Level 1:colcon.colcon_core.package_identification:_identify(src/src) by extension 'colcon_pkg'
[0.096s] Level 1:colcon.colcon_core.package_identification:_identify(src/src) by extensions ['colcon_meta']
[0.096s] Level 1:colcon.colcon_core.package_identification:_identify(src/src) by extension 'colcon_meta'
[0.096s] Level 1:colcon.colcon_core.package_identification:_identify(src/src) by extensions ['ros']
[0.096s] Level 1:colcon.colcon_core.package_identification:_identify(src/src) by extension 'ros'
[0.096s] Level 1:colcon.colcon_core.package_identification:_identify(src/src) by extensions ['cmake', 'python']
[0.096s] Level 1:colcon.colcon_core.package_identification:_identify(src/src) by extension 'cmake'
[0.096s] Level 1:colcon.colcon_core.package_identification:_identify(src/src) by extension 'python'
[0.096s] Level 1:colcon.colcon_core.package_identification:_identify(src/src) by extensions ['python_setup_py']
[0.096s] Level 1:colcon.colcon_core.package_identification:_identify(src/src) by extension 'python_setup_py'
[0.096s] Level 1:colcon.colcon_core.package_identification:_identify(src/src/mpros2) by extensions ['ignore', 'ignore_ament_install']
[0.096s] Level 1:colcon.colcon_core.package_identification:_identify(src/src/mpros2) by extension 'ignore'
[0.096s] Level 1:colcon.colcon_core.package_identification:_identify(src/src/mpros2) by extension 'ignore_ament_install'
[0.096s] Level 1:colcon.colcon_core.package_identification:_identify(src/src/mpros2) by extensions ['colcon_pkg']
[0.096s] Level 1:colcon.colcon_core.package_identification:_identify(src/src/mpros2) by extension 'colcon_pkg'
[0.096s] Level 1:colcon.colcon_core.package_identification:_identify(src/src/mpros2) by extensions ['colcon_meta']
[0.096s] Level 1:colcon.colcon_core.package_identification:_identify(src/src/mpros2) by extension 'colcon_meta'
[0.096s] Level 1:colcon.colcon_core.package_identification:_identify(src/src/mpros2) by extensions ['ros']
[0.096s] Level 1:colcon.colcon_core.package_identification:_identify(src/src/mpros2) by extension 'ros'
[0.098s] DEBUG:colcon.colcon_core.package_identification:Package 'src/src/mpros2' with type 'ros.ament_python' and name 'mpros2'
[0.098s] Level 1:colcon.colcon_core.package_identification:_identify(src/src/mpros2_msg) by extensions ['ignore', 'ignore_ament_install']
[0.098s] Level 1:colcon.colcon_core.package_identification:_identify(src/src/mpros2_msg) by extension 'ignore'
[0.098s] Level 1:colcon.colcon_core.package_identification:_identify(src/src/mpros2_msg) by extension 'ignore_ament_install'
[0.098s] Level 1:colcon.colcon_core.package_identification:_identify(src/src/mpros2_msg) by extensions ['colcon_pkg']
[0.098s] Level 1:colcon.colcon_core.package_identification:_identify(src/src/mpros2_msg) by extension 'colcon_pkg'
[0.098s] Level 1:colcon.colcon_core.package_identification:_identify(src/src/mpros2_msg) by extensions ['colcon_meta']
[0.098s] Level 1:colcon.colcon_core.package_identification:_identify(src/src/mpros2_msg) by extension 'colcon_meta'
[0.098s] Level 1:colcon.colcon_core.package_identification:_identify(src/src/mpros2_msg) by extensions ['ros']
[0.098s] Level 1:colcon.colcon_core.package_identification:_identify(src/src/mpros2_msg) by extension 'ros'
[0.098s] DEBUG:colcon.colcon_core.package_identification:Package 'src/src/mpros2_msg' with type 'ros.ament_cmake' and name 'mpros2_msg'
[0.098s] Level 1:colcon.colcon_core.package_discovery:discover_packages(recursive) using defaults
[0.098s] Level 1:colcon.colcon_core.package_discovery:discover_packages(ignore) discover
[0.098s] Level 1:colcon.colcon_core.package_discovery:discover_packages(ignore) using defaults
[0.098s] Level 1:colcon.colcon_core.package_discovery:discover_packages(path) discover
[0.098s] Level 1:colcon.colcon_core.package_discovery:discover_packages(path) using defaults
[0.107s] Level 1:colcon.colcon_core.package_discovery:discover_packages(prefix_path) check parameters
[0.107s] Level 1:colcon.colcon_core.package_discovery:discover_packages(prefix_path) discover
[0.108s] DEBUG:colcon.colcon_installed_package_information.package_discovery:Found 3 installed packages in /home/lairlab-squirtle/ros2_ws/install
[0.108s] DEBUG:colcon.colcon_installed_package_information.package_discovery:Found 288 installed packages in /opt/ros/jazzy
[0.109s] Level 1:colcon.colcon_core.package_discovery:discover_packages(prefix_path) using defaults
[0.125s] Level 5:colcon.colcon_core.verb:set package 'mpros2' build argument 'cmake_args' from command line to 'None'
[0.125s] Level 5:colcon.colcon_core.verb:set package 'mpros2' build argument 'cmake_target' from command line to 'None'
[0.125s] Level 5:colcon.colcon_core.verb:set package 'mpros2' build argument 'cmake_target_skip_unavailable' from command line to 'False'
[0.125s] Level 5:colcon.colcon_core.verb:set package 'mpros2' build argument 'cmake_clean_cache' from command line to 'False'
[0.125s] Level 5:colcon.colcon_core.verb:set package 'mpros2' build argument 'cmake_clean_first' from command line to 'False'
[0.125s] Level 5:colcon.colcon_core.verb:set package 'mpros2' build argument 'cmake_force_configure' from command line to 'False'
[0.125s] Level 5:colcon.colcon_core.verb:set package 'mpros2' build argument 'ament_cmake_args' from command line to 'None'
[0.125s] Level 5:colcon.colcon_core.verb:set package 'mpros2' build argument 'catkin_cmake_args' from command line to 'None'
[0.125s] Level 5:colcon.colcon_core.verb:set package 'mpros2' build argument 'catkin_skip_building_tests' from command line to 'False'
[0.126s] DEBUG:colcon.colcon_core.verb:Building package 'mpros2' with the following arguments: {'ament_cmake_args': None, 'build_base': '/home/lairlab-squirtle/mpros2-docker/build/mpros2', 'catkin_cmake_args': None, 'catkin_skip_building_tests': False, 'cmake_args': None, 'cmake_clean_cache': False, 'cmake_clean_first': False, 'cmake_force_configure': False, 'cmake_target': None, 'cmake_target_skip_unavailable': False, 'install_base': '/home/lairlab-squirtle/mpros2-docker/install/mpros2', 'merge_install': False, 'path': '/home/lairlab-squirtle/mpros2-docker/src/src/mpros2', 'symlink_install': False, 'test_result_base': None}
[0.126s] Level 5:colcon.colcon_core.verb:set package 'mpros2_msg' build argument 'cmake_args' from command line to 'None'
[0.126s] Level 5:colcon.colcon_core.verb:set package 'mpros2_msg' build argument 'cmake_target' from command line to 'None'
[0.126s] Level 5:colcon.colcon_core.verb:set package 'mpros2_msg' build argument 'cmake_target_skip_unavailable' from command line to 'False'
[0.126s] Level 5:colcon.colcon_core.verb:set package 'mpros2_msg' build argument 'cmake_clean_cache' from command line to 'False'
[0.126s] Level 5:colcon.colcon_core.verb:set package 'mpros2_msg' build argument 'cmake_clean_first' from command line to 'False'
[0.126s] Level 5:colcon.colcon_core.verb:set package 'mpros2_msg' build argument 'cmake_force_configure' from command line to 'False'
[0.126s] Level 5:colcon.colcon_core.verb:set package 'mpros2_msg' build argument 'ament_cmake_args' from command line to 'None'
[0.126s] Level 5:colcon.colcon_core.verb:set package 'mpros2_msg' build argument 'catkin_cmake_args' from command line to 'None'
[0.126s] Level 5:colcon.colcon_core.verb:set package 'mpros2_msg' build argument 'catkin_skip_building_tests' from command line to 'False'
[0.126s] DEBUG:colcon.colcon_core.verb:Building package 'mpros2_msg' with the following arguments: {'ament_cmake_args': None, 'build_base': '/home/lairlab-squirtle/mpros2-docker/build/mpros2_msg', 'catkin_cmake_args': None, 'catkin_skip_building_tests': False, 'cmake_args': None, 'cmake_clean_cache': False, 'cmake_clean_first': False, 'cmake_force_configure': False, 'cmake_target': None, 'cmake_target_skip_unavailable': False, 'install_base': '/home/lairlab-squirtle/mpros2-docker/install/mpros2_msg', 'merge_install': False, 'path': '/home/lairlab-squirtle/mpros2-docker/src/src/mpros2_msg', 'symlink_install': False, 'test_result_base': None}
[0.126s] INFO:colcon.colcon_core.executor:Executing jobs using 'parallel' executor
[0.126s] DEBUG:colcon.colcon_parallel_executor.executor.parallel:run_until_complete
[0.126s] INFO:colcon.colcon_ros.task.ament_python.build:Building ROS package in '/home/lairlab-squirtle/mpros2-docker/src/src/mpros2' with build type 'ament_python'
[0.126s] Level 1:colcon.colcon_core.shell:create_environment_hook('mpros2', 'ament_prefix_path')
[0.128s] INFO:colcon.colcon_core.plugin_system:Skipping extension 'colcon_core.shell.bat': Not used on non-Windows systems
[0.128s] INFO:colcon.colcon_core.shell:Creating environment hook '/home/lairlab-squirtle/mpros2-docker/install/mpros2/share/mpros2/hook/ament_prefix_path.ps1'
[0.128s] INFO:colcon.colcon_core.shell:Creating environment descriptor '/home/lairlab-squirtle/mpros2-docker/install/mpros2/share/mpros2/hook/ament_prefix_path.dsv'
[0.129s] INFO:colcon.colcon_core.shell:Creating environment hook '/home/lairlab-squirtle/mpros2-docker/install/mpros2/share/mpros2/hook/ament_prefix_path.sh'
[0.129s] INFO:colcon.colcon_core.shell:Skip shell extension 'powershell' for command environment: Not usable outside of PowerShell
[0.129s] DEBUG:colcon.colcon_core.shell:Skip shell extension 'dsv' for command environment
[0.130s] INFO:colcon.colcon_ros.task.ament_cmake.build:Building ROS package in '/home/lairlab-squirtle/mpros2-docker/src/src/mpros2_msg' with build type 'ament_cmake'
[0.130s] INFO:colcon.colcon_cmake.task.cmake.build:Building CMake package in '/home/lairlab-squirtle/mpros2-docker/src/src/mpros2_msg'
[0.130s] INFO:colcon.colcon_core.shell:Skip shell extension 'powershell' for command environment: Not usable outside of PowerShell
[0.130s] DEBUG:colcon.colcon_core.shell:Skip shell extension 'dsv' for command environment
[0.287s] INFO:colcon.colcon_core.task.python.build:Building Python package in '/home/lairlab-squirtle/mpros2-docker/src/src/mpros2'
[0.288s] INFO:colcon.colcon_core.shell:Skip shell extension 'powershell' for command environment: Not usable outside of PowerShell
[0.288s] DEBUG:colcon.colcon_core.shell:Skip shell extension 'dsv' for command environment
[0.291s] DEBUG:colcon.colcon_core.event_handler.log_command:Invoking command in '/home/lairlab-squirtle/mpros2-docker/build/mpros2_msg': CMAKE_PREFIX_PATH=${CMAKE_PREFIX_PATH}:/home/lairlab-squirtle/ros2_ws/install/mpros2:/home/lairlab-squirtle/ros2_ws/install/shimmer3_gsr_unit:/opt/ros/jazzy DEBUGINFOD_URLS=https://debuginfod.ubuntu.com /usr/bin/cmake --build /home/lairlab-squirtle/mpros2-docker/build/mpros2_msg -- -j20 -l20
[0.575s] DEBUG:colcon.colcon_core.event_handler.log_command:Invoking command in '/home/lairlab-squirtle/mpros2-docker/src/src/mpros2': DEBUGINFOD_URLS=https://debuginfod.ubuntu.com PYTHONPATH=/home/lairlab-squirtle/mpros2-docker/build/mpros2/prefix_override:/usr/lib/python3/dist-packages/colcon_core/task/python/colcon_distutils_commands:/home/lairlab-squirtle/mpros2-docker/install/mpros2/lib/python3.12/site-packages:${PYTHONPATH} /usr/bin/python3 -W ignore:setup.py install is deprecated -W ignore:easy_install command is deprecated setup.py egg_info --egg-base ../../../build/mpros2 build --build-base /home/lairlab-squirtle/mpros2-docker/build/mpros2/build install --record /home/lairlab-squirtle/mpros2-docker/build/mpros2/install.log --single-version-externally-managed install_data
[0.809s] DEBUG:colcon.colcon_core.event_handler.log_command:Invoked command in '/home/lairlab-squirtle/mpros2-docker/src/src/mpros2' returned '0': DEBUGINFOD_URLS=https://debuginfod.ubuntu.com PYTHONPATH=/home/lairlab-squirtle/mpros2-docker/build/mpros2/prefix_override:/usr/lib/python3/dist-packages/colcon_core/task/python/colcon_distutils_commands:/home/lairlab-squirtle/mpros2-docker/install/mpros2/lib/python3.12/site-packages:${PYTHONPATH} /usr/bin/python3 -W ignore:setup.py install is deprecated -W ignore:easy_install command is deprecated setup.py egg_info --egg-base ../../../build/mpros2 build --build-base /home/lairlab-squirtle/mpros2-docker/build/mpros2/build install --record /home/lairlab-squirtle/mpros2-docker/build/mpros2/install.log --single-version-externally-managed install_data
[0.810s] Level 1:colcon.colcon_core.environment:checking '/home/lairlab-squirtle/mpros2-docker/install/mpros2' for CMake module files
[0.811s] Level 1:colcon.colcon_core.environment:checking '/home/lairlab-squirtle/mpros2-docker/install/mpros2' for CMake config files
[0.811s] Level 1:colcon.colcon_core.environment:checking '/home/lairlab-squirtle/mpros2-docker/install/mpros2/lib'
[0.811s] Level 1:colcon.colcon_core.environment:checking '/home/lairlab-squirtle/mpros2-docker/install/mpros2/bin'
[0.811s] Level 1:colcon.colcon_core.environment:checking '/home/lairlab-squirtle/mpros2-docker/install/mpros2/lib/pkgconfig/mpros2.pc'
[0.811s] Level 1:colcon.colcon_core.environment:checking '/home/lairlab-squirtle/mpros2-docker/install/mpros2/lib/python3.12/site-packages'
[0.811s] Level 1:colcon.colcon_core.shell:create_environment_hook('mpros2', 'pythonpath')
[0.811s] INFO:colcon.colcon_core.shell:Creating environment hook '/home/lairlab-squirtle/mpros2-docker/install/mpros2/share/mpros2/hook/pythonpath.ps1'
[0.812s] INFO:colcon.colcon_core.shell:Creating environment descriptor '/home/lairlab-squirtle/mpros2-docker/install/mpros2/share/mpros2/hook/pythonpath.dsv'
[0.812s] INFO:colcon.colcon_core.shell:Creating environment hook '/home/lairlab-squirtle/mpros2-docker/install/mpros2/share/mpros2/hook/pythonpath.sh'
[0.812s] Level 1:colcon.colcon_core.environment:checking '/home/lairlab-squirtle/mpros2-docker/install/mpros2/bin'
[0.813s] Level 1:colcon.colcon_core.environment:create_environment_scripts_only(mpros2)
[0.813s] INFO:colcon.colcon_core.shell:Creating package script '/home/lairlab-squirtle/mpros2-docker/install/mpros2/share/mpros2/package.ps1'
[0.814s] INFO:colcon.colcon_core.shell:Creating package descriptor '/home/lairlab-squirtle/mpros2-docker/install/mpros2/share/mpros2/package.dsv'
[0.816s] INFO:colcon.colcon_core.shell:Creating package script '/home/lairlab-squirtle/mpros2-docker/install/mpros2/share/mpros2/package.sh'
[0.817s] INFO:colcon.colcon_core.shell:Creating package script '/home/lairlab-squirtle/mpros2-docker/install/mpros2/share/mpros2/package.bash'
[0.817s] INFO:colcon.colcon_core.shell:Creating package script '/home/lairlab-squirtle/mpros2-docker/install/mpros2/share/mpros2/package.zsh'
[0.818s] Level 1:colcon.colcon_core.environment:create_file_with_runtime_dependencies(/home/lairlab-squirtle/mpros2-docker/install/mpros2/share/colcon-core/packages/mpros2)
[0.884s] DEBUG:colcon.colcon_core.event_handler.log_command:Invoked command in '/home/lairlab-squirtle/mpros2-docker/build/mpros2_msg' returned '0': CMAKE_PREFIX_PATH=${CMAKE_PREFIX_PATH}:/home/lairlab-squirtle/ros2_ws/install/mpros2:/home/lairlab-squirtle/ros2_ws/install/shimmer3_gsr_unit:/opt/ros/jazzy DEBUGINFOD_URLS=https://debuginfod.ubuntu.com /usr/bin/cmake --build /home/lairlab-squirtle/mpros2-docker/build/mpros2_msg -- -j20 -l20
[0.891s] DEBUG:colcon.colcon_core.event_handler.log_command:Invoking command in '/home/lairlab-squirtle/mpros2-docker/build/mpros2_msg': CMAKE_PREFIX_PATH=${CMAKE_PREFIX_PATH}:/home/lairlab-squirtle/ros2_ws/install/mpros2:/home/lairlab-squirtle/ros2_ws/install/shimmer3_gsr_unit:/opt/ros/jazzy DEBUGINFOD_URLS=https://debuginfod.ubuntu.com /usr/bin/cmake --install /home/lairlab-squirtle/mpros2-docker/build/mpros2_msg
[0.971s] Level 1:colcon.colcon_core.environment:create_environment_scripts_only(mpros2_msg)
[0.971s] Level 1:colcon.colcon_core.environment:checking '/home/lairlab-squirtle/mpros2-docker/install/mpros2_msg' for CMake module files
[0.972s] DEBUG:colcon.colcon_core.event_handler.log_command:Invoked command in '/home/lairlab-squirtle/mpros2-docker/build/mpros2_msg' returned '0': CMAKE_PREFIX_PATH=${CMAKE_PREFIX_PATH}:/home/lairlab-squirtle/ros2_ws/install/mpros2:/home/lairlab-squirtle/ros2_ws/install/shimmer3_gsr_unit:/opt/ros/jazzy DEBUGINFOD_URLS=https://debuginfod.ubuntu.com /usr/bin/cmake --install /home/lairlab-squirtle/mpros2-docker/build/mpros2_msg
[0.973s] Level 1:colcon.colcon_core.environment:checking '/home/lairlab-squirtle/mpros2-docker/install/mpros2_msg' for CMake config files
[0.973s] Level 1:colcon.colcon_core.shell:create_environment_hook('mpros2_msg', 'cmake_prefix_path')
[0.973s] INFO:colcon.colcon_core.shell:Creating environment hook '/home/lairlab-squirtle/mpros2-docker/install/mpros2_msg/share/mpros2_msg/hook/cmake_prefix_path.ps1'
[0.974s] INFO:colcon.colcon_core.shell:Creating environment descriptor '/home/lairlab-squirtle/mpros2-docker/install/mpros2_msg/share/mpros2_msg/hook/cmake_prefix_path.dsv'
[0.974s] INFO:colcon.colcon_core.shell:Creating environment hook '/home/lairlab-squirtle/mpros2-docker/install/mpros2_msg/share/mpros2_msg/hook/cmake_prefix_path.sh'
[0.974s] Level 1:colcon.colcon_core.environment:checking '/home/lairlab-squirtle/mpros2-docker/install/mpros2_msg/lib'
[0.974s] Level 1:colcon.colcon_core.shell:create_environment_hook('mpros2_msg', 'ld_library_path_lib')
[0.974s] INFO:colcon.colcon_core.shell:Creating environment hook '/home/lairlab-squirtle/mpros2-docker/install/mpros2_msg/share/mpros2_msg/hook/ld_library_path_lib.ps1'
[0.975s] INFO:colcon.colcon_core.shell:Creating environment descriptor '/home/lairlab-squirtle/mpros2-docker/install/mpros2_msg/share/mpros2_msg/hook/ld_library_path_lib.dsv'
[0.975s] INFO:colcon.colcon_core.shell:Creating environment hook '/home/lairlab-squirtle/mpros2-docker/install/mpros2_msg/share/mpros2_msg/hook/ld_library_path_lib.sh'
[0.975s] Level 1:colcon.colcon_core.environment:checking '/home/lairlab-squirtle/mpros2-docker/install/mpros2_msg/bin'
[0.975s] Level 1:colcon.colcon_core.environment:checking '/home/lairlab-squirtle/mpros2-docker/install/mpros2_msg/lib/pkgconfig/mpros2_msg.pc'
[0.975s] Level 1:colcon.colcon_core.environment:checking '/home/lairlab-squirtle/mpros2-docker/install/mpros2_msg/lib/python3.12/site-packages'
[0.975s] Level 1:colcon.colcon_core.shell:create_environment_hook('mpros2_msg', 'pythonpath')
[0.975s] INFO:colcon.colcon_core.shell:Creating environment hook '/home/lairlab-squirtle/mpros2-docker/install/mpros2_msg/share/mpros2_msg/hook/pythonpath.ps1'
[0.975s] INFO:colcon.colcon_core.shell:Creating environment descriptor '/home/lairlab-squirtle/mpros2-docker/install/mpros2_msg/share/mpros2_msg/hook/pythonpath.dsv'
[0.976s] INFO:colcon.colcon_core.shell:Creating environment hook '/home/lairlab-squirtle/mpros2-docker/install/mpros2_msg/share/mpros2_msg/hook/pythonpath.sh'
[0.976s] Level 1:colcon.colcon_core.environment:checking '/home/lairlab-squirtle/mpros2-docker/install/mpros2_msg/bin'
[0.976s] INFO:colcon.colcon_core.shell:Creating package script '/home/lairlab-squirtle/mpros2-docker/install/mpros2_msg/share/mpros2_msg/package.ps1'
[0.982s] INFO:colcon.colcon_core.shell:Creating package descriptor '/home/lairlab-squirtle/mpros2-docker/install/mpros2_msg/share/mpros2_msg/package.dsv'
[0.982s] INFO:colcon.colcon_core.shell:Creating package script '/home/lairlab-squirtle/mpros2-docker/install/mpros2_msg/share/mpros2_msg/package.sh'
[0.982s] INFO:colcon.colcon_core.shell:Creating package script '/home/lairlab-squirtle/mpros2-docker/install/mpros2_msg/share/mpros2_msg/package.bash'
[0.982s] INFO:colcon.colcon_core.shell:Creating package script '/home/lairlab-squirtle/mpros2-docker/install/mpros2_msg/share/mpros2_msg/package.zsh'
[0.982s] Level 1:colcon.colcon_core.environment:create_file_with_runtime_dependencies(/home/lairlab-squirtle/mpros2-docker/install/mpros2_msg/share/colcon-core/packages/mpros2_msg)
[0.983s] Level 1:colcon.colcon_core.environment:create_environment_scripts_only(mpros2_msg)
[0.983s] Level 1:colcon.colcon_core.environment:checking '/home/lairlab-squirtle/mpros2-docker/install/mpros2_msg' for CMake module files
[0.983s] Level 1:colcon.colcon_core.environment:checking '/home/lairlab-squirtle/mpros2-docker/install/mpros2_msg' for CMake config files
[0.986s] Level 1:colcon.colcon_core.shell:create_environment_hook('mpros2_msg', 'cmake_prefix_path')
[0.986s] INFO:colcon.colcon_core.shell:Creating environment hook '/home/lairlab-squirtle/mpros2-docker/install/mpros2_msg/share/mpros2_msg/hook/cmake_prefix_path.ps1'
[0.986s] INFO:colcon.colcon_core.shell:Creating environment descriptor '/home/lairlab-squirtle/mpros2-docker/install/mpros2_msg/share/mpros2_msg/hook/cmake_prefix_path.dsv'
[0.986s] INFO:colcon.colcon_core.shell:Creating environment hook '/home/lairlab-squirtle/mpros2-docker/install/mpros2_msg/share/mpros2_msg/hook/cmake_prefix_path.sh'
[0.986s] Level 1:colcon.colcon_core.environment:checking '/home/lairlab-squirtle/mpros2-docker/install/mpros2_msg/lib'
[0.986s] Level 1:colcon.colcon_core.shell:create_environment_hook('mpros2_msg', 'ld_library_path_lib')
[0.986s] INFO:colcon.colcon_core.shell:Creating environment hook '/home/lairlab-squirtle/mpros2-docker/install/mpros2_msg/share/mpros2_msg/hook/ld_library_path_lib.ps1'
[0.987s] INFO:colcon.colcon_core.shell:Creating environment descriptor '/home/lairlab-squirtle/mpros2-docker/install/mpros2_msg/share/mpros2_msg/hook/ld_library_path_lib.dsv'
[0.987s] INFO:colcon.colcon_core.shell:Creating environment hook '/home/lairlab-squirtle/mpros2-docker/install/mpros2_msg/share/mpros2_msg/hook/ld_library_path_lib.sh'
[0.987s] Level 1:colcon.colcon_core.environment:checking '/home/lairlab-squirtle/mpros2-docker/install/mpros2_msg/bin'
[0.987s] Level 1:colcon.colcon_core.environment:checking '/home/lairlab-squirtle/mpros2-docker/install/mpros2_msg/lib/pkgconfig/mpros2_msg.pc'
[0.987s] Level 1:colcon.colcon_core.environment:checking '/home/lairlab-squirtle/mpros2-docker/install/mpros2_msg/lib/python3.12/site-packages'
[0.987s] Level 1:colcon.colcon_core.shell:create_environment_hook('mpros2_msg', 'pythonpath')
[0.987s] INFO:colcon.colcon_core.shell:Creating environment hook '/home/lairlab-squirtle/mpros2-docker/install/mpros2_msg/share/mpros2_msg/hook/pythonpath.ps1'
[0.987s] INFO:colcon.colcon_core.shell:Creating environment descriptor '/home/lairlab-squirtle/mpros2-docker/install/mpros2_msg/share/mpros2_msg/hook/pythonpath.dsv'
[0.988s] INFO:colcon.colcon_core.shell:Creating environment hook '/home/lairlab-squirtle/mpros2-docker/install/mpros2_msg/share/mpros2_msg/hook/pythonpath.sh'
[0.988s] Level 1:colcon.colcon_core.environment:checking '/home/lairlab-squirtle/mpros2-docker/install/mpros2_msg/bin'
[0.988s] INFO:colcon.colcon_core.shell:Creating package script '/home/lairlab-squirtle/mpros2-docker/install/mpros2_msg/share/mpros2_msg/package.ps1'
[0.993s] INFO:colcon.colcon_core.shell:Creating package descriptor '/home/lairlab-squirtle/mpros2-docker/install/mpros2_msg/share/mpros2_msg/package.dsv'
[0.993s] INFO:colcon.colcon_core.shell:Creating package script '/home/lairlab-squirtle/mpros2-docker/install/mpros2_msg/share/mpros2_msg/package.sh'
[0.993s] INFO:colcon.colcon_core.shell:Creating package script '/home/lairlab-squirtle/mpros2-docker/install/mpros2_msg/share/mpros2_msg/package.bash'
[0.993s] INFO:colcon.colcon_core.shell:Creating package script '/home/lairlab-squirtle/mpros2-docker/install/mpros2_msg/share/mpros2_msg/package.zsh'
[0.993s] Level 1:colcon.colcon_core.environment:create_file_with_runtime_dependencies(/home/lairlab-squirtle/mpros2-docker/install/mpros2_msg/share/colcon-core/packages/mpros2_msg)
[0.994s] DEBUG:colcon.colcon_parallel_executor.executor.parallel:closing loop
[0.994s] DEBUG:colcon.colcon_parallel_executor.executor.parallel:loop closed
[0.994s] DEBUG:colcon.colcon_parallel_executor.executor.parallel:run_until_complete finished with '0'
[0.994s] DEBUG:colcon.colcon_core.event_reactor:joining thread
[1.000s] INFO:colcon.colcon_core.plugin_system:Skipping extension 'colcon_notification.desktop_notification.terminal_notifier': Not used on non-Darwin systems
[1.000s] INFO:colcon.colcon_core.plugin_system:Skipping extension 'colcon_notification.desktop_notification.win32': Not used on non-Windows systems
[1.000s] INFO:colcon.colcon_notification.desktop_notification:Sending desktop notification using 'notify2'
[1.010s] DEBUG:colcon.colcon_core.event_reactor:joined thread
[1.010s] INFO:colcon.colcon_core.shell:Creating prefix script '/home/lairlab-squirtle/mpros2-docker/install/local_setup.ps1'
[1.011s] INFO:colcon.colcon_core.shell:Creating prefix util module '/home/lairlab-squirtle/mpros2-docker/install/_local_setup_util_ps1.py'
[1.011s] INFO:colcon.colcon_core.shell:Creating prefix chain script '/home/lairlab-squirtle/mpros2-docker/install/setup.ps1'
[1.012s] INFO:colcon.colcon_core.shell:Creating prefix script '/home/lairlab-squirtle/mpros2-docker/install/local_setup.sh'
[1.012s] INFO:colcon.colcon_core.shell:Creating prefix util module '/home/lairlab-squirtle/mpros2-docker/install/_local_setup_util_sh.py'
[1.012s] INFO:colcon.colcon_core.shell:Creating prefix chain script '/home/lairlab-squirtle/mpros2-docker/install/setup.sh'
[1.013s] INFO:colcon.colcon_core.shell:Creating prefix script '/home/lairlab-squirtle/mpros2-docker/install/local_setup.bash'
[1.013s] INFO:colcon.colcon_core.shell:Creating prefix chain script '/home/lairlab-squirtle/mpros2-docker/install/setup.bash'
[1.014s] INFO:colcon.colcon_core.shell:Creating prefix script '/home/lairlab-squirtle/mpros2-docker/install/local_setup.zsh'
[1.014s] INFO:colcon.colcon_core.shell:Creating prefix chain script '/home/lairlab-squirtle/mpros2-docker/install/setup.zsh'
