/home/lairlab-squirtle/mpros2-docker/install/mpros2/lib/python3.12/site-packages/mpros2/teste.py
/home/lairlab-squirtle/mpros2-docker/install/mpros2/lib/python3.12/site-packages/mpros2/face_mesh_detector.py
/home/lairlab-squirtle/mpros2-docker/install/mpros2/lib/python3.12/site-packages/mpros2/pose_detector.py
/home/lairlab-squirtle/mpros2-docker/install/mpros2/lib/python3.12/site-packages/mpros2/face_mesh_detector_rs.py
/home/lairlab-squirtle/mpros2-docker/install/mpros2/lib/python3.12/site-packages/mpros2/debug_node.py
/home/lairlab-squirtle/mpros2-docker/install/mpros2/lib/python3.12/site-packages/mpros2/holistic_detector.py
/home/lairlab-squirtle/mpros2-docker/install/mpros2/lib/python3.12/site-packages/mpros2/detector.py
/home/lairlab-squirtle/mpros2-docker/install/mpros2/lib/python3.12/site-packages/mpros2/__init__.py
/home/lairlab-squirtle/mpros2-docker/install/mpros2/lib/python3.12/site-packages/mpros2/pose_detector_rs.py
/home/lairlab-squirtle/mpros2-docker/install/mpros2/lib/python3.12/site-packages/mpros2/hands_detector_rs.py
/home/lairlab-squirtle/mpros2-docker/install/mpros2/lib/python3.12/site-packages/mpros2/hands_detector.py
/home/lairlab-squirtle/mpros2-docker/install/mpros2/lib/python3.12/site-packages/mpros2/visualization.py
/home/lairlab-squirtle/mpros2-docker/install/mpros2/lib/python3.12/site-packages/mpros2/detector(old).py
/home/lairlab-squirtle/mpros2-docker/install/mpros2/lib/python3.12/site-packages/mpros2/FaceMesh (DO NOT DELETE).py
/home/lairlab-squirtle/mpros2-docker/install/mpros2/lib/python3.12/site-packages/mpros2/__pycache__/teste.cpython-312.pyc
/home/lairlab-squirtle/mpros2-docker/install/mpros2/lib/python3.12/site-packages/mpros2/__pycache__/face_mesh_detector.cpython-312.pyc
/home/lairlab-squirtle/mpros2-docker/install/mpros2/lib/python3.12/site-packages/mpros2/__pycache__/pose_detector.cpython-312.pyc
/home/lairlab-squirtle/mpros2-docker/install/mpros2/lib/python3.12/site-packages/mpros2/__pycache__/face_mesh_detector_rs.cpython-312.pyc
/home/lairlab-squirtle/mpros2-docker/install/mpros2/lib/python3.12/site-packages/mpros2/__pycache__/debug_node.cpython-312.pyc
/home/lairlab-squirtle/mpros2-docker/install/mpros2/lib/python3.12/site-packages/mpros2/__pycache__/holistic_detector.cpython-312.pyc
/home/lairlab-squirtle/mpros2-docker/install/mpros2/lib/python3.12/site-packages/mpros2/__pycache__/detector.cpython-312.pyc
/home/lairlab-squirtle/mpros2-docker/install/mpros2/lib/python3.12/site-packages/mpros2/__pycache__/__init__.cpython-312.pyc
/home/lairlab-squirtle/mpros2-docker/install/mpros2/lib/python3.12/site-packages/mpros2/__pycache__/pose_detector_rs.cpython-312.pyc
/home/lairlab-squirtle/mpros2-docker/install/mpros2/lib/python3.12/site-packages/mpros2/__pycache__/hands_detector_rs.cpython-312.pyc
/home/lairlab-squirtle/mpros2-docker/install/mpros2/lib/python3.12/site-packages/mpros2/__pycache__/hands_detector.cpython-312.pyc
/home/lairlab-squirtle/mpros2-docker/install/mpros2/lib/python3.12/site-packages/mpros2/__pycache__/visualization.cpython-312.pyc
/home/lairlab-squirtle/mpros2-docker/install/mpros2/lib/python3.12/site-packages/mpros2/__pycache__/detector(old).cpython-312.pyc
/home/lairlab-squirtle/mpros2-docker/install/mpros2/lib/python3.12/site-packages/mpros2/__pycache__/FaceMesh (DO NOT DELETE).cpython-312.pyc
/home/lairlab-squirtle/mpros2-docker/install/mpros2/share/ament_index/resource_index/packages/mpros2
/home/lairlab-squirtle/mpros2-docker/install/mpros2/share/mpros2/package.xml
/home/lairlab-squirtle/mpros2-docker/install/mpros2/share/mpros2/launch/mp.launch.py
/home/lairlab-squirtle/mpros2-docker/install/mpros2/lib/python3.12/site-packages/mpros2-0.0.0-py3.12.egg-info/requires.txt
/home/lairlab-squirtle/mpros2-docker/install/mpros2/lib/python3.12/site-packages/mpros2-0.0.0-py3.12.egg-info/entry_points.txt
/home/lairlab-squirtle/mpros2-docker/install/mpros2/lib/python3.12/site-packages/mpros2-0.0.0-py3.12.egg-info/top_level.txt
/home/lairlab-squirtle/mpros2-docker/install/mpros2/lib/python3.12/site-packages/mpros2-0.0.0-py3.12.egg-info/dependency_links.txt
/home/lairlab-squirtle/mpros2-docker/install/mpros2/lib/python3.12/site-packages/mpros2-0.0.0-py3.12.egg-info/SOURCES.txt
/home/lairlab-squirtle/mpros2-docker/install/mpros2/lib/python3.12/site-packages/mpros2-0.0.0-py3.12.egg-info/zip-safe
/home/lairlab-squirtle/mpros2-docker/install/mpros2/lib/python3.12/site-packages/mpros2-0.0.0-py3.12.egg-info/PKG-INFO
/home/lairlab-squirtle/mpros2-docker/install/mpros2/lib/mpros2/debug_node
/home/lairlab-squirtle/mpros2-docker/install/mpros2/lib/mpros2/detector
/home/lairlab-squirtle/mpros2-docker/install/mpros2/lib/mpros2/face_mesh_detector
/home/lairlab-squirtle/mpros2-docker/install/mpros2/lib/mpros2/face_mesh_detector_rs
/home/lairlab-squirtle/mpros2-docker/install/mpros2/lib/mpros2/hands_detector
/home/lairlab-squirtle/mpros2-docker/install/mpros2/lib/mpros2/hands_detector_rs
/home/lairlab-squirtle/mpros2-docker/install/mpros2/lib/mpros2/holistic_detector
/home/lairlab-squirtle/mpros2-docker/install/mpros2/lib/mpros2/pose_detector
/home/lairlab-squirtle/mpros2-docker/install/mpros2/lib/mpros2/pose_detector_rs
/home/lairlab-squirtle/mpros2-docker/install/mpros2/lib/mpros2/visualization
