[  1%] Built target mpros2_msg__rosidl_generator_type_description
[  1%] Built target ament_cmake_python_copy_mpros2_msg
[ 26%] Built target mpros2_msg__rosidl_generator_c
running egg_info
writing mpros2_msg.egg-info/PKG-INFO
writing dependency_links to mpros2_msg.egg-info/dependency_links.txt
writing top-level names to mpros2_msg.egg-info/top_level.txt
reading manifest file 'mpros2_msg.egg-info/SOURCES.txt'
writing manifest file 'mpros2_msg.egg-info/SOURCES.txt'
[ 26%] Built target ament_cmake_python_build_mpros2_msg_egg
[ 36%] Built target mpros2_msg__rosidl_typesupport_c
[ 45%] Built target mpros2_msg__rosidl_typesupport_introspection_c
[ 55%] Built target mpros2_msg__rosidl_typesupport_fastrtps_c
[ 55%] Built target mpros2_msg__cpp
[ 64%] Built target mpros2_msg__rosidl_typesupport_cpp
[ 74%] Built target mpros2_msg__rosidl_typesupport_introspection_cpp
[ 84%] Built target mpros2_msg__rosidl_typesupport_fastrtps_cpp
[ 84%] Built target mpros2_msg
[ 85%] Built target mpros2_msg__py
[ 94%] Built target mpros2_msg__rosidl_generator_py
[ 96%] Built target mpros2_msg_s__rosidl_typesupport_fastrtps_c
[ 98%] Built target mpros2_msg_s__rosidl_typesupport_c
[100%] Built target mpros2_msg_s__rosidl_typesupport_introspection_c
-- Install configuration: ""
-- Up-to-date: /home/lairlab-squirtle/mpros2-docker/install/mpros2_msg/share/ament_index/resource_index/rosidl_interfaces/mpros2_msg
-- Up-to-date: /home/lairlab-squirtle/mpros2-docker/install/mpros2_msg/share/mpros2_msg/msg/HandPoint.json
-- Up-to-date: /home/lairlab-squirtle/mpros2-docker/install/mpros2_msg/share/mpros2_msg/msg/MediaPipeHumanHand.json
-- Up-to-date: /home/lairlab-squirtle/mpros2-docker/install/mpros2_msg/share/mpros2_msg/msg/MediaPipeHumanHandList.json
-- Up-to-date: /home/lairlab-squirtle/mpros2-docker/install/mpros2_msg/share/mpros2_msg/msg/PosePoint.json
-- Up-to-date: /home/lairlab-squirtle/mpros2-docker/install/mpros2_msg/share/mpros2_msg/msg/MediaPipeHumanPoseList.json
-- Up-to-date: /home/lairlab-squirtle/mpros2-docker/install/mpros2_msg/share/mpros2_msg/msg/FaceMeshPoint.json
-- Up-to-date: /home/lairlab-squirtle/mpros2-docker/install/mpros2_msg/share/mpros2_msg/msg/MediaPipeHumanFaceMeshList.json
-- Up-to-date: /home/lairlab-squirtle/mpros2-docker/install/mpros2_msg/share/mpros2_msg/msg/MediaPipeHumanHolisticList.json
-- Up-to-date: /home/lairlab-squirtle/mpros2-docker/install/mpros2_msg/include/mpros2_msg/mpros2_msg
-- Up-to-date: /home/lairlab-squirtle/mpros2-docker/install/mpros2_msg/include/mpros2_msg/mpros2_msg/msg
-- Up-to-date: /home/lairlab-squirtle/mpros2-docker/install/mpros2_msg/include/mpros2_msg/mpros2_msg/msg/hand_point.h
-- Up-to-date: /home/lairlab-squirtle/mpros2-docker/install/mpros2_msg/include/mpros2_msg/mpros2_msg/msg/media_pipe_human_hand_list.h
-- Up-to-date: /home/lairlab-squirtle/mpros2-docker/install/mpros2_msg/include/mpros2_msg/mpros2_msg/msg/media_pipe_human_pose_list.h
-- Up-to-date: /home/lairlab-squirtle/mpros2-docker/install/mpros2_msg/include/mpros2_msg/mpros2_msg/msg/rosidl_generator_c__visibility_control.h
-- Up-to-date: /home/lairlab-squirtle/mpros2-docker/install/mpros2_msg/include/mpros2_msg/mpros2_msg/msg/media_pipe_human_face_mesh_list.h
-- Up-to-date: /home/lairlab-squirtle/mpros2-docker/install/mpros2_msg/include/mpros2_msg/mpros2_msg/msg/pose_point.h
-- Up-to-date: /home/lairlab-squirtle/mpros2-docker/install/mpros2_msg/include/mpros2_msg/mpros2_msg/msg/media_pipe_human_holistic_list.h
-- Up-to-date: /home/lairlab-squirtle/mpros2-docker/install/mpros2_msg/include/mpros2_msg/mpros2_msg/msg/detail
-- Up-to-date: /home/lairlab-squirtle/mpros2-docker/install/mpros2_msg/include/mpros2_msg/mpros2_msg/msg/detail/media_pipe_human_hand__functions.h
-- Up-to-date: /home/lairlab-squirtle/mpros2-docker/install/mpros2_msg/include/mpros2_msg/mpros2_msg/msg/detail/face_mesh_point__struct.h
-- Up-to-date: /home/lairlab-squirtle/mpros2-docker/install/mpros2_msg/include/mpros2_msg/mpros2_msg/msg/detail/media_pipe_human_holistic_list__functions.c
-- Up-to-date: /home/lairlab-squirtle/mpros2-docker/install/mpros2_msg/include/mpros2_msg/mpros2_msg/msg/detail/face_mesh_point__functions.h
-- Installing: /home/lairlab-squirtle/mpros2-docker/install/mpros2_msg/include/mpros2_msg/mpros2_msg/msg/detail/pose_point__type_support.c
-- Up-to-date: /home/lairlab-squirtle/mpros2-docker/install/mpros2_msg/include/mpros2_msg/mpros2_msg/msg/detail/media_pipe_human_pose_list__functions.c
-- Up-to-date: /home/lairlab-squirtle/mpros2-docker/install/mpros2_msg/include/mpros2_msg/mpros2_msg/msg/detail/media_pipe_human_face_mesh_list__type_support.h
-- Up-to-date: /home/lairlab-squirtle/mpros2-docker/install/mpros2_msg/include/mpros2_msg/mpros2_msg/msg/detail/pose_point__functions.h
-- Up-to-date: /home/lairlab-squirtle/mpros2-docker/install/mpros2_msg/include/mpros2_msg/mpros2_msg/msg/detail/media_pipe_human_pose_list__description.c
-- Up-to-date: /home/lairlab-squirtle/mpros2-docker/install/mpros2_msg/include/mpros2_msg/mpros2_msg/msg/detail/media_pipe_human_holistic_list__description.c
-- Up-to-date: /home/lairlab-squirtle/mpros2-docker/install/mpros2_msg/include/mpros2_msg/mpros2_msg/msg/detail/media_pipe_human_face_mesh_list__struct.h
-- Up-to-date: /home/lairlab-squirtle/mpros2-docker/install/mpros2_msg/include/mpros2_msg/mpros2_msg/msg/detail/media_pipe_human_face_mesh_list__description.c
-- Up-to-date: /home/lairlab-squirtle/mpros2-docker/install/mpros2_msg/include/mpros2_msg/mpros2_msg/msg/detail/media_pipe_human_pose_list__functions.h
-- Up-to-date: /home/lairlab-squirtle/mpros2-docker/install/mpros2_msg/include/mpros2_msg/mpros2_msg/msg/detail/media_pipe_human_hand__description.c
-- Up-to-date: /home/lairlab-squirtle/mpros2-docker/install/mpros2_msg/include/mpros2_msg/mpros2_msg/msg/detail/media_pipe_human_holistic_list__struct.h
-- Up-to-date: /home/lairlab-squirtle/mpros2-docker/install/mpros2_msg/include/mpros2_msg/mpros2_msg/msg/detail/media_pipe_human_hand_list__functions.c
-- Up-to-date: /home/lairlab-squirtle/mpros2-docker/install/mpros2_msg/include/mpros2_msg/mpros2_msg/msg/detail/media_pipe_human_hand__type_support.h
-- Up-to-date: /home/lairlab-squirtle/mpros2-docker/install/mpros2_msg/include/mpros2_msg/mpros2_msg/msg/detail/media_pipe_human_hand_list__functions.h
-- Up-to-date: /home/lairlab-squirtle/mpros2-docker/install/mpros2_msg/include/mpros2_msg/mpros2_msg/msg/detail/media_pipe_human_hand_list__type_support.h
-- Up-to-date: /home/lairlab-squirtle/mpros2-docker/install/mpros2_msg/include/mpros2_msg/mpros2_msg/msg/detail/face_mesh_point__functions.c
-- Installing: /home/lairlab-squirtle/mpros2-docker/install/mpros2_msg/include/mpros2_msg/mpros2_msg/msg/detail/face_mesh_point__type_support.c
-- Up-to-date: /home/lairlab-squirtle/mpros2-docker/install/mpros2_msg/include/mpros2_msg/mpros2_msg/msg/detail/media_pipe_human_hand__functions.c
-- Up-to-date: /home/lairlab-squirtle/mpros2-docker/install/mpros2_msg/include/mpros2_msg/mpros2_msg/msg/detail/pose_point__type_support.h
-- Installing: /home/lairlab-squirtle/mpros2-docker/install/mpros2_msg/include/mpros2_msg/mpros2_msg/msg/detail/media_pipe_human_holistic_list__type_support.c
-- Up-to-date: /home/lairlab-squirtle/mpros2-docker/install/mpros2_msg/include/mpros2_msg/mpros2_msg/msg/detail/hand_point__functions.c
-- Up-to-date: /home/lairlab-squirtle/mpros2-docker/install/mpros2_msg/include/mpros2_msg/mpros2_msg/msg/detail/media_pipe_human_hand_list__struct.h
-- Up-to-date: /home/lairlab-squirtle/mpros2-docker/install/mpros2_msg/include/mpros2_msg/mpros2_msg/msg/detail/pose_point__struct.h
-- Up-to-date: /home/lairlab-squirtle/mpros2-docker/install/mpros2_msg/include/mpros2_msg/mpros2_msg/msg/detail/hand_point__functions.h
-- Up-to-date: /home/lairlab-squirtle/mpros2-docker/install/mpros2_msg/include/mpros2_msg/mpros2_msg/msg/detail/pose_point__functions.c
-- Up-to-date: /home/lairlab-squirtle/mpros2-docker/install/mpros2_msg/include/mpros2_msg/mpros2_msg/msg/detail/media_pipe_human_holistic_list__type_support.h
-- Up-to-date: /home/lairlab-squirtle/mpros2-docker/install/mpros2_msg/include/mpros2_msg/mpros2_msg/msg/detail/media_pipe_human_hand_list__description.c
-- Up-to-date: /home/lairlab-squirtle/mpros2-docker/install/mpros2_msg/include/mpros2_msg/mpros2_msg/msg/detail/media_pipe_human_hand__struct.h
-- Installing: /home/lairlab-squirtle/mpros2-docker/install/mpros2_msg/include/mpros2_msg/mpros2_msg/msg/detail/media_pipe_human_pose_list__type_support.c
-- Up-to-date: /home/lairlab-squirtle/mpros2-docker/install/mpros2_msg/include/mpros2_msg/mpros2_msg/msg/detail/media_pipe_human_holistic_list__functions.h
-- Installing: /home/lairlab-squirtle/mpros2-docker/install/mpros2_msg/include/mpros2_msg/mpros2_msg/msg/detail/media_pipe_human_hand__type_support.c
-- Up-to-date: /home/lairlab-squirtle/mpros2-docker/install/mpros2_msg/include/mpros2_msg/mpros2_msg/msg/detail/media_pipe_human_pose_list__type_support.h
-- Installing: /home/lairlab-squirtle/mpros2-docker/install/mpros2_msg/include/mpros2_msg/mpros2_msg/msg/detail/media_pipe_human_hand_list__type_support.c
-- Up-to-date: /home/lairlab-squirtle/mpros2-docker/install/mpros2_msg/include/mpros2_msg/mpros2_msg/msg/detail/hand_point__type_support.h
-- Up-to-date: /home/lairlab-squirtle/mpros2-docker/install/mpros2_msg/include/mpros2_msg/mpros2_msg/msg/detail/media_pipe_human_pose_list__struct.h
-- Installing: /home/lairlab-squirtle/mpros2-docker/install/mpros2_msg/include/mpros2_msg/mpros2_msg/msg/detail/media_pipe_human_face_mesh_list__type_support.c
-- Up-to-date: /home/lairlab-squirtle/mpros2-docker/install/mpros2_msg/include/mpros2_msg/mpros2_msg/msg/detail/media_pipe_human_face_mesh_list__functions.c
-- Installing: /home/lairlab-squirtle/mpros2-docker/install/mpros2_msg/include/mpros2_msg/mpros2_msg/msg/detail/hand_point__type_support.c
-- Up-to-date: /home/lairlab-squirtle/mpros2-docker/install/mpros2_msg/include/mpros2_msg/mpros2_msg/msg/detail/media_pipe_human_face_mesh_list__functions.h
-- Up-to-date: /home/lairlab-squirtle/mpros2-docker/install/mpros2_msg/include/mpros2_msg/mpros2_msg/msg/detail/hand_point__description.c
-- Up-to-date: /home/lairlab-squirtle/mpros2-docker/install/mpros2_msg/include/mpros2_msg/mpros2_msg/msg/detail/face_mesh_point__description.c
-- Up-to-date: /home/lairlab-squirtle/mpros2-docker/install/mpros2_msg/include/mpros2_msg/mpros2_msg/msg/detail/hand_point__struct.h
-- Up-to-date: /home/lairlab-squirtle/mpros2-docker/install/mpros2_msg/include/mpros2_msg/mpros2_msg/msg/detail/pose_point__description.c
-- Up-to-date: /home/lairlab-squirtle/mpros2-docker/install/mpros2_msg/include/mpros2_msg/mpros2_msg/msg/detail/face_mesh_point__type_support.h
-- Up-to-date: /home/lairlab-squirtle/mpros2-docker/install/mpros2_msg/include/mpros2_msg/mpros2_msg/msg/face_mesh_point.h
-- Up-to-date: /home/lairlab-squirtle/mpros2-docker/install/mpros2_msg/include/mpros2_msg/mpros2_msg/msg/media_pipe_human_hand.h
-- Up-to-date: /home/lairlab-squirtle/mpros2-docker/install/mpros2_msg/share/mpros2_msg/environment/library_path.sh
-- Up-to-date: /home/lairlab-squirtle/mpros2-docker/install/mpros2_msg/share/mpros2_msg/environment/library_path.dsv
-- Up-to-date: /home/lairlab-squirtle/mpros2-docker/install/mpros2_msg/lib/libmpros2_msg__rosidl_generator_c.so
-- Up-to-date: /home/lairlab-squirtle/mpros2-docker/install/mpros2_msg/include/mpros2_msg/mpros2_msg
-- Up-to-date: /home/lairlab-squirtle/mpros2-docker/install/mpros2_msg/include/mpros2_msg/mpros2_msg/msg
-- Up-to-date: /home/lairlab-squirtle/mpros2-docker/install/mpros2_msg/include/mpros2_msg/mpros2_msg/msg/detail
-- Up-to-date: /home/lairlab-squirtle/mpros2-docker/install/mpros2_msg/include/mpros2_msg/mpros2_msg/msg/detail/media_pipe_human_holistic_list__rosidl_typesupport_fastrtps_c.h
-- Up-to-date: /home/lairlab-squirtle/mpros2-docker/install/mpros2_msg/include/mpros2_msg/mpros2_msg/msg/detail/media_pipe_human_face_mesh_list__rosidl_typesupport_fastrtps_c.h
-- Up-to-date: /home/lairlab-squirtle/mpros2-docker/install/mpros2_msg/include/mpros2_msg/mpros2_msg/msg/detail/media_pipe_human_hand_list__rosidl_typesupport_fastrtps_c.h
-- Up-to-date: /home/lairlab-squirtle/mpros2-docker/install/mpros2_msg/include/mpros2_msg/mpros2_msg/msg/detail/media_pipe_human_hand__rosidl_typesupport_fastrtps_c.h
-- Up-to-date: /home/lairlab-squirtle/mpros2-docker/install/mpros2_msg/include/mpros2_msg/mpros2_msg/msg/detail/face_mesh_point__rosidl_typesupport_fastrtps_c.h
-- Up-to-date: /home/lairlab-squirtle/mpros2-docker/install/mpros2_msg/include/mpros2_msg/mpros2_msg/msg/detail/media_pipe_human_pose_list__rosidl_typesupport_fastrtps_c.h
-- Up-to-date: /home/lairlab-squirtle/mpros2-docker/install/mpros2_msg/include/mpros2_msg/mpros2_msg/msg/detail/hand_point__rosidl_typesupport_fastrtps_c.h
-- Up-to-date: /home/lairlab-squirtle/mpros2-docker/install/mpros2_msg/include/mpros2_msg/mpros2_msg/msg/detail/pose_point__rosidl_typesupport_fastrtps_c.h
-- Up-to-date: /home/lairlab-squirtle/mpros2-docker/install/mpros2_msg/include/mpros2_msg/mpros2_msg/msg/rosidl_typesupport_fastrtps_c__visibility_control.h
-- Up-to-date: /home/lairlab-squirtle/mpros2-docker/install/mpros2_msg/lib/libmpros2_msg__rosidl_typesupport_fastrtps_c.so
-- Up-to-date: /home/lairlab-squirtle/mpros2-docker/install/mpros2_msg/include/mpros2_msg/mpros2_msg
-- Up-to-date: /home/lairlab-squirtle/mpros2-docker/install/mpros2_msg/include/mpros2_msg/mpros2_msg/msg
-- Up-to-date: /home/lairlab-squirtle/mpros2-docker/install/mpros2_msg/include/mpros2_msg/mpros2_msg/msg/rosidl_typesupport_introspection_c__visibility_control.h
-- Up-to-date: /home/lairlab-squirtle/mpros2-docker/install/mpros2_msg/include/mpros2_msg/mpros2_msg/msg/detail
-- Up-to-date: /home/lairlab-squirtle/mpros2-docker/install/mpros2_msg/include/mpros2_msg/mpros2_msg/msg/detail/face_mesh_point__rosidl_typesupport_introspection_c.h
-- Up-to-date: /home/lairlab-squirtle/mpros2-docker/install/mpros2_msg/include/mpros2_msg/mpros2_msg/msg/detail/media_pipe_human_hand_list__rosidl_typesupport_introspection_c.h
-- Installing: /home/lairlab-squirtle/mpros2-docker/install/mpros2_msg/include/mpros2_msg/mpros2_msg/msg/detail/pose_point__type_support.c
-- Up-to-date: /home/lairlab-squirtle/mpros2-docker/install/mpros2_msg/include/mpros2_msg/mpros2_msg/msg/detail/media_pipe_human_hand__rosidl_typesupport_introspection_c.h
-- Up-to-date: /home/lairlab-squirtle/mpros2-docker/install/mpros2_msg/include/mpros2_msg/mpros2_msg/msg/detail/media_pipe_human_face_mesh_list__rosidl_typesupport_introspection_c.h
-- Installing: /home/lairlab-squirtle/mpros2-docker/install/mpros2_msg/include/mpros2_msg/mpros2_msg/msg/detail/face_mesh_point__type_support.c
-- Installing: /home/lairlab-squirtle/mpros2-docker/install/mpros2_msg/include/mpros2_msg/mpros2_msg/msg/detail/media_pipe_human_holistic_list__type_support.c
-- Installing: /home/lairlab-squirtle/mpros2-docker/install/mpros2_msg/include/mpros2_msg/mpros2_msg/msg/detail/media_pipe_human_pose_list__type_support.c
-- Installing: /home/lairlab-squirtle/mpros2-docker/install/mpros2_msg/include/mpros2_msg/mpros2_msg/msg/detail/media_pipe_human_hand__type_support.c
-- Installing: /home/lairlab-squirtle/mpros2-docker/install/mpros2_msg/include/mpros2_msg/mpros2_msg/msg/detail/media_pipe_human_hand_list__type_support.c
-- Up-to-date: /home/lairlab-squirtle/mpros2-docker/install/mpros2_msg/include/mpros2_msg/mpros2_msg/msg/detail/media_pipe_human_holistic_list__rosidl_typesupport_introspection_c.h
-- Up-to-date: /home/lairlab-squirtle/mpros2-docker/install/mpros2_msg/include/mpros2_msg/mpros2_msg/msg/detail/hand_point__rosidl_typesupport_introspection_c.h
-- Installing: /home/lairlab-squirtle/mpros2-docker/install/mpros2_msg/include/mpros2_msg/mpros2_msg/msg/detail/media_pipe_human_face_mesh_list__type_support.c
-- Installing: /home/lairlab-squirtle/mpros2-docker/install/mpros2_msg/include/mpros2_msg/mpros2_msg/msg/detail/hand_point__type_support.c
-- Up-to-date: /home/lairlab-squirtle/mpros2-docker/install/mpros2_msg/include/mpros2_msg/mpros2_msg/msg/detail/media_pipe_human_pose_list__rosidl_typesupport_introspection_c.h
-- Up-to-date: /home/lairlab-squirtle/mpros2-docker/install/mpros2_msg/include/mpros2_msg/mpros2_msg/msg/detail/pose_point__rosidl_typesupport_introspection_c.h
-- Up-to-date: /home/lairlab-squirtle/mpros2-docker/install/mpros2_msg/lib/libmpros2_msg__rosidl_typesupport_introspection_c.so
-- Up-to-date: /home/lairlab-squirtle/mpros2-docker/install/mpros2_msg/lib/libmpros2_msg__rosidl_typesupport_c.so
-- Up-to-date: /home/lairlab-squirtle/mpros2-docker/install/mpros2_msg/include/mpros2_msg/mpros2_msg
-- Up-to-date: /home/lairlab-squirtle/mpros2-docker/install/mpros2_msg/include/mpros2_msg/mpros2_msg/msg
-- Up-to-date: /home/lairlab-squirtle/mpros2-docker/install/mpros2_msg/include/mpros2_msg/mpros2_msg/msg/pose_point.hpp
-- Up-to-date: /home/lairlab-squirtle/mpros2-docker/install/mpros2_msg/include/mpros2_msg/mpros2_msg/msg/media_pipe_human_holistic_list.hpp
-- Up-to-date: /home/lairlab-squirtle/mpros2-docker/install/mpros2_msg/include/mpros2_msg/mpros2_msg/msg/media_pipe_human_hand.hpp
-- Up-to-date: /home/lairlab-squirtle/mpros2-docker/install/mpros2_msg/include/mpros2_msg/mpros2_msg/msg/face_mesh_point.hpp
-- Up-to-date: /home/lairlab-squirtle/mpros2-docker/install/mpros2_msg/include/mpros2_msg/mpros2_msg/msg/media_pipe_human_hand_list.hpp
-- Up-to-date: /home/lairlab-squirtle/mpros2-docker/install/mpros2_msg/include/mpros2_msg/mpros2_msg/msg/rosidl_generator_cpp__visibility_control.hpp
-- Up-to-date: /home/lairlab-squirtle/mpros2-docker/install/mpros2_msg/include/mpros2_msg/mpros2_msg/msg/detail
-- Up-to-date: /home/lairlab-squirtle/mpros2-docker/install/mpros2_msg/include/mpros2_msg/mpros2_msg/msg/detail/media_pipe_human_pose_list__builder.hpp
-- Up-to-date: /home/lairlab-squirtle/mpros2-docker/install/mpros2_msg/include/mpros2_msg/mpros2_msg/msg/detail/media_pipe_human_holistic_list__struct.hpp
-- Up-to-date: /home/lairlab-squirtle/mpros2-docker/install/mpros2_msg/include/mpros2_msg/mpros2_msg/msg/detail/media_pipe_human_holistic_list__traits.hpp
-- Up-to-date: /home/lairlab-squirtle/mpros2-docker/install/mpros2_msg/include/mpros2_msg/mpros2_msg/msg/detail/media_pipe_human_holistic_list__builder.hpp
-- Up-to-date: /home/lairlab-squirtle/mpros2-docker/install/mpros2_msg/include/mpros2_msg/mpros2_msg/msg/detail/media_pipe_human_hand_list__type_support.hpp
-- Up-to-date: /home/lairlab-squirtle/mpros2-docker/install/mpros2_msg/include/mpros2_msg/mpros2_msg/msg/detail/pose_point__traits.hpp
-- Up-to-date: /home/lairlab-squirtle/mpros2-docker/install/mpros2_msg/include/mpros2_msg/mpros2_msg/msg/detail/media_pipe_human_pose_list__struct.hpp
-- Up-to-date: /home/lairlab-squirtle/mpros2-docker/install/mpros2_msg/include/mpros2_msg/mpros2_msg/msg/detail/media_pipe_human_hand_list__builder.hpp
-- Up-to-date: /home/lairlab-squirtle/mpros2-docker/install/mpros2_msg/include/mpros2_msg/mpros2_msg/msg/detail/face_mesh_point__type_support.hpp
-- Up-to-date: /home/lairlab-squirtle/mpros2-docker/install/mpros2_msg/include/mpros2_msg/mpros2_msg/msg/detail/pose_point__type_support.hpp
-- Up-to-date: /home/lairlab-squirtle/mpros2-docker/install/mpros2_msg/include/mpros2_msg/mpros2_msg/msg/detail/hand_point__struct.hpp
-- Up-to-date: /home/lairlab-squirtle/mpros2-docker/install/mpros2_msg/include/mpros2_msg/mpros2_msg/msg/detail/face_mesh_point__builder.hpp
-- Up-to-date: /home/lairlab-squirtle/mpros2-docker/install/mpros2_msg/include/mpros2_msg/mpros2_msg/msg/detail/hand_point__type_support.hpp
-- Up-to-date: /home/lairlab-squirtle/mpros2-docker/install/mpros2_msg/include/mpros2_msg/mpros2_msg/msg/detail/media_pipe_human_hand__type_support.hpp
-- Up-to-date: /home/lairlab-squirtle/mpros2-docker/install/mpros2_msg/include/mpros2_msg/mpros2_msg/msg/detail/hand_point__traits.hpp
-- Up-to-date: /home/lairlab-squirtle/mpros2-docker/install/mpros2_msg/include/mpros2_msg/mpros2_msg/msg/detail/pose_point__struct.hpp
-- Up-to-date: /home/lairlab-squirtle/mpros2-docker/install/mpros2_msg/include/mpros2_msg/mpros2_msg/msg/detail/media_pipe_human_pose_list__type_support.hpp
-- Up-to-date: /home/lairlab-squirtle/mpros2-docker/install/mpros2_msg/include/mpros2_msg/mpros2_msg/msg/detail/media_pipe_human_hand__builder.hpp
-- Up-to-date: /home/lairlab-squirtle/mpros2-docker/install/mpros2_msg/include/mpros2_msg/mpros2_msg/msg/detail/media_pipe_human_hand__traits.hpp
-- Up-to-date: /home/lairlab-squirtle/mpros2-docker/install/mpros2_msg/include/mpros2_msg/mpros2_msg/msg/detail/media_pipe_human_hand__struct.hpp
-- Up-to-date: /home/lairlab-squirtle/mpros2-docker/install/mpros2_msg/include/mpros2_msg/mpros2_msg/msg/detail/media_pipe_human_hand_list__traits.hpp
-- Up-to-date: /home/lairlab-squirtle/mpros2-docker/install/mpros2_msg/include/mpros2_msg/mpros2_msg/msg/detail/pose_point__builder.hpp
-- Up-to-date: /home/lairlab-squirtle/mpros2-docker/install/mpros2_msg/include/mpros2_msg/mpros2_msg/msg/detail/media_pipe_human_hand_list__struct.hpp
-- Up-to-date: /home/lairlab-squirtle/mpros2-docker/install/mpros2_msg/include/mpros2_msg/mpros2_msg/msg/detail/media_pipe_human_face_mesh_list__builder.hpp
-- Up-to-date: /home/lairlab-squirtle/mpros2-docker/install/mpros2_msg/include/mpros2_msg/mpros2_msg/msg/detail/media_pipe_human_face_mesh_list__traits.hpp
-- Up-to-date: /home/lairlab-squirtle/mpros2-docker/install/mpros2_msg/include/mpros2_msg/mpros2_msg/msg/detail/hand_point__builder.hpp
-- Up-to-date: /home/lairlab-squirtle/mpros2-docker/install/mpros2_msg/include/mpros2_msg/mpros2_msg/msg/detail/media_pipe_human_face_mesh_list__type_support.hpp
-- Up-to-date: /home/lairlab-squirtle/mpros2-docker/install/mpros2_msg/include/mpros2_msg/mpros2_msg/msg/detail/media_pipe_human_holistic_list__type_support.hpp
-- Up-to-date: /home/lairlab-squirtle/mpros2-docker/install/mpros2_msg/include/mpros2_msg/mpros2_msg/msg/detail/media_pipe_human_face_mesh_list__struct.hpp
-- Up-to-date: /home/lairlab-squirtle/mpros2-docker/install/mpros2_msg/include/mpros2_msg/mpros2_msg/msg/detail/face_mesh_point__traits.hpp
-- Up-to-date: /home/lairlab-squirtle/mpros2-docker/install/mpros2_msg/include/mpros2_msg/mpros2_msg/msg/detail/media_pipe_human_pose_list__traits.hpp
-- Up-to-date: /home/lairlab-squirtle/mpros2-docker/install/mpros2_msg/include/mpros2_msg/mpros2_msg/msg/detail/face_mesh_point__struct.hpp
-- Up-to-date: /home/lairlab-squirtle/mpros2-docker/install/mpros2_msg/include/mpros2_msg/mpros2_msg/msg/media_pipe_human_face_mesh_list.hpp
-- Up-to-date: /home/lairlab-squirtle/mpros2-docker/install/mpros2_msg/include/mpros2_msg/mpros2_msg/msg/media_pipe_human_pose_list.hpp
-- Up-to-date: /home/lairlab-squirtle/mpros2-docker/install/mpros2_msg/include/mpros2_msg/mpros2_msg/msg/hand_point.hpp
-- Up-to-date: /home/lairlab-squirtle/mpros2-docker/install/mpros2_msg/include/mpros2_msg/mpros2_msg
-- Up-to-date: /home/lairlab-squirtle/mpros2-docker/install/mpros2_msg/include/mpros2_msg/mpros2_msg/msg
-- Up-to-date: /home/lairlab-squirtle/mpros2-docker/install/mpros2_msg/include/mpros2_msg/mpros2_msg/msg/rosidl_typesupport_fastrtps_cpp__visibility_control.h
-- Up-to-date: /home/lairlab-squirtle/mpros2-docker/install/mpros2_msg/include/mpros2_msg/mpros2_msg/msg/detail
-- Up-to-date: /home/lairlab-squirtle/mpros2-docker/install/mpros2_msg/include/mpros2_msg/mpros2_msg/msg/detail/media_pipe_human_holistic_list__rosidl_typesupport_fastrtps_cpp.hpp
-- Up-to-date: /home/lairlab-squirtle/mpros2-docker/install/mpros2_msg/include/mpros2_msg/mpros2_msg/msg/detail/pose_point__rosidl_typesupport_fastrtps_cpp.hpp
-- Up-to-date: /home/lairlab-squirtle/mpros2-docker/install/mpros2_msg/include/mpros2_msg/mpros2_msg/msg/detail/dds_fastrtps
-- Up-to-date: /home/lairlab-squirtle/mpros2-docker/install/mpros2_msg/include/mpros2_msg/mpros2_msg/msg/detail/hand_point__rosidl_typesupport_fastrtps_cpp.hpp
-- Up-to-date: /home/lairlab-squirtle/mpros2-docker/install/mpros2_msg/include/mpros2_msg/mpros2_msg/msg/detail/media_pipe_human_face_mesh_list__rosidl_typesupport_fastrtps_cpp.hpp
-- Up-to-date: /home/lairlab-squirtle/mpros2-docker/install/mpros2_msg/include/mpros2_msg/mpros2_msg/msg/detail/media_pipe_human_hand_list__rosidl_typesupport_fastrtps_cpp.hpp
-- Up-to-date: /home/lairlab-squirtle/mpros2-docker/install/mpros2_msg/include/mpros2_msg/mpros2_msg/msg/detail/media_pipe_human_hand__rosidl_typesupport_fastrtps_cpp.hpp
-- Up-to-date: /home/lairlab-squirtle/mpros2-docker/install/mpros2_msg/include/mpros2_msg/mpros2_msg/msg/detail/face_mesh_point__rosidl_typesupport_fastrtps_cpp.hpp
-- Up-to-date: /home/lairlab-squirtle/mpros2-docker/install/mpros2_msg/include/mpros2_msg/mpros2_msg/msg/detail/media_pipe_human_pose_list__rosidl_typesupport_fastrtps_cpp.hpp
-- Up-to-date: /home/lairlab-squirtle/mpros2-docker/install/mpros2_msg/lib/libmpros2_msg__rosidl_typesupport_fastrtps_cpp.so
-- Up-to-date: /home/lairlab-squirtle/mpros2-docker/install/mpros2_msg/include/mpros2_msg/mpros2_msg
-- Up-to-date: /home/lairlab-squirtle/mpros2-docker/install/mpros2_msg/include/mpros2_msg/mpros2_msg/msg
-- Up-to-date: /home/lairlab-squirtle/mpros2-docker/install/mpros2_msg/include/mpros2_msg/mpros2_msg/msg/detail
-- Up-to-date: /home/lairlab-squirtle/mpros2-docker/install/mpros2_msg/include/mpros2_msg/mpros2_msg/msg/detail/media_pipe_human_hand__rosidl_typesupport_introspection_cpp.hpp
-- Up-to-date: /home/lairlab-squirtle/mpros2-docker/install/mpros2_msg/include/mpros2_msg/mpros2_msg/msg/detail/pose_point__rosidl_typesupport_introspection_cpp.hpp
-- Up-to-date: /home/lairlab-squirtle/mpros2-docker/install/mpros2_msg/include/mpros2_msg/mpros2_msg/msg/detail/media_pipe_human_pose_list__rosidl_typesupport_introspection_cpp.hpp
-- Up-to-date: /home/lairlab-squirtle/mpros2-docker/install/mpros2_msg/include/mpros2_msg/mpros2_msg/msg/detail/hand_point__type_support.cpp
-- Up-to-date: /home/lairlab-squirtle/mpros2-docker/install/mpros2_msg/include/mpros2_msg/mpros2_msg/msg/detail/media_pipe_human_holistic_list__rosidl_typesupport_introspection_cpp.hpp
-- Up-to-date: /home/lairlab-squirtle/mpros2-docker/install/mpros2_msg/include/mpros2_msg/mpros2_msg/msg/detail/pose_point__type_support.cpp
-- Up-to-date: /home/lairlab-squirtle/mpros2-docker/install/mpros2_msg/include/mpros2_msg/mpros2_msg/msg/detail/media_pipe_human_pose_list__type_support.cpp
-- Up-to-date: /home/lairlab-squirtle/mpros2-docker/install/mpros2_msg/include/mpros2_msg/mpros2_msg/msg/detail/media_pipe_human_hand__type_support.cpp
-- Up-to-date: /home/lairlab-squirtle/mpros2-docker/install/mpros2_msg/include/mpros2_msg/mpros2_msg/msg/detail/media_pipe_human_face_mesh_list__rosidl_typesupport_introspection_cpp.hpp
-- Up-to-date: /home/lairlab-squirtle/mpros2-docker/install/mpros2_msg/include/mpros2_msg/mpros2_msg/msg/detail/media_pipe_human_face_mesh_list__type_support.cpp
-- Up-to-date: /home/lairlab-squirtle/mpros2-docker/install/mpros2_msg/include/mpros2_msg/mpros2_msg/msg/detail/hand_point__rosidl_typesupport_introspection_cpp.hpp
-- Up-to-date: /home/lairlab-squirtle/mpros2-docker/install/mpros2_msg/include/mpros2_msg/mpros2_msg/msg/detail/media_pipe_human_hand_list__type_support.cpp
-- Up-to-date: /home/lairlab-squirtle/mpros2-docker/install/mpros2_msg/include/mpros2_msg/mpros2_msg/msg/detail/face_mesh_point__type_support.cpp
-- Up-to-date: /home/lairlab-squirtle/mpros2-docker/install/mpros2_msg/include/mpros2_msg/mpros2_msg/msg/detail/media_pipe_human_holistic_list__type_support.cpp
-- Up-to-date: /home/lairlab-squirtle/mpros2-docker/install/mpros2_msg/include/mpros2_msg/mpros2_msg/msg/detail/face_mesh_point__rosidl_typesupport_introspection_cpp.hpp
-- Up-to-date: /home/lairlab-squirtle/mpros2-docker/install/mpros2_msg/include/mpros2_msg/mpros2_msg/msg/detail/media_pipe_human_hand_list__rosidl_typesupport_introspection_cpp.hpp
-- Up-to-date: /home/lairlab-squirtle/mpros2-docker/install/mpros2_msg/lib/libmpros2_msg__rosidl_typesupport_introspection_cpp.so
-- Up-to-date: /home/lairlab-squirtle/mpros2-docker/install/mpros2_msg/lib/libmpros2_msg__rosidl_typesupport_cpp.so
-- Up-to-date: /home/lairlab-squirtle/mpros2-docker/install/mpros2_msg/share/mpros2_msg/environment/pythonpath.sh
-- Up-to-date: /home/lairlab-squirtle/mpros2-docker/install/mpros2_msg/share/mpros2_msg/environment/pythonpath.dsv
-- Up-to-date: /home/lairlab-squirtle/mpros2-docker/install/mpros2_msg/lib/python3.12/site-packages/mpros2_msg-0.0.0-py3.12.egg-info
-- Installing: /home/lairlab-squirtle/mpros2-docker/install/mpros2_msg/lib/python3.12/site-packages/mpros2_msg-0.0.0-py3.12.egg-info/top_level.txt
-- Installing: /home/lairlab-squirtle/mpros2-docker/install/mpros2_msg/lib/python3.12/site-packages/mpros2_msg-0.0.0-py3.12.egg-info/dependency_links.txt
-- Installing: /home/lairlab-squirtle/mpros2-docker/install/mpros2_msg/lib/python3.12/site-packages/mpros2_msg-0.0.0-py3.12.egg-info/SOURCES.txt
-- Installing: /home/lairlab-squirtle/mpros2-docker/install/mpros2_msg/lib/python3.12/site-packages/mpros2_msg-0.0.0-py3.12.egg-info/PKG-INFO
-- Up-to-date: /home/lairlab-squirtle/mpros2-docker/install/mpros2_msg/lib/python3.12/site-packages/mpros2_msg
-- Up-to-date: /home/lairlab-squirtle/mpros2-docker/install/mpros2_msg/lib/python3.12/site-packages/mpros2_msg/mpros2_msg_s__rosidl_typesupport_c.so
-- Up-to-date: /home/lairlab-squirtle/mpros2-docker/install/mpros2_msg/lib/python3.12/site-packages/mpros2_msg/_mpros2_msg_s.ep.rosidl_typesupport_introspection_c.c
-- Up-to-date: /home/lairlab-squirtle/mpros2-docker/install/mpros2_msg/lib/python3.12/site-packages/mpros2_msg/__init__.py
-- Up-to-date: /home/lairlab-squirtle/mpros2-docker/install/mpros2_msg/lib/python3.12/site-packages/mpros2_msg/_mpros2_msg_s.ep.rosidl_typesupport_fastrtps_c.c
-- Up-to-date: /home/lairlab-squirtle/mpros2-docker/install/mpros2_msg/lib/python3.12/site-packages/mpros2_msg/mpros2_msg_s__rosidl_typesupport_introspection_c.so
-- Up-to-date: /home/lairlab-squirtle/mpros2-docker/install/mpros2_msg/lib/python3.12/site-packages/mpros2_msg/mpros2_msg_s__rosidl_typesupport_fastrtps_c.so
-- Up-to-date: /home/lairlab-squirtle/mpros2-docker/install/mpros2_msg/lib/python3.12/site-packages/mpros2_msg/_mpros2_msg_s.ep.rosidl_typesupport_c.c
-- Up-to-date: /home/lairlab-squirtle/mpros2-docker/install/mpros2_msg/lib/python3.12/site-packages/mpros2_msg/msg
-- Up-to-date: /home/lairlab-squirtle/mpros2-docker/install/mpros2_msg/lib/python3.12/site-packages/mpros2_msg/msg/_media_pipe_human_holistic_list_s.c
-- Up-to-date: /home/lairlab-squirtle/mpros2-docker/install/mpros2_msg/lib/python3.12/site-packages/mpros2_msg/msg/_pose_point.py
-- Up-to-date: /home/lairlab-squirtle/mpros2-docker/install/mpros2_msg/lib/python3.12/site-packages/mpros2_msg/msg/_pose_point_s.c
-- Up-to-date: /home/lairlab-squirtle/mpros2-docker/install/mpros2_msg/lib/python3.12/site-packages/mpros2_msg/msg/_media_pipe_human_face_mesh_list.py
-- Up-to-date: /home/lairlab-squirtle/mpros2-docker/install/mpros2_msg/lib/python3.12/site-packages/mpros2_msg/msg/_media_pipe_human_pose_list.py
-- Up-to-date: /home/lairlab-squirtle/mpros2-docker/install/mpros2_msg/lib/python3.12/site-packages/mpros2_msg/msg/_media_pipe_human_hand_s.c
-- Up-to-date: /home/lairlab-squirtle/mpros2-docker/install/mpros2_msg/lib/python3.12/site-packages/mpros2_msg/msg/_media_pipe_human_hand_list_s.c
-- Up-to-date: /home/lairlab-squirtle/mpros2-docker/install/mpros2_msg/lib/python3.12/site-packages/mpros2_msg/msg/_media_pipe_human_hand.py
-- Up-to-date: /home/lairlab-squirtle/mpros2-docker/install/mpros2_msg/lib/python3.12/site-packages/mpros2_msg/msg/_media_pipe_human_holistic_list.py
-- Up-to-date: /home/lairlab-squirtle/mpros2-docker/install/mpros2_msg/lib/python3.12/site-packages/mpros2_msg/msg/__init__.py
-- Up-to-date: /home/lairlab-squirtle/mpros2-docker/install/mpros2_msg/lib/python3.12/site-packages/mpros2_msg/msg/_hand_point_s.c
-- Up-to-date: /home/lairlab-squirtle/mpros2-docker/install/mpros2_msg/lib/python3.12/site-packages/mpros2_msg/msg/_hand_point.py
-- Up-to-date: /home/lairlab-squirtle/mpros2-docker/install/mpros2_msg/lib/python3.12/site-packages/mpros2_msg/msg/_media_pipe_human_pose_list_s.c
-- Up-to-date: /home/lairlab-squirtle/mpros2-docker/install/mpros2_msg/lib/python3.12/site-packages/mpros2_msg/msg/_face_mesh_point_s.c
-- Up-to-date: /home/lairlab-squirtle/mpros2-docker/install/mpros2_msg/lib/python3.12/site-packages/mpros2_msg/msg/_media_pipe_human_hand_list.py
-- Up-to-date: /home/lairlab-squirtle/mpros2-docker/install/mpros2_msg/lib/python3.12/site-packages/mpros2_msg/msg/_face_mesh_point.py
-- Up-to-date: /home/lairlab-squirtle/mpros2-docker/install/mpros2_msg/lib/python3.12/site-packages/mpros2_msg/msg/_media_pipe_human_face_mesh_list_s.c
Listing '/home/lairlab-squirtle/mpros2-docker/install/mpros2_msg/lib/python3.12/site-packages/mpros2_msg'...
Listing '/home/lairlab-squirtle/mpros2-docker/install/mpros2_msg/lib/python3.12/site-packages/mpros2_msg/msg'...
-- Up-to-date: /home/lairlab-squirtle/mpros2-docker/install/mpros2_msg/lib/python3.12/site-packages/mpros2_msg/mpros2_msg_s__rosidl_typesupport_fastrtps_c.so
-- Up-to-date: /home/lairlab-squirtle/mpros2-docker/install/mpros2_msg/lib/python3.12/site-packages/mpros2_msg/mpros2_msg_s__rosidl_typesupport_introspection_c.so
-- Up-to-date: /home/lairlab-squirtle/mpros2-docker/install/mpros2_msg/lib/python3.12/site-packages/mpros2_msg/mpros2_msg_s__rosidl_typesupport_c.so
-- Up-to-date: /home/lairlab-squirtle/mpros2-docker/install/mpros2_msg/lib/libmpros2_msg__rosidl_generator_py.so
-- Up-to-date: /home/lairlab-squirtle/mpros2-docker/install/mpros2_msg/share/mpros2_msg/msg/HandPoint.idl
-- Up-to-date: /home/lairlab-squirtle/mpros2-docker/install/mpros2_msg/share/mpros2_msg/msg/MediaPipeHumanHand.idl
-- Up-to-date: /home/lairlab-squirtle/mpros2-docker/install/mpros2_msg/share/mpros2_msg/msg/MediaPipeHumanHandList.idl
-- Up-to-date: /home/lairlab-squirtle/mpros2-docker/install/mpros2_msg/share/mpros2_msg/msg/PosePoint.idl
-- Up-to-date: /home/lairlab-squirtle/mpros2-docker/install/mpros2_msg/share/mpros2_msg/msg/MediaPipeHumanPoseList.idl
-- Up-to-date: /home/lairlab-squirtle/mpros2-docker/install/mpros2_msg/share/mpros2_msg/msg/FaceMeshPoint.idl
-- Up-to-date: /home/lairlab-squirtle/mpros2-docker/install/mpros2_msg/share/mpros2_msg/msg/MediaPipeHumanFaceMeshList.idl
-- Up-to-date: /home/lairlab-squirtle/mpros2-docker/install/mpros2_msg/share/mpros2_msg/msg/MediaPipeHumanHolisticList.idl
-- Up-to-date: /home/lairlab-squirtle/mpros2-docker/install/mpros2_msg/share/mpros2_msg/msg/HandPoint.msg
-- Up-to-date: /home/lairlab-squirtle/mpros2-docker/install/mpros2_msg/share/mpros2_msg/msg/MediaPipeHumanHand.msg
-- Up-to-date: /home/lairlab-squirtle/mpros2-docker/install/mpros2_msg/share/mpros2_msg/msg/MediaPipeHumanHandList.msg
-- Up-to-date: /home/lairlab-squirtle/mpros2-docker/install/mpros2_msg/share/mpros2_msg/msg/PosePoint.msg
-- Up-to-date: /home/lairlab-squirtle/mpros2-docker/install/mpros2_msg/share/mpros2_msg/msg/MediaPipeHumanPoseList.msg
-- Up-to-date: /home/lairlab-squirtle/mpros2-docker/install/mpros2_msg/share/mpros2_msg/msg/FaceMeshPoint.msg
-- Up-to-date: /home/lairlab-squirtle/mpros2-docker/install/mpros2_msg/share/mpros2_msg/msg/MediaPipeHumanFaceMeshList.msg
-- Up-to-date: /home/lairlab-squirtle/mpros2-docker/install/mpros2_msg/share/mpros2_msg/msg/MediaPipeHumanHolisticList.msg
-- Up-to-date: /home/lairlab-squirtle/mpros2-docker/install/mpros2_msg/share/ament_index/resource_index/package_run_dependencies/mpros2_msg
-- Up-to-date: /home/lairlab-squirtle/mpros2-docker/install/mpros2_msg/share/ament_index/resource_index/parent_prefix_path/mpros2_msg
-- Up-to-date: /home/lairlab-squirtle/mpros2-docker/install/mpros2_msg/share/mpros2_msg/environment/ament_prefix_path.sh
-- Up-to-date: /home/lairlab-squirtle/mpros2-docker/install/mpros2_msg/share/mpros2_msg/environment/ament_prefix_path.dsv
-- Up-to-date: /home/lairlab-squirtle/mpros2-docker/install/mpros2_msg/share/mpros2_msg/environment/path.sh
-- Up-to-date: /home/lairlab-squirtle/mpros2-docker/install/mpros2_msg/share/mpros2_msg/environment/path.dsv
-- Up-to-date: /home/lairlab-squirtle/mpros2-docker/install/mpros2_msg/share/mpros2_msg/local_setup.bash
-- Up-to-date: /home/lairlab-squirtle/mpros2-docker/install/mpros2_msg/share/mpros2_msg/local_setup.sh
-- Up-to-date: /home/lairlab-squirtle/mpros2-docker/install/mpros2_msg/share/mpros2_msg/local_setup.zsh
-- Up-to-date: /home/lairlab-squirtle/mpros2-docker/install/mpros2_msg/share/mpros2_msg/local_setup.dsv
-- Installing: /home/lairlab-squirtle/mpros2-docker/install/mpros2_msg/share/mpros2_msg/package.dsv
-- Up-to-date: /home/lairlab-squirtle/mpros2-docker/install/mpros2_msg/share/ament_index/resource_index/packages/mpros2_msg
-- Up-to-date: /home/lairlab-squirtle/mpros2-docker/install/mpros2_msg/share/mpros2_msg/cmake/export_mpros2_msg__rosidl_generator_cExport.cmake
-- Up-to-date: /home/lairlab-squirtle/mpros2-docker/install/mpros2_msg/share/mpros2_msg/cmake/export_mpros2_msg__rosidl_generator_cExport-noconfig.cmake
-- Up-to-date: /home/lairlab-squirtle/mpros2-docker/install/mpros2_msg/share/mpros2_msg/cmake/export_mpros2_msg__rosidl_typesupport_fastrtps_cExport.cmake
-- Up-to-date: /home/lairlab-squirtle/mpros2-docker/install/mpros2_msg/share/mpros2_msg/cmake/export_mpros2_msg__rosidl_typesupport_fastrtps_cExport-noconfig.cmake
-- Up-to-date: /home/lairlab-squirtle/mpros2-docker/install/mpros2_msg/share/mpros2_msg/cmake/mpros2_msg__rosidl_typesupport_introspection_cExport.cmake
-- Up-to-date: /home/lairlab-squirtle/mpros2-docker/install/mpros2_msg/share/mpros2_msg/cmake/mpros2_msg__rosidl_typesupport_introspection_cExport-noconfig.cmake
-- Up-to-date: /home/lairlab-squirtle/mpros2-docker/install/mpros2_msg/share/mpros2_msg/cmake/mpros2_msg__rosidl_typesupport_cExport.cmake
-- Up-to-date: /home/lairlab-squirtle/mpros2-docker/install/mpros2_msg/share/mpros2_msg/cmake/mpros2_msg__rosidl_typesupport_cExport-noconfig.cmake
-- Up-to-date: /home/lairlab-squirtle/mpros2-docker/install/mpros2_msg/share/mpros2_msg/cmake/export_mpros2_msg__rosidl_generator_cppExport.cmake
-- Up-to-date: /home/lairlab-squirtle/mpros2-docker/install/mpros2_msg/share/mpros2_msg/cmake/export_mpros2_msg__rosidl_typesupport_fastrtps_cppExport.cmake
-- Up-to-date: /home/lairlab-squirtle/mpros2-docker/install/mpros2_msg/share/mpros2_msg/cmake/export_mpros2_msg__rosidl_typesupport_fastrtps_cppExport-noconfig.cmake
-- Up-to-date: /home/lairlab-squirtle/mpros2-docker/install/mpros2_msg/share/mpros2_msg/cmake/mpros2_msg__rosidl_typesupport_introspection_cppExport.cmake
-- Up-to-date: /home/lairlab-squirtle/mpros2-docker/install/mpros2_msg/share/mpros2_msg/cmake/mpros2_msg__rosidl_typesupport_introspection_cppExport-noconfig.cmake
-- Up-to-date: /home/lairlab-squirtle/mpros2-docker/install/mpros2_msg/share/mpros2_msg/cmake/mpros2_msg__rosidl_typesupport_cppExport.cmake
-- Up-to-date: /home/lairlab-squirtle/mpros2-docker/install/mpros2_msg/share/mpros2_msg/cmake/mpros2_msg__rosidl_typesupport_cppExport-noconfig.cmake
-- Up-to-date: /home/lairlab-squirtle/mpros2-docker/install/mpros2_msg/share/mpros2_msg/cmake/export_mpros2_msg__rosidl_generator_pyExport.cmake
-- Up-to-date: /home/lairlab-squirtle/mpros2-docker/install/mpros2_msg/share/mpros2_msg/cmake/export_mpros2_msg__rosidl_generator_pyExport-noconfig.cmake
-- Up-to-date: /home/lairlab-squirtle/mpros2-docker/install/mpros2_msg/share/mpros2_msg/cmake/rosidl_cmake-extras.cmake
-- Up-to-date: /home/lairlab-squirtle/mpros2-docker/install/mpros2_msg/share/mpros2_msg/cmake/ament_cmake_export_include_directories-extras.cmake
-- Up-to-date: /home/lairlab-squirtle/mpros2-docker/install/mpros2_msg/share/mpros2_msg/cmake/ament_cmake_export_libraries-extras.cmake
-- Up-to-date: /home/lairlab-squirtle/mpros2-docker/install/mpros2_msg/share/mpros2_msg/cmake/ament_cmake_export_targets-extras.cmake
-- Up-to-date: /home/lairlab-squirtle/mpros2-docker/install/mpros2_msg/share/mpros2_msg/cmake/rosidl_cmake_export_typesupport_targets-extras.cmake
-- Up-to-date: /home/lairlab-squirtle/mpros2-docker/install/mpros2_msg/share/mpros2_msg/cmake/ament_cmake_export_dependencies-extras.cmake
-- Up-to-date: /home/lairlab-squirtle/mpros2-docker/install/mpros2_msg/share/mpros2_msg/cmake/rosidl_cmake_export_typesupport_libraries-extras.cmake
-- Up-to-date: /home/lairlab-squirtle/mpros2-docker/install/mpros2_msg/share/mpros2_msg/cmake/mpros2_msgConfig.cmake
-- Up-to-date: /home/lairlab-squirtle/mpros2-docker/install/mpros2_msg/share/mpros2_msg/cmake/mpros2_msgConfig-version.cmake
-- Up-to-date: /home/lairlab-squirtle/mpros2-docker/install/mpros2_msg/share/mpros2_msg/package.xml
