[0.160s] Invoking command in '/home/lairlab-squirtle/mpros2-docker/build/mpros2_msg': CMAKE_PREFIX_PATH=${CMAKE_PREFIX_PATH}:/home/lairlab-squirtle/ros2_ws/install/mpros2:/home/lairlab-squirtle/ros2_ws/install/shimmer3_gsr_unit:/opt/ros/jazzy DEBUGINFOD_URLS=https://debuginfod.ubuntu.com /usr/bin/cmake --build /home/lairlab-squirtle/mpros2-docker/build/mpros2_msg -- -j20 -l20
[0.205s] [  1%] Built target mpros2_msg__rosidl_generator_type_description
[0.232s] [  1%] Built target ament_cmake_python_copy_mpros2_msg
[0.263s] [ 26%] Built target mpros2_msg__rosidl_generator_c
[0.403s] running egg_info
[0.413s] writing mpros2_msg.egg-info/PKG-INFO
[0.413s] writing dependency_links to mpros2_msg.egg-info/dependency_links.txt
[0.413s] writing top-level names to mpros2_msg.egg-info/top_level.txt
[0.444s] reading manifest file 'mpros2_msg.egg-info/SOURCES.txt'
[0.444s] writing manifest file 'mpros2_msg.egg-info/SOURCES.txt'
[0.465s] [ 26%] Built target ament_cmake_python_build_mpros2_msg_egg
[0.484s] [ 36%] Built target mpros2_msg__rosidl_typesupport_c
[0.502s] [ 45%] Built target mpros2_msg__rosidl_typesupport_introspection_c
[0.536s] [ 55%] Built target mpros2_msg__rosidl_typesupport_fastrtps_c
[0.554s] [ 55%] Built target mpros2_msg__cpp
[0.582s] [ 64%] Built target mpros2_msg__rosidl_typesupport_cpp
[0.610s] [ 74%] Built target mpros2_msg__rosidl_typesupport_introspection_cpp
[0.632s] [ 84%] Built target mpros2_msg__rosidl_typesupport_fastrtps_cpp
[0.645s] [ 84%] Built target mpros2_msg
[0.659s] [ 85%] Built target mpros2_msg__py
[0.683s] [ 94%] Built target mpros2_msg__rosidl_generator_py
[0.703s] [ 96%] Built target mpros2_msg_s__rosidl_typesupport_fastrtps_c
[0.726s] [ 98%] Built target mpros2_msg_s__rosidl_typesupport_c
[0.743s] [100%] Built target mpros2_msg_s__rosidl_typesupport_introspection_c
[0.753s] Invoked command in '/home/lairlab-squirtle/mpros2-docker/build/mpros2_msg' returned '0': CMAKE_PREFIX_PATH=${CMAKE_PREFIX_PATH}:/home/lairlab-squirtle/ros2_ws/install/mpros2:/home/lairlab-squirtle/ros2_ws/install/shimmer3_gsr_unit:/opt/ros/jazzy DEBUGINFOD_URLS=https://debuginfod.ubuntu.com /usr/bin/cmake --build /home/lairlab-squirtle/mpros2-docker/build/mpros2_msg -- -j20 -l20
[0.760s] Invoking command in '/home/lairlab-squirtle/mpros2-docker/build/mpros2_msg': CMAKE_PREFIX_PATH=${CMAKE_PREFIX_PATH}:/home/lairlab-squirtle/ros2_ws/install/mpros2:/home/lairlab-squirtle/ros2_ws/install/shimmer3_gsr_unit:/opt/ros/jazzy DEBUGINFOD_URLS=https://debuginfod.ubuntu.com /usr/bin/cmake --install /home/lairlab-squirtle/mpros2-docker/build/mpros2_msg
[0.767s] -- Install configuration: ""
[0.768s] -- Up-to-date: /home/lairlab-squirtle/mpros2-docker/install/mpros2_msg/share/ament_index/resource_index/rosidl_interfaces/mpros2_msg
[0.768s] -- Up-to-date: /home/lairlab-squirtle/mpros2-docker/install/mpros2_msg/share/mpros2_msg/msg/HandPoint.json
[0.768s] -- Up-to-date: /home/lairlab-squirtle/mpros2-docker/install/mpros2_msg/share/mpros2_msg/msg/MediaPipeHumanHand.json
[0.768s] -- Up-to-date: /home/lairlab-squirtle/mpros2-docker/install/mpros2_msg/share/mpros2_msg/msg/MediaPipeHumanHandList.json
[0.768s] -- Up-to-date: /home/lairlab-squirtle/mpros2-docker/install/mpros2_msg/share/mpros2_msg/msg/PosePoint.json
[0.768s] -- Up-to-date: /home/lairlab-squirtle/mpros2-docker/install/mpros2_msg/share/mpros2_msg/msg/MediaPipeHumanPoseList.json
[0.768s] -- Up-to-date: /home/lairlab-squirtle/mpros2-docker/install/mpros2_msg/share/mpros2_msg/msg/FaceMeshPoint.json
[0.768s] -- Up-to-date: /home/lairlab-squirtle/mpros2-docker/install/mpros2_msg/share/mpros2_msg/msg/MediaPipeHumanFaceMeshList.json
[0.768s] -- Up-to-date: /home/lairlab-squirtle/mpros2-docker/install/mpros2_msg/share/mpros2_msg/msg/MediaPipeHumanHolisticList.json
[0.768s] -- Up-to-date: /home/lairlab-squirtle/mpros2-docker/install/mpros2_msg/include/mpros2_msg/mpros2_msg
[0.768s] -- Up-to-date: /home/lairlab-squirtle/mpros2-docker/install/mpros2_msg/include/mpros2_msg/mpros2_msg/msg
[0.768s] -- Up-to-date: /home/lairlab-squirtle/mpros2-docker/install/mpros2_msg/include/mpros2_msg/mpros2_msg/msg/hand_point.h
[0.768s] -- Up-to-date: /home/lairlab-squirtle/mpros2-docker/install/mpros2_msg/include/mpros2_msg/mpros2_msg/msg/media_pipe_human_hand_list.h
[0.768s] -- Up-to-date: /home/lairlab-squirtle/mpros2-docker/install/mpros2_msg/include/mpros2_msg/mpros2_msg/msg/media_pipe_human_pose_list.h
[0.768s] -- Up-to-date: /home/lairlab-squirtle/mpros2-docker/install/mpros2_msg/include/mpros2_msg/mpros2_msg/msg/rosidl_generator_c__visibility_control.h
[0.768s] -- Up-to-date: /home/lairlab-squirtle/mpros2-docker/install/mpros2_msg/include/mpros2_msg/mpros2_msg/msg/media_pipe_human_face_mesh_list.h
[0.768s] -- Up-to-date: /home/lairlab-squirtle/mpros2-docker/install/mpros2_msg/include/mpros2_msg/mpros2_msg/msg/pose_point.h
[0.769s] -- Up-to-date: /home/lairlab-squirtle/mpros2-docker/install/mpros2_msg/include/mpros2_msg/mpros2_msg/msg/media_pipe_human_holistic_list.h
[0.769s] -- Up-to-date: /home/lairlab-squirtle/mpros2-docker/install/mpros2_msg/include/mpros2_msg/mpros2_msg/msg/detail
[0.769s] -- Up-to-date: /home/lairlab-squirtle/mpros2-docker/install/mpros2_msg/include/mpros2_msg/mpros2_msg/msg/detail/media_pipe_human_hand__functions.h
[0.769s] -- Up-to-date: /home/lairlab-squirtle/mpros2-docker/install/mpros2_msg/include/mpros2_msg/mpros2_msg/msg/detail/face_mesh_point__struct.h
[0.769s] -- Up-to-date: /home/lairlab-squirtle/mpros2-docker/install/mpros2_msg/include/mpros2_msg/mpros2_msg/msg/detail/media_pipe_human_holistic_list__functions.c
[0.769s] -- Up-to-date: /home/lairlab-squirtle/mpros2-docker/install/mpros2_msg/include/mpros2_msg/mpros2_msg/msg/detail/face_mesh_point__functions.h
[0.769s] -- Installing: /home/lairlab-squirtle/mpros2-docker/install/mpros2_msg/include/mpros2_msg/mpros2_msg/msg/detail/pose_point__type_support.c
[0.770s] -- Up-to-date: /home/lairlab-squirtle/mpros2-docker/install/mpros2_msg/include/mpros2_msg/mpros2_msg/msg/detail/media_pipe_human_pose_list__functions.c
[0.770s] -- Up-to-date: /home/lairlab-squirtle/mpros2-docker/install/mpros2_msg/include/mpros2_msg/mpros2_msg/msg/detail/media_pipe_human_face_mesh_list__type_support.h
[0.770s] -- Up-to-date: /home/lairlab-squirtle/mpros2-docker/install/mpros2_msg/include/mpros2_msg/mpros2_msg/msg/detail/pose_point__functions.h
[0.770s] -- Up-to-date: /home/lairlab-squirtle/mpros2-docker/install/mpros2_msg/include/mpros2_msg/mpros2_msg/msg/detail/media_pipe_human_pose_list__description.c
[0.770s] -- Up-to-date: /home/lairlab-squirtle/mpros2-docker/install/mpros2_msg/include/mpros2_msg/mpros2_msg/msg/detail/media_pipe_human_holistic_list__description.c
[0.770s] -- Up-to-date: /home/lairlab-squirtle/mpros2-docker/install/mpros2_msg/include/mpros2_msg/mpros2_msg/msg/detail/media_pipe_human_face_mesh_list__struct.h
[0.770s] -- Up-to-date: /home/lairlab-squirtle/mpros2-docker/install/mpros2_msg/include/mpros2_msg/mpros2_msg/msg/detail/media_pipe_human_face_mesh_list__description.c
[0.770s] -- Up-to-date: /home/lairlab-squirtle/mpros2-docker/install/mpros2_msg/include/mpros2_msg/mpros2_msg/msg/detail/media_pipe_human_pose_list__functions.h
[0.770s] -- Up-to-date: /home/lairlab-squirtle/mpros2-docker/install/mpros2_msg/include/mpros2_msg/mpros2_msg/msg/detail/media_pipe_human_hand__description.c
[0.770s] -- Up-to-date: /home/lairlab-squirtle/mpros2-docker/install/mpros2_msg/include/mpros2_msg/mpros2_msg/msg/detail/media_pipe_human_holistic_list__struct.h
[0.770s] -- Up-to-date: /home/lairlab-squirtle/mpros2-docker/install/mpros2_msg/include/mpros2_msg/mpros2_msg/msg/detail/media_pipe_human_hand_list__functions.c
[0.770s] -- Up-to-date: /home/lairlab-squirtle/mpros2-docker/install/mpros2_msg/include/mpros2_msg/mpros2_msg/msg/detail/media_pipe_human_hand__type_support.h
[0.770s] -- Up-to-date: /home/lairlab-squirtle/mpros2-docker/install/mpros2_msg/include/mpros2_msg/mpros2_msg/msg/detail/media_pipe_human_hand_list__functions.h
[0.770s] -- Up-to-date: /home/lairlab-squirtle/mpros2-docker/install/mpros2_msg/include/mpros2_msg/mpros2_msg/msg/detail/media_pipe_human_hand_list__type_support.h
[0.770s] -- Up-to-date: /home/lairlab-squirtle/mpros2-docker/install/mpros2_msg/include/mpros2_msg/mpros2_msg/msg/detail/face_mesh_point__functions.c
[0.770s] -- Installing: /home/lairlab-squirtle/mpros2-docker/install/mpros2_msg/include/mpros2_msg/mpros2_msg/msg/detail/face_mesh_point__type_support.c
[0.770s] -- Up-to-date: /home/lairlab-squirtle/mpros2-docker/install/mpros2_msg/include/mpros2_msg/mpros2_msg/msg/detail/media_pipe_human_hand__functions.c
[0.770s] -- Up-to-date: /home/lairlab-squirtle/mpros2-docker/install/mpros2_msg/include/mpros2_msg/mpros2_msg/msg/detail/pose_point__type_support.h
[0.770s] -- Installing: /home/lairlab-squirtle/mpros2-docker/install/mpros2_msg/include/mpros2_msg/mpros2_msg/msg/detail/media_pipe_human_holistic_list__type_support.c
[0.771s] -- Up-to-date: /home/lairlab-squirtle/mpros2-docker/install/mpros2_msg/include/mpros2_msg/mpros2_msg/msg/detail/hand_point__functions.c
[0.771s] -- Up-to-date: /home/lairlab-squirtle/mpros2-docker/install/mpros2_msg/include/mpros2_msg/mpros2_msg/msg/detail/media_pipe_human_hand_list__struct.h
[0.772s] -- Up-to-date: /home/lairlab-squirtle/mpros2-docker/install/mpros2_msg/include/mpros2_msg/mpros2_msg/msg/detail/pose_point__struct.h
[0.772s] -- Up-to-date: /home/lairlab-squirtle/mpros2-docker/install/mpros2_msg/include/mpros2_msg/mpros2_msg/msg/detail/hand_point__functions.h
[0.772s] -- Up-to-date: /home/lairlab-squirtle/mpros2-docker/install/mpros2_msg/include/mpros2_msg/mpros2_msg/msg/detail/pose_point__functions.c
[0.772s] -- Up-to-date: /home/lairlab-squirtle/mpros2-docker/install/mpros2_msg/include/mpros2_msg/mpros2_msg/msg/detail/media_pipe_human_holistic_list__type_support.h
[0.772s] -- Up-to-date: /home/lairlab-squirtle/mpros2-docker/install/mpros2_msg/include/mpros2_msg/mpros2_msg/msg/detail/media_pipe_human_hand_list__description.c
[0.772s] -- Up-to-date: /home/lairlab-squirtle/mpros2-docker/install/mpros2_msg/include/mpros2_msg/mpros2_msg/msg/detail/media_pipe_human_hand__struct.h
[0.772s] -- Installing: /home/lairlab-squirtle/mpros2-docker/install/mpros2_msg/include/mpros2_msg/mpros2_msg/msg/detail/media_pipe_human_pose_list__type_support.c
[0.772s] -- Up-to-date: /home/lairlab-squirtle/mpros2-docker/install/mpros2_msg/include/mpros2_msg/mpros2_msg/msg/detail/media_pipe_human_holistic_list__functions.h
[0.772s] -- Installing: /home/lairlab-squirtle/mpros2-docker/install/mpros2_msg/include/mpros2_msg/mpros2_msg/msg/detail/media_pipe_human_hand__type_support.c
[0.772s] -- Up-to-date: /home/lairlab-squirtle/mpros2-docker/install/mpros2_msg/include/mpros2_msg/mpros2_msg/msg/detail/media_pipe_human_pose_list__type_support.h
[0.772s] -- Installing: /home/lairlab-squirtle/mpros2-docker/install/mpros2_msg/include/mpros2_msg/mpros2_msg/msg/detail/media_pipe_human_hand_list__type_support.c
[0.772s] -- Up-to-date: /home/lairlab-squirtle/mpros2-docker/install/mpros2_msg/include/mpros2_msg/mpros2_msg/msg/detail/hand_point__type_support.h
[0.772s] -- Up-to-date: /home/lairlab-squirtle/mpros2-docker/install/mpros2_msg/include/mpros2_msg/mpros2_msg/msg/detail/media_pipe_human_pose_list__struct.h
[0.772s] -- Installing: /home/lairlab-squirtle/mpros2-docker/install/mpros2_msg/include/mpros2_msg/mpros2_msg/msg/detail/media_pipe_human_face_mesh_list__type_support.c
[0.772s] -- Up-to-date: /home/lairlab-squirtle/mpros2-docker/install/mpros2_msg/include/mpros2_msg/mpros2_msg/msg/detail/media_pipe_human_face_mesh_list__functions.c
[0.772s] -- Installing: /home/lairlab-squirtle/mpros2-docker/install/mpros2_msg/include/mpros2_msg/mpros2_msg/msg/detail/hand_point__type_support.c
[0.772s] -- Up-to-date: /home/lairlab-squirtle/mpros2-docker/install/mpros2_msg/include/mpros2_msg/mpros2_msg/msg/detail/media_pipe_human_face_mesh_list__functions.h
[0.772s] -- Up-to-date: /home/lairlab-squirtle/mpros2-docker/install/mpros2_msg/include/mpros2_msg/mpros2_msg/msg/detail/hand_point__description.c
[0.772s] -- Up-to-date: /home/lairlab-squirtle/mpros2-docker/install/mpros2_msg/include/mpros2_msg/mpros2_msg/msg/detail/face_mesh_point__description.c
[0.772s] -- Up-to-date: /home/lairlab-squirtle/mpros2-docker/install/mpros2_msg/include/mpros2_msg/mpros2_msg/msg/detail/hand_point__struct.h
[0.772s] -- Up-to-date: /home/lairlab-squirtle/mpros2-docker/install/mpros2_msg/include/mpros2_msg/mpros2_msg/msg/detail/pose_point__description.c
[0.772s] -- Up-to-date: /home/lairlab-squirtle/mpros2-docker/install/mpros2_msg/include/mpros2_msg/mpros2_msg/msg/detail/face_mesh_point__type_support.h
[0.772s] -- Up-to-date: /home/lairlab-squirtle/mpros2-docker/install/mpros2_msg/include/mpros2_msg/mpros2_msg/msg/face_mesh_point.h
[0.772s] -- Up-to-date: /home/lairlab-squirtle/mpros2-docker/install/mpros2_msg/include/mpros2_msg/mpros2_msg/msg/media_pipe_human_hand.h
[0.772s] -- Up-to-date: /home/lairlab-squirtle/mpros2-docker/install/mpros2_msg/share/mpros2_msg/environment/library_path.sh
[0.772s] -- Up-to-date: /home/lairlab-squirtle/mpros2-docker/install/mpros2_msg/share/mpros2_msg/environment/library_path.dsv
[0.772s] -- Up-to-date: /home/lairlab-squirtle/mpros2-docker/install/mpros2_msg/lib/libmpros2_msg__rosidl_generator_c.so
[0.772s] -- Up-to-date: /home/lairlab-squirtle/mpros2-docker/install/mpros2_msg/include/mpros2_msg/mpros2_msg
[0.773s] -- Up-to-date: /home/lairlab-squirtle/mpros2-docker/install/mpros2_msg/include/mpros2_msg/mpros2_msg/msg
[0.773s] -- Up-to-date: /home/lairlab-squirtle/mpros2-docker/install/mpros2_msg/include/mpros2_msg/mpros2_msg/msg/detail
[0.773s] -- Up-to-date: /home/lairlab-squirtle/mpros2-docker/install/mpros2_msg/include/mpros2_msg/mpros2_msg/msg/detail/media_pipe_human_holistic_list__rosidl_typesupport_fastrtps_c.h
[0.773s] -- Up-to-date: /home/lairlab-squirtle/mpros2-docker/install/mpros2_msg/include/mpros2_msg/mpros2_msg/msg/detail/media_pipe_human_face_mesh_list__rosidl_typesupport_fastrtps_c.h
[0.773s] -- Up-to-date: /home/lairlab-squirtle/mpros2-docker/install/mpros2_msg/include/mpros2_msg/mpros2_msg/msg/detail/media_pipe_human_hand_list__rosidl_typesupport_fastrtps_c.h
[0.774s] -- Up-to-date: /home/lairlab-squirtle/mpros2-docker/install/mpros2_msg/include/mpros2_msg/mpros2_msg/msg/detail/media_pipe_human_hand__rosidl_typesupport_fastrtps_c.h
[0.774s] -- Up-to-date: /home/lairlab-squirtle/mpros2-docker/install/mpros2_msg/include/mpros2_msg/mpros2_msg/msg/detail/face_mesh_point__rosidl_typesupport_fastrtps_c.h
[0.774s] -- Up-to-date: /home/lairlab-squirtle/mpros2-docker/install/mpros2_msg/include/mpros2_msg/mpros2_msg/msg/detail/media_pipe_human_pose_list__rosidl_typesupport_fastrtps_c.h
[0.774s] -- Up-to-date: /home/lairlab-squirtle/mpros2-docker/install/mpros2_msg/include/mpros2_msg/mpros2_msg/msg/detail/hand_point__rosidl_typesupport_fastrtps_c.h
[0.774s] -- Up-to-date: /home/lairlab-squirtle/mpros2-docker/install/mpros2_msg/include/mpros2_msg/mpros2_msg/msg/detail/pose_point__rosidl_typesupport_fastrtps_c.h
[0.774s] -- Up-to-date: /home/lairlab-squirtle/mpros2-docker/install/mpros2_msg/include/mpros2_msg/mpros2_msg/msg/rosidl_typesupport_fastrtps_c__visibility_control.h
[0.774s] -- Up-to-date: /home/lairlab-squirtle/mpros2-docker/install/mpros2_msg/lib/libmpros2_msg__rosidl_typesupport_fastrtps_c.so
[0.774s] -- Up-to-date: /home/lairlab-squirtle/mpros2-docker/install/mpros2_msg/include/mpros2_msg/mpros2_msg
[0.774s] -- Up-to-date: /home/lairlab-squirtle/mpros2-docker/install/mpros2_msg/include/mpros2_msg/mpros2_msg/msg
[0.774s] -- Up-to-date: /home/lairlab-squirtle/mpros2-docker/install/mpros2_msg/include/mpros2_msg/mpros2_msg/msg/rosidl_typesupport_introspection_c__visibility_control.h
[0.774s] -- Up-to-date: /home/lairlab-squirtle/mpros2-docker/install/mpros2_msg/include/mpros2_msg/mpros2_msg/msg/detail
[0.774s] -- Up-to-date: /home/lairlab-squirtle/mpros2-docker/install/mpros2_msg/include/mpros2_msg/mpros2_msg/msg/detail/face_mesh_point__rosidl_typesupport_introspection_c.h
[0.774s] -- Up-to-date: /home/lairlab-squirtle/mpros2-docker/install/mpros2_msg/include/mpros2_msg/mpros2_msg/msg/detail/media_pipe_human_hand_list__rosidl_typesupport_introspection_c.h
[0.774s] -- Installing: /home/lairlab-squirtle/mpros2-docker/install/mpros2_msg/include/mpros2_msg/mpros2_msg/msg/detail/pose_point__type_support.c
[0.774s] -- Up-to-date: /home/lairlab-squirtle/mpros2-docker/install/mpros2_msg/include/mpros2_msg/mpros2_msg/msg/detail/media_pipe_human_hand__rosidl_typesupport_introspection_c.h
[0.774s] -- Up-to-date: /home/lairlab-squirtle/mpros2-docker/install/mpros2_msg/include/mpros2_msg/mpros2_msg/msg/detail/media_pipe_human_face_mesh_list__rosidl_typesupport_introspection_c.h
[0.774s] -- Installing: /home/lairlab-squirtle/mpros2-docker/install/mpros2_msg/include/mpros2_msg/mpros2_msg/msg/detail/face_mesh_point__type_support.c
[0.774s] -- Installing: /home/lairlab-squirtle/mpros2-docker/install/mpros2_msg/include/mpros2_msg/mpros2_msg/msg/detail/media_pipe_human_holistic_list__type_support.c
[0.774s] -- Installing: /home/lairlab-squirtle/mpros2-docker/install/mpros2_msg/include/mpros2_msg/mpros2_msg/msg/detail/media_pipe_human_pose_list__type_support.c
[0.774s] -- Installing: /home/lairlab-squirtle/mpros2-docker/install/mpros2_msg/include/mpros2_msg/mpros2_msg/msg/detail/media_pipe_human_hand__type_support.c
[0.774s] -- Installing: /home/lairlab-squirtle/mpros2-docker/install/mpros2_msg/include/mpros2_msg/mpros2_msg/msg/detail/media_pipe_human_hand_list__type_support.c
[0.774s] -- Up-to-date: /home/lairlab-squirtle/mpros2-docker/install/mpros2_msg/include/mpros2_msg/mpros2_msg/msg/detail/media_pipe_human_holistic_list__rosidl_typesupport_introspection_c.h
[0.774s] -- Up-to-date: /home/lairlab-squirtle/mpros2-docker/install/mpros2_msg/include/mpros2_msg/mpros2_msg/msg/detail/hand_point__rosidl_typesupport_introspection_c.h
[0.774s] -- Installing: /home/lairlab-squirtle/mpros2-docker/install/mpros2_msg/include/mpros2_msg/mpros2_msg/msg/detail/media_pipe_human_face_mesh_list__type_support.c
[0.774s] -- Installing: /home/lairlab-squirtle/mpros2-docker/install/mpros2_msg/include/mpros2_msg/mpros2_msg/msg/detail/hand_point__type_support.c
[0.774s] -- Up-to-date: /home/lairlab-squirtle/mpros2-docker/install/mpros2_msg/include/mpros2_msg/mpros2_msg/msg/detail/media_pipe_human_pose_list__rosidl_typesupport_introspection_c.h
[0.774s] -- Up-to-date: /home/lairlab-squirtle/mpros2-docker/install/mpros2_msg/include/mpros2_msg/mpros2_msg/msg/detail/pose_point__rosidl_typesupport_introspection_c.h
[0.774s] -- Up-to-date: /home/lairlab-squirtle/mpros2-docker/install/mpros2_msg/lib/libmpros2_msg__rosidl_typesupport_introspection_c.so
[0.775s] -- Up-to-date: /home/lairlab-squirtle/mpros2-docker/install/mpros2_msg/lib/libmpros2_msg__rosidl_typesupport_c.so
[0.775s] -- Up-to-date: /home/lairlab-squirtle/mpros2-docker/install/mpros2_msg/include/mpros2_msg/mpros2_msg
[0.775s] -- Up-to-date: /home/lairlab-squirtle/mpros2-docker/install/mpros2_msg/include/mpros2_msg/mpros2_msg/msg
[0.775s] -- Up-to-date: /home/lairlab-squirtle/mpros2-docker/install/mpros2_msg/include/mpros2_msg/mpros2_msg/msg/pose_point.hpp
[0.775s] -- Up-to-date: /home/lairlab-squirtle/mpros2-docker/install/mpros2_msg/include/mpros2_msg/mpros2_msg/msg/media_pipe_human_holistic_list.hpp
[0.775s] -- Up-to-date: /home/lairlab-squirtle/mpros2-docker/install/mpros2_msg/include/mpros2_msg/mpros2_msg/msg/media_pipe_human_hand.hpp
[0.775s] -- Up-to-date: /home/lairlab-squirtle/mpros2-docker/install/mpros2_msg/include/mpros2_msg/mpros2_msg/msg/face_mesh_point.hpp
[0.775s] -- Up-to-date: /home/lairlab-squirtle/mpros2-docker/install/mpros2_msg/include/mpros2_msg/mpros2_msg/msg/media_pipe_human_hand_list.hpp
[0.775s] -- Up-to-date: /home/lairlab-squirtle/mpros2-docker/install/mpros2_msg/include/mpros2_msg/mpros2_msg/msg/rosidl_generator_cpp__visibility_control.hpp
[0.775s] -- Up-to-date: /home/lairlab-squirtle/mpros2-docker/install/mpros2_msg/include/mpros2_msg/mpros2_msg/msg/detail
[0.775s] -- Up-to-date: /home/lairlab-squirtle/mpros2-docker/install/mpros2_msg/include/mpros2_msg/mpros2_msg/msg/detail/media_pipe_human_pose_list__builder.hpp
[0.775s] -- Up-to-date: /home/lairlab-squirtle/mpros2-docker/install/mpros2_msg/include/mpros2_msg/mpros2_msg/msg/detail/media_pipe_human_holistic_list__struct.hpp
[0.775s] -- Up-to-date: /home/lairlab-squirtle/mpros2-docker/install/mpros2_msg/include/mpros2_msg/mpros2_msg/msg/detail/media_pipe_human_holistic_list__traits.hpp
[0.775s] -- Up-to-date: /home/lairlab-squirtle/mpros2-docker/install/mpros2_msg/include/mpros2_msg/mpros2_msg/msg/detail/media_pipe_human_holistic_list__builder.hpp
[0.775s] -- Up-to-date: /home/lairlab-squirtle/mpros2-docker/install/mpros2_msg/include/mpros2_msg/mpros2_msg/msg/detail/media_pipe_human_hand_list__type_support.hpp
[0.775s] -- Up-to-date: /home/lairlab-squirtle/mpros2-docker/install/mpros2_msg/include/mpros2_msg/mpros2_msg/msg/detail/pose_point__traits.hpp
[0.775s] -- Up-to-date: /home/lairlab-squirtle/mpros2-docker/install/mpros2_msg/include/mpros2_msg/mpros2_msg/msg/detail/media_pipe_human_pose_list__struct.hpp
[0.775s] -- Up-to-date: /home/lairlab-squirtle/mpros2-docker/install/mpros2_msg/include/mpros2_msg/mpros2_msg/msg/detail/media_pipe_human_hand_list__builder.hpp
[0.775s] -- Up-to-date: /home/lairlab-squirtle/mpros2-docker/install/mpros2_msg/include/mpros2_msg/mpros2_msg/msg/detail/face_mesh_point__type_support.hpp
[0.775s] -- Up-to-date: /home/lairlab-squirtle/mpros2-docker/install/mpros2_msg/include/mpros2_msg/mpros2_msg/msg/detail/pose_point__type_support.hpp
[0.775s] -- Up-to-date: /home/lairlab-squirtle/mpros2-docker/install/mpros2_msg/include/mpros2_msg/mpros2_msg/msg/detail/hand_point__struct.hpp
[0.775s] -- Up-to-date: /home/lairlab-squirtle/mpros2-docker/install/mpros2_msg/include/mpros2_msg/mpros2_msg/msg/detail/face_mesh_point__builder.hpp
[0.775s] -- Up-to-date: /home/lairlab-squirtle/mpros2-docker/install/mpros2_msg/include/mpros2_msg/mpros2_msg/msg/detail/hand_point__type_support.hpp
[0.775s] -- Up-to-date: /home/lairlab-squirtle/mpros2-docker/install/mpros2_msg/include/mpros2_msg/mpros2_msg/msg/detail/media_pipe_human_hand__type_support.hpp
[0.775s] -- Up-to-date: /home/lairlab-squirtle/mpros2-docker/install/mpros2_msg/include/mpros2_msg/mpros2_msg/msg/detail/hand_point__traits.hpp
[0.775s] -- Up-to-date: /home/lairlab-squirtle/mpros2-docker/install/mpros2_msg/include/mpros2_msg/mpros2_msg/msg/detail/pose_point__struct.hpp
[0.775s] -- Up-to-date: /home/lairlab-squirtle/mpros2-docker/install/mpros2_msg/include/mpros2_msg/mpros2_msg/msg/detail/media_pipe_human_pose_list__type_support.hpp
[0.775s] -- Up-to-date: /home/lairlab-squirtle/mpros2-docker/install/mpros2_msg/include/mpros2_msg/mpros2_msg/msg/detail/media_pipe_human_hand__builder.hpp
[0.775s] -- Up-to-date: /home/lairlab-squirtle/mpros2-docker/install/mpros2_msg/include/mpros2_msg/mpros2_msg/msg/detail/media_pipe_human_hand__traits.hpp
[0.775s] -- Up-to-date: /home/lairlab-squirtle/mpros2-docker/install/mpros2_msg/include/mpros2_msg/mpros2_msg/msg/detail/media_pipe_human_hand__struct.hpp
[0.775s] -- Up-to-date: /home/lairlab-squirtle/mpros2-docker/install/mpros2_msg/include/mpros2_msg/mpros2_msg/msg/detail/media_pipe_human_hand_list__traits.hpp
[0.775s] -- Up-to-date: /home/lairlab-squirtle/mpros2-docker/install/mpros2_msg/include/mpros2_msg/mpros2_msg/msg/detail/pose_point__builder.hpp
[0.775s] -- Up-to-date: /home/lairlab-squirtle/mpros2-docker/install/mpros2_msg/include/mpros2_msg/mpros2_msg/msg/detail/media_pipe_human_hand_list__struct.hpp
[0.776s] -- Up-to-date: /home/lairlab-squirtle/mpros2-docker/install/mpros2_msg/include/mpros2_msg/mpros2_msg/msg/detail/media_pipe_human_face_mesh_list__builder.hpp
[0.776s] -- Up-to-date: /home/lairlab-squirtle/mpros2-docker/install/mpros2_msg/include/mpros2_msg/mpros2_msg/msg/detail/media_pipe_human_face_mesh_list__traits.hpp
[0.776s] -- Up-to-date: /home/lairlab-squirtle/mpros2-docker/install/mpros2_msg/include/mpros2_msg/mpros2_msg/msg/detail/hand_point__builder.hpp
[0.776s] -- Up-to-date: /home/lairlab-squirtle/mpros2-docker/install/mpros2_msg/include/mpros2_msg/mpros2_msg/msg/detail/media_pipe_human_face_mesh_list__type_support.hpp
[0.776s] -- Up-to-date: /home/lairlab-squirtle/mpros2-docker/install/mpros2_msg/include/mpros2_msg/mpros2_msg/msg/detail/media_pipe_human_holistic_list__type_support.hpp
[0.777s] -- Up-to-date: /home/lairlab-squirtle/mpros2-docker/install/mpros2_msg/include/mpros2_msg/mpros2_msg/msg/detail/media_pipe_human_face_mesh_list__struct.hpp
[0.778s] -- Up-to-date: /home/lairlab-squirtle/mpros2-docker/install/mpros2_msg/include/mpros2_msg/mpros2_msg/msg/detail/face_mesh_point__traits.hpp
[0.778s] -- Up-to-date: /home/lairlab-squirtle/mpros2-docker/install/mpros2_msg/include/mpros2_msg/mpros2_msg/msg/detail/media_pipe_human_pose_list__traits.hpp
[0.778s] -- Up-to-date: /home/lairlab-squirtle/mpros2-docker/install/mpros2_msg/include/mpros2_msg/mpros2_msg/msg/detail/face_mesh_point__struct.hpp
[0.778s] -- Up-to-date: /home/lairlab-squirtle/mpros2-docker/install/mpros2_msg/include/mpros2_msg/mpros2_msg/msg/media_pipe_human_face_mesh_list.hpp
[0.779s] -- Up-to-date: /home/lairlab-squirtle/mpros2-docker/install/mpros2_msg/include/mpros2_msg/mpros2_msg/msg/media_pipe_human_pose_list.hpp
[0.779s] -- Up-to-date: /home/lairlab-squirtle/mpros2-docker/install/mpros2_msg/include/mpros2_msg/mpros2_msg/msg/hand_point.hpp
[0.779s] -- Up-to-date: /home/lairlab-squirtle/mpros2-docker/install/mpros2_msg/include/mpros2_msg/mpros2_msg
[0.779s] -- Up-to-date: /home/lairlab-squirtle/mpros2-docker/install/mpros2_msg/include/mpros2_msg/mpros2_msg/msg
[0.779s] -- Up-to-date: /home/lairlab-squirtle/mpros2-docker/install/mpros2_msg/include/mpros2_msg/mpros2_msg/msg/rosidl_typesupport_fastrtps_cpp__visibility_control.h
[0.779s] -- Up-to-date: /home/lairlab-squirtle/mpros2-docker/install/mpros2_msg/include/mpros2_msg/mpros2_msg/msg/detail
[0.779s] -- Up-to-date: /home/lairlab-squirtle/mpros2-docker/install/mpros2_msg/include/mpros2_msg/mpros2_msg/msg/detail/media_pipe_human_holistic_list__rosidl_typesupport_fastrtps_cpp.hpp
[0.779s] -- Up-to-date: /home/lairlab-squirtle/mpros2-docker/install/mpros2_msg/include/mpros2_msg/mpros2_msg/msg/detail/pose_point__rosidl_typesupport_fastrtps_cpp.hpp
[0.779s] -- Up-to-date: /home/lairlab-squirtle/mpros2-docker/install/mpros2_msg/include/mpros2_msg/mpros2_msg/msg/detail/dds_fastrtps
[0.779s] -- Up-to-date: /home/lairlab-squirtle/mpros2-docker/install/mpros2_msg/include/mpros2_msg/mpros2_msg/msg/detail/hand_point__rosidl_typesupport_fastrtps_cpp.hpp
[0.779s] -- Up-to-date: /home/lairlab-squirtle/mpros2-docker/install/mpros2_msg/include/mpros2_msg/mpros2_msg/msg/detail/media_pipe_human_face_mesh_list__rosidl_typesupport_fastrtps_cpp.hpp
[0.779s] -- Up-to-date: /home/lairlab-squirtle/mpros2-docker/install/mpros2_msg/include/mpros2_msg/mpros2_msg/msg/detail/media_pipe_human_hand_list__rosidl_typesupport_fastrtps_cpp.hpp
[0.779s] -- Up-to-date: /home/lairlab-squirtle/mpros2-docker/install/mpros2_msg/include/mpros2_msg/mpros2_msg/msg/detail/media_pipe_human_hand__rosidl_typesupport_fastrtps_cpp.hpp
[0.779s] -- Up-to-date: /home/lairlab-squirtle/mpros2-docker/install/mpros2_msg/include/mpros2_msg/mpros2_msg/msg/detail/face_mesh_point__rosidl_typesupport_fastrtps_cpp.hpp
[0.779s] -- Up-to-date: /home/lairlab-squirtle/mpros2-docker/install/mpros2_msg/include/mpros2_msg/mpros2_msg/msg/detail/media_pipe_human_pose_list__rosidl_typesupport_fastrtps_cpp.hpp
[0.779s] -- Up-to-date: /home/lairlab-squirtle/mpros2-docker/install/mpros2_msg/lib/libmpros2_msg__rosidl_typesupport_fastrtps_cpp.so
[0.779s] -- Up-to-date: /home/lairlab-squirtle/mpros2-docker/install/mpros2_msg/include/mpros2_msg/mpros2_msg
[0.779s] -- Up-to-date: /home/lairlab-squirtle/mpros2-docker/install/mpros2_msg/include/mpros2_msg/mpros2_msg/msg
[0.779s] -- Up-to-date: /home/lairlab-squirtle/mpros2-docker/install/mpros2_msg/include/mpros2_msg/mpros2_msg/msg/detail
[0.780s] -- Up-to-date: /home/lairlab-squirtle/mpros2-docker/install/mpros2_msg/include/mpros2_msg/mpros2_msg/msg/detail/media_pipe_human_hand__rosidl_typesupport_introspection_cpp.hpp
[0.780s] -- Up-to-date: /home/lairlab-squirtle/mpros2-docker/install/mpros2_msg/include/mpros2_msg/mpros2_msg/msg/detail/pose_point__rosidl_typesupport_introspection_cpp.hpp
[0.780s] -- Up-to-date: /home/lairlab-squirtle/mpros2-docker/install/mpros2_msg/include/mpros2_msg/mpros2_msg/msg/detail/media_pipe_human_pose_list__rosidl_typesupport_introspection_cpp.hpp
[0.780s] -- Up-to-date: /home/lairlab-squirtle/mpros2-docker/install/mpros2_msg/include/mpros2_msg/mpros2_msg/msg/detail/hand_point__type_support.cpp
[0.780s] -- Up-to-date: /home/lairlab-squirtle/mpros2-docker/install/mpros2_msg/include/mpros2_msg/mpros2_msg/msg/detail/media_pipe_human_holistic_list__rosidl_typesupport_introspection_cpp.hpp
[0.780s] -- Up-to-date: /home/lairlab-squirtle/mpros2-docker/install/mpros2_msg/include/mpros2_msg/mpros2_msg/msg/detail/pose_point__type_support.cpp
[0.780s] -- Up-to-date: /home/lairlab-squirtle/mpros2-docker/install/mpros2_msg/include/mpros2_msg/mpros2_msg/msg/detail/media_pipe_human_pose_list__type_support.cpp
[0.780s] -- Up-to-date: /home/lairlab-squirtle/mpros2-docker/install/mpros2_msg/include/mpros2_msg/mpros2_msg/msg/detail/media_pipe_human_hand__type_support.cpp
[0.780s] -- Up-to-date: /home/lairlab-squirtle/mpros2-docker/install/mpros2_msg/include/mpros2_msg/mpros2_msg/msg/detail/media_pipe_human_face_mesh_list__rosidl_typesupport_introspection_cpp.hpp
[0.780s] -- Up-to-date: /home/lairlab-squirtle/mpros2-docker/install/mpros2_msg/include/mpros2_msg/mpros2_msg/msg/detail/media_pipe_human_face_mesh_list__type_support.cpp
[0.780s] -- Up-to-date: /home/lairlab-squirtle/mpros2-docker/install/mpros2_msg/include/mpros2_msg/mpros2_msg/msg/detail/hand_point__rosidl_typesupport_introspection_cpp.hpp
[0.780s] -- Up-to-date: /home/lairlab-squirtle/mpros2-docker/install/mpros2_msg/include/mpros2_msg/mpros2_msg/msg/detail/media_pipe_human_hand_list__type_support.cpp
[0.780s] -- Up-to-date: /home/lairlab-squirtle/mpros2-docker/install/mpros2_msg/include/mpros2_msg/mpros2_msg/msg/detail/face_mesh_point__type_support.cpp
[0.780s] -- Up-to-date: /home/lairlab-squirtle/mpros2-docker/install/mpros2_msg/include/mpros2_msg/mpros2_msg/msg/detail/media_pipe_human_holistic_list__type_support.cpp
[0.780s] -- Up-to-date: /home/lairlab-squirtle/mpros2-docker/install/mpros2_msg/include/mpros2_msg/mpros2_msg/msg/detail/face_mesh_point__rosidl_typesupport_introspection_cpp.hpp
[0.780s] -- Up-to-date: /home/lairlab-squirtle/mpros2-docker/install/mpros2_msg/include/mpros2_msg/mpros2_msg/msg/detail/media_pipe_human_hand_list__rosidl_typesupport_introspection_cpp.hpp
[0.780s] -- Up-to-date: /home/lairlab-squirtle/mpros2-docker/install/mpros2_msg/lib/libmpros2_msg__rosidl_typesupport_introspection_cpp.so
[0.780s] -- Up-to-date: /home/lairlab-squirtle/mpros2-docker/install/mpros2_msg/lib/libmpros2_msg__rosidl_typesupport_cpp.so
[0.780s] -- Up-to-date: /home/lairlab-squirtle/mpros2-docker/install/mpros2_msg/share/mpros2_msg/environment/pythonpath.sh
[0.780s] -- Up-to-date: /home/lairlab-squirtle/mpros2-docker/install/mpros2_msg/share/mpros2_msg/environment/pythonpath.dsv
[0.780s] -- Up-to-date: /home/lairlab-squirtle/mpros2-docker/install/mpros2_msg/lib/python3.12/site-packages/mpros2_msg-0.0.0-py3.12.egg-info
[0.781s] -- Installing: /home/lairlab-squirtle/mpros2-docker/install/mpros2_msg/lib/python3.12/site-packages/mpros2_msg-0.0.0-py3.12.egg-info/top_level.txt
[0.781s] -- Installing: /home/lairlab-squirtle/mpros2-docker/install/mpros2_msg/lib/python3.12/site-packages/mpros2_msg-0.0.0-py3.12.egg-info/dependency_links.txt
[0.781s] -- Installing: /home/lairlab-squirtle/mpros2-docker/install/mpros2_msg/lib/python3.12/site-packages/mpros2_msg-0.0.0-py3.12.egg-info/SOURCES.txt
[0.781s] -- Installing: /home/lairlab-squirtle/mpros2-docker/install/mpros2_msg/lib/python3.12/site-packages/mpros2_msg-0.0.0-py3.12.egg-info/PKG-INFO
[0.781s] -- Up-to-date: /home/lairlab-squirtle/mpros2-docker/install/mpros2_msg/lib/python3.12/site-packages/mpros2_msg
[0.781s] -- Up-to-date: /home/lairlab-squirtle/mpros2-docker/install/mpros2_msg/lib/python3.12/site-packages/mpros2_msg/mpros2_msg_s__rosidl_typesupport_c.so
[0.781s] -- Up-to-date: /home/lairlab-squirtle/mpros2-docker/install/mpros2_msg/lib/python3.12/site-packages/mpros2_msg/_mpros2_msg_s.ep.rosidl_typesupport_introspection_c.c
[0.781s] -- Up-to-date: /home/lairlab-squirtle/mpros2-docker/install/mpros2_msg/lib/python3.12/site-packages/mpros2_msg/__init__.py
[0.781s] -- Up-to-date: /home/lairlab-squirtle/mpros2-docker/install/mpros2_msg/lib/python3.12/site-packages/mpros2_msg/_mpros2_msg_s.ep.rosidl_typesupport_fastrtps_c.c
[0.781s] -- Up-to-date: /home/lairlab-squirtle/mpros2-docker/install/mpros2_msg/lib/python3.12/site-packages/mpros2_msg/mpros2_msg_s__rosidl_typesupport_introspection_c.so
[0.781s] -- Up-to-date: /home/lairlab-squirtle/mpros2-docker/install/mpros2_msg/lib/python3.12/site-packages/mpros2_msg/mpros2_msg_s__rosidl_typesupport_fastrtps_c.so
[0.781s] -- Up-to-date: /home/lairlab-squirtle/mpros2-docker/install/mpros2_msg/lib/python3.12/site-packages/mpros2_msg/_mpros2_msg_s.ep.rosidl_typesupport_c.c
[0.781s] -- Up-to-date: /home/lairlab-squirtle/mpros2-docker/install/mpros2_msg/lib/python3.12/site-packages/mpros2_msg/msg
[0.781s] -- Up-to-date: /home/lairlab-squirtle/mpros2-docker/install/mpros2_msg/lib/python3.12/site-packages/mpros2_msg/msg/_media_pipe_human_holistic_list_s.c
[0.785s] -- Up-to-date: /home/lairlab-squirtle/mpros2-docker/install/mpros2_msg/lib/python3.12/site-packages/mpros2_msg/msg/_pose_point.py
[0.785s] -- Up-to-date: /home/lairlab-squirtle/mpros2-docker/install/mpros2_msg/lib/python3.12/site-packages/mpros2_msg/msg/_pose_point_s.c
[0.785s] -- Up-to-date: /home/lairlab-squirtle/mpros2-docker/install/mpros2_msg/lib/python3.12/site-packages/mpros2_msg/msg/_media_pipe_human_face_mesh_list.py
[0.785s] -- Up-to-date: /home/lairlab-squirtle/mpros2-docker/install/mpros2_msg/lib/python3.12/site-packages/mpros2_msg/msg/_media_pipe_human_pose_list.py
[0.785s] -- Up-to-date: /home/lairlab-squirtle/mpros2-docker/install/mpros2_msg/lib/python3.12/site-packages/mpros2_msg/msg/_media_pipe_human_hand_s.c
[0.787s] -- Up-to-date: /home/lairlab-squirtle/mpros2-docker/install/mpros2_msg/lib/python3.12/site-packages/mpros2_msg/msg/_media_pipe_human_hand_list_s.c
[0.788s] -- Up-to-date: /home/lairlab-squirtle/mpros2-docker/install/mpros2_msg/lib/python3.12/site-packages/mpros2_msg/msg/_media_pipe_human_hand.py
[0.788s] -- Up-to-date: /home/lairlab-squirtle/mpros2-docker/install/mpros2_msg/lib/python3.12/site-packages/mpros2_msg/msg/_media_pipe_human_holistic_list.py
[0.788s] -- Up-to-date: /home/lairlab-squirtle/mpros2-docker/install/mpros2_msg/lib/python3.12/site-packages/mpros2_msg/msg/__init__.py
[0.788s] -- Up-to-date: /home/lairlab-squirtle/mpros2-docker/install/mpros2_msg/lib/python3.12/site-packages/mpros2_msg/msg/_hand_point_s.c
[0.788s] -- Up-to-date: /home/lairlab-squirtle/mpros2-docker/install/mpros2_msg/lib/python3.12/site-packages/mpros2_msg/msg/_hand_point.py
[0.788s] -- Up-to-date: /home/lairlab-squirtle/mpros2-docker/install/mpros2_msg/lib/python3.12/site-packages/mpros2_msg/msg/_media_pipe_human_pose_list_s.c
[0.788s] -- Up-to-date: /home/lairlab-squirtle/mpros2-docker/install/mpros2_msg/lib/python3.12/site-packages/mpros2_msg/msg/_face_mesh_point_s.c
[0.788s] -- Up-to-date: /home/lairlab-squirtle/mpros2-docker/install/mpros2_msg/lib/python3.12/site-packages/mpros2_msg/msg/_media_pipe_human_hand_list.py
[0.788s] -- Up-to-date: /home/lairlab-squirtle/mpros2-docker/install/mpros2_msg/lib/python3.12/site-packages/mpros2_msg/msg/_face_mesh_point.py
[0.788s] -- Up-to-date: /home/lairlab-squirtle/mpros2-docker/install/mpros2_msg/lib/python3.12/site-packages/mpros2_msg/msg/_media_pipe_human_face_mesh_list_s.c
[0.829s] Listing '/home/lairlab-squirtle/mpros2-docker/install/mpros2_msg/lib/python3.12/site-packages/mpros2_msg'...
[0.829s] Listing '/home/lairlab-squirtle/mpros2-docker/install/mpros2_msg/lib/python3.12/site-packages/mpros2_msg/msg'...
[0.834s] -- Up-to-date: /home/lairlab-squirtle/mpros2-docker/install/mpros2_msg/lib/python3.12/site-packages/mpros2_msg/mpros2_msg_s__rosidl_typesupport_fastrtps_c.so
[0.834s] -- Up-to-date: /home/lairlab-squirtle/mpros2-docker/install/mpros2_msg/lib/python3.12/site-packages/mpros2_msg/mpros2_msg_s__rosidl_typesupport_introspection_c.so
[0.834s] -- Up-to-date: /home/lairlab-squirtle/mpros2-docker/install/mpros2_msg/lib/python3.12/site-packages/mpros2_msg/mpros2_msg_s__rosidl_typesupport_c.so
[0.835s] -- Up-to-date: /home/lairlab-squirtle/mpros2-docker/install/mpros2_msg/lib/libmpros2_msg__rosidl_generator_py.so
[0.835s] -- Up-to-date: /home/lairlab-squirtle/mpros2-docker/install/mpros2_msg/share/mpros2_msg/msg/HandPoint.idl
[0.835s] -- Up-to-date: /home/lairlab-squirtle/mpros2-docker/install/mpros2_msg/share/mpros2_msg/msg/MediaPipeHumanHand.idl
[0.835s] -- Up-to-date: /home/lairlab-squirtle/mpros2-docker/install/mpros2_msg/share/mpros2_msg/msg/MediaPipeHumanHandList.idl
[0.835s] -- Up-to-date: /home/lairlab-squirtle/mpros2-docker/install/mpros2_msg/share/mpros2_msg/msg/PosePoint.idl
[0.835s] -- Up-to-date: /home/lairlab-squirtle/mpros2-docker/install/mpros2_msg/share/mpros2_msg/msg/MediaPipeHumanPoseList.idl
[0.835s] -- Up-to-date: /home/lairlab-squirtle/mpros2-docker/install/mpros2_msg/share/mpros2_msg/msg/FaceMeshPoint.idl
[0.835s] -- Up-to-date: /home/lairlab-squirtle/mpros2-docker/install/mpros2_msg/share/mpros2_msg/msg/MediaPipeHumanFaceMeshList.idl
[0.835s] -- Up-to-date: /home/lairlab-squirtle/mpros2-docker/install/mpros2_msg/share/mpros2_msg/msg/MediaPipeHumanHolisticList.idl
[0.835s] -- Up-to-date: /home/lairlab-squirtle/mpros2-docker/install/mpros2_msg/share/mpros2_msg/msg/HandPoint.msg
[0.835s] -- Up-to-date: /home/lairlab-squirtle/mpros2-docker/install/mpros2_msg/share/mpros2_msg/msg/MediaPipeHumanHand.msg
[0.835s] -- Up-to-date: /home/lairlab-squirtle/mpros2-docker/install/mpros2_msg/share/mpros2_msg/msg/MediaPipeHumanHandList.msg
[0.835s] -- Up-to-date: /home/lairlab-squirtle/mpros2-docker/install/mpros2_msg/share/mpros2_msg/msg/PosePoint.msg
[0.835s] -- Up-to-date: /home/lairlab-squirtle/mpros2-docker/install/mpros2_msg/share/mpros2_msg/msg/MediaPipeHumanPoseList.msg
[0.835s] -- Up-to-date: /home/lairlab-squirtle/mpros2-docker/install/mpros2_msg/share/mpros2_msg/msg/FaceMeshPoint.msg
[0.835s] -- Up-to-date: /home/lairlab-squirtle/mpros2-docker/install/mpros2_msg/share/mpros2_msg/msg/MediaPipeHumanFaceMeshList.msg
[0.835s] -- Up-to-date: /home/lairlab-squirtle/mpros2-docker/install/mpros2_msg/share/mpros2_msg/msg/MediaPipeHumanHolisticList.msg
[0.836s] -- Up-to-date: /home/lairlab-squirtle/mpros2-docker/install/mpros2_msg/share/ament_index/resource_index/package_run_dependencies/mpros2_msg
[0.836s] -- Up-to-date: /home/lairlab-squirtle/mpros2-docker/install/mpros2_msg/share/ament_index/resource_index/parent_prefix_path/mpros2_msg
[0.836s] -- Up-to-date: /home/lairlab-squirtle/mpros2-docker/install/mpros2_msg/share/mpros2_msg/environment/ament_prefix_path.sh
[0.836s] -- Up-to-date: /home/lairlab-squirtle/mpros2-docker/install/mpros2_msg/share/mpros2_msg/environment/ament_prefix_path.dsv
[0.836s] -- Up-to-date: /home/lairlab-squirtle/mpros2-docker/install/mpros2_msg/share/mpros2_msg/environment/path.sh
[0.836s] -- Up-to-date: /home/lairlab-squirtle/mpros2-docker/install/mpros2_msg/share/mpros2_msg/environment/path.dsv
[0.836s] -- Up-to-date: /home/lairlab-squirtle/mpros2-docker/install/mpros2_msg/share/mpros2_msg/local_setup.bash
[0.836s] -- Up-to-date: /home/lairlab-squirtle/mpros2-docker/install/mpros2_msg/share/mpros2_msg/local_setup.sh
[0.836s] -- Up-to-date: /home/lairlab-squirtle/mpros2-docker/install/mpros2_msg/share/mpros2_msg/local_setup.zsh
[0.836s] -- Up-to-date: /home/lairlab-squirtle/mpros2-docker/install/mpros2_msg/share/mpros2_msg/local_setup.dsv
[0.836s] -- Installing: /home/lairlab-squirtle/mpros2-docker/install/mpros2_msg/share/mpros2_msg/package.dsv
[0.836s] -- Up-to-date: /home/lairlab-squirtle/mpros2-docker/install/mpros2_msg/share/ament_index/resource_index/packages/mpros2_msg
[0.837s] -- Up-to-date: /home/lairlab-squirtle/mpros2-docker/install/mpros2_msg/share/mpros2_msg/cmake/export_mpros2_msg__rosidl_generator_cExport.cmake
[0.837s] -- Up-to-date: /home/lairlab-squirtle/mpros2-docker/install/mpros2_msg/share/mpros2_msg/cmake/export_mpros2_msg__rosidl_generator_cExport-noconfig.cmake
[0.837s] -- Up-to-date: /home/lairlab-squirtle/mpros2-docker/install/mpros2_msg/share/mpros2_msg/cmake/export_mpros2_msg__rosidl_typesupport_fastrtps_cExport.cmake
[0.837s] -- Up-to-date: /home/lairlab-squirtle/mpros2-docker/install/mpros2_msg/share/mpros2_msg/cmake/export_mpros2_msg__rosidl_typesupport_fastrtps_cExport-noconfig.cmake
[0.837s] -- Up-to-date: /home/lairlab-squirtle/mpros2-docker/install/mpros2_msg/share/mpros2_msg/cmake/mpros2_msg__rosidl_typesupport_introspection_cExport.cmake
[0.837s] -- Up-to-date: /home/lairlab-squirtle/mpros2-docker/install/mpros2_msg/share/mpros2_msg/cmake/mpros2_msg__rosidl_typesupport_introspection_cExport-noconfig.cmake
[0.837s] -- Up-to-date: /home/lairlab-squirtle/mpros2-docker/install/mpros2_msg/share/mpros2_msg/cmake/mpros2_msg__rosidl_typesupport_cExport.cmake
[0.837s] -- Up-to-date: /home/lairlab-squirtle/mpros2-docker/install/mpros2_msg/share/mpros2_msg/cmake/mpros2_msg__rosidl_typesupport_cExport-noconfig.cmake
[0.837s] -- Up-to-date: /home/lairlab-squirtle/mpros2-docker/install/mpros2_msg/share/mpros2_msg/cmake/export_mpros2_msg__rosidl_generator_cppExport.cmake
[0.837s] -- Up-to-date: /home/lairlab-squirtle/mpros2-docker/install/mpros2_msg/share/mpros2_msg/cmake/export_mpros2_msg__rosidl_typesupport_fastrtps_cppExport.cmake
[0.837s] -- Up-to-date: /home/lairlab-squirtle/mpros2-docker/install/mpros2_msg/share/mpros2_msg/cmake/export_mpros2_msg__rosidl_typesupport_fastrtps_cppExport-noconfig.cmake
[0.838s] -- Up-to-date: /home/lairlab-squirtle/mpros2-docker/install/mpros2_msg/share/mpros2_msg/cmake/mpros2_msg__rosidl_typesupport_introspection_cppExport.cmake
[0.838s] -- Up-to-date: /home/lairlab-squirtle/mpros2-docker/install/mpros2_msg/share/mpros2_msg/cmake/mpros2_msg__rosidl_typesupport_introspection_cppExport-noconfig.cmake
[0.838s] -- Up-to-date: /home/lairlab-squirtle/mpros2-docker/install/mpros2_msg/share/mpros2_msg/cmake/mpros2_msg__rosidl_typesupport_cppExport.cmake
[0.838s] -- Up-to-date: /home/lairlab-squirtle/mpros2-docker/install/mpros2_msg/share/mpros2_msg/cmake/mpros2_msg__rosidl_typesupport_cppExport-noconfig.cmake
[0.838s] -- Up-to-date: /home/lairlab-squirtle/mpros2-docker/install/mpros2_msg/share/mpros2_msg/cmake/export_mpros2_msg__rosidl_generator_pyExport.cmake
[0.838s] -- Up-to-date: /home/lairlab-squirtle/mpros2-docker/install/mpros2_msg/share/mpros2_msg/cmake/export_mpros2_msg__rosidl_generator_pyExport-noconfig.cmake
[0.838s] -- Up-to-date: /home/lairlab-squirtle/mpros2-docker/install/mpros2_msg/share/mpros2_msg/cmake/rosidl_cmake-extras.cmake
[0.838s] -- Up-to-date: /home/lairlab-squirtle/mpros2-docker/install/mpros2_msg/share/mpros2_msg/cmake/ament_cmake_export_include_directories-extras.cmake
[0.838s] -- Up-to-date: /home/lairlab-squirtle/mpros2-docker/install/mpros2_msg/share/mpros2_msg/cmake/ament_cmake_export_libraries-extras.cmake
[0.838s] -- Up-to-date: /home/lairlab-squirtle/mpros2-docker/install/mpros2_msg/share/mpros2_msg/cmake/ament_cmake_export_targets-extras.cmake
[0.838s] -- Up-to-date: /home/lairlab-squirtle/mpros2-docker/install/mpros2_msg/share/mpros2_msg/cmake/rosidl_cmake_export_typesupport_targets-extras.cmake
[0.838s] -- Up-to-date: /home/lairlab-squirtle/mpros2-docker/install/mpros2_msg/share/mpros2_msg/cmake/ament_cmake_export_dependencies-extras.cmake
[0.838s] -- Up-to-date: /home/lairlab-squirtle/mpros2-docker/install/mpros2_msg/share/mpros2_msg/cmake/rosidl_cmake_export_typesupport_libraries-extras.cmake
[0.838s] -- Up-to-date: /home/lairlab-squirtle/mpros2-docker/install/mpros2_msg/share/mpros2_msg/cmake/mpros2_msgConfig.cmake
[0.839s] -- Up-to-date: /home/lairlab-squirtle/mpros2-docker/install/mpros2_msg/share/mpros2_msg/cmake/mpros2_msgConfig-version.cmake
[0.839s] -- Up-to-date: /home/lairlab-squirtle/mpros2-docker/install/mpros2_msg/share/mpros2_msg/package.xml
[0.841s] Invoked command in '/home/lairlab-squirtle/mpros2-docker/build/mpros2_msg' returned '0': CMAKE_PREFIX_PATH=${CMAKE_PREFIX_PATH}:/home/lairlab-squirtle/ros2_ws/install/mpros2:/home/lairlab-squirtle/ros2_ws/install/shimmer3_gsr_unit:/opt/ros/jazzy DEBUGINFOD_URLS=https://debuginfod.ubuntu.com /usr/bin/cmake --install /home/lairlab-squirtle/mpros2-docker/build/mpros2_msg
