[0.447s] Invoking command in '/home/lairlab-squirtle/mpros2-docker/src/src/mpros2': DEBUGINFOD_URLS=https://debuginfod.ubuntu.com PYTHONPATH=/home/lairlab-squirtle/mpros2-docker/build/mpros2/prefix_override:/usr/lib/python3/dist-packages/colcon_core/task/python/colcon_distutils_commands:/home/lairlab-squirtle/mpros2-docker/install/mpros2/lib/python3.12/site-packages:${PYTHONPATH} /usr/bin/python3 -W ignore:setup.py install is deprecated -W ignore:easy_install command is deprecated setup.py egg_info --egg-base ../../../build/mpros2 build --build-base /home/lairlab-squirtle/mpros2-docker/build/mpros2/build install --record /home/lairlab-squirtle/mpros2-docker/build/mpros2/install.log --single-version-externally-managed install_data
[0.564s] running egg_info
[0.573s] writing ../../../build/mpros2/mpros2.egg-info/PKG-INFO
[0.573s] writing dependency_links to ../../../build/mpros2/mpros2.egg-info/dependency_links.txt
[0.573s] writing entry points to ../../../build/mpros2/mpros2.egg-info/entry_points.txt
[0.573s] writing requirements to ../../../build/mpros2/mpros2.egg-info/requires.txt
[0.573s] writing top-level names to ../../../build/mpros2/mpros2.egg-info/top_level.txt
[0.589s] reading manifest file '../../../build/mpros2/mpros2.egg-info/SOURCES.txt'
[0.589s] writing manifest file '../../../build/mpros2/mpros2.egg-info/SOURCES.txt'
[0.589s] running build
[0.589s] running build_py
[0.589s] running install
[0.592s] running install_lib
[0.601s] running install_data
[0.601s] running install_egg_info
[0.609s] removing '/home/lairlab-squirtle/mpros2-docker/install/mpros2/lib/python3.12/site-packages/mpros2-0.0.0-py3.12.egg-info' (and everything under it)
[0.609s] Copying ../../../build/mpros2/mpros2.egg-info to /home/lairlab-squirtle/mpros2-docker/install/mpros2/lib/python3.12/site-packages/mpros2-0.0.0-py3.12.egg-info
[0.609s] running install_scripts
[0.666s] Installing debug_node script to /home/lairlab-squirtle/mpros2-docker/install/mpros2/lib/mpros2
[0.666s] Installing detector script to /home/lairlab-squirtle/mpros2-docker/install/mpros2/lib/mpros2
[0.666s] Installing face_mesh_detector script to /home/lairlab-squirtle/mpros2-docker/install/mpros2/lib/mpros2
[0.666s] Installing face_mesh_detector_rs script to /home/lairlab-squirtle/mpros2-docker/install/mpros2/lib/mpros2
[0.667s] Installing hands_detector script to /home/lairlab-squirtle/mpros2-docker/install/mpros2/lib/mpros2
[0.667s] Installing hands_detector_rs script to /home/lairlab-squirtle/mpros2-docker/install/mpros2/lib/mpros2
[0.667s] Installing holistic_detector script to /home/lairlab-squirtle/mpros2-docker/install/mpros2/lib/mpros2
[0.668s] Installing pose_detector script to /home/lairlab-squirtle/mpros2-docker/install/mpros2/lib/mpros2
[0.668s] Installing pose_detector_rs script to /home/lairlab-squirtle/mpros2-docker/install/mpros2/lib/mpros2
[0.668s] Installing visualization script to /home/lairlab-squirtle/mpros2-docker/install/mpros2/lib/mpros2
[0.668s] writing list of installed files to '/home/lairlab-squirtle/mpros2-docker/build/mpros2/install.log'
[0.682s] Invoked command in '/home/lairlab-squirtle/mpros2-docker/src/src/mpros2' returned '0': DEBUGINFOD_URLS=https://debuginfod.ubuntu.com PYTHONPATH=/home/lairlab-squirtle/mpros2-docker/build/mpros2/prefix_override:/usr/lib/python3/dist-packages/colcon_core/task/python/colcon_distutils_commands:/home/lairlab-squirtle/mpros2-docker/install/mpros2/lib/python3.12/site-packages:${PYTHONPATH} /usr/bin/python3 -W ignore:setup.py install is deprecated -W ignore:easy_install command is deprecated setup.py egg_info --egg-base ../../../build/mpros2 build --build-base /home/lairlab-squirtle/mpros2-docker/build/mpros2/build install --record /home/lairlab-squirtle/mpros2-docker/build/mpros2/install.log --single-version-externally-managed install_data
