[0.126s] Invoking command in '/home/lairlab-squirtle/mpros2-docker/build/mpros2_msg': CMAKE_PREFIX_PATH=${CMAKE_PREFIX_PATH}:/home/lairlab-squirtle/ros2_ws/install/mpros2:/home/lairlab-squirtle/ros2_ws/install/shimmer3_gsr_unit:/opt/ros/jazzy DEBUGINFOD_URLS=https://debuginfod.ubuntu.com /usr/bin/cmake /home/lairlab-squirtle/mpros2-docker/src/src/mpros2_msg -DCMAKE_INSTALL_PREFIX=/home/lairlab-squirtle/mpros2-docker/install/mpros2_msg
[0.183s] -- The C compiler identification is GNU 13.3.0
[0.233s] -- The CXX compiler identification is GNU 13.3.0
[0.248s] -- Detecting C compiler ABI info
[0.324s] -- Detecting C compiler ABI info - done
[0.331s] -- Check for working C compiler: /usr/bin/cc - skipped
[0.333s] -- Detecting C compile features
[0.334s] -- Detecting C compile features - done
[0.344s] -- Detecting CXX compiler ABI info
[0.430s] -- Detecting CXX compiler ABI info - done
[0.443s] -- Check for working CXX compiler: /usr/bin/c++ - skipped
[0.445s] -- Detecting CXX compile features
[0.445s] -- Detecting CXX compile features - done
[0.449s] -- Found ament_cmake: 2.5.4 (/opt/ros/jazzy/share/ament_cmake/cmake)
[0.580s] -- Found Python3: /usr/bin/python3 (found version "3.12.3") found components: Interpreter 
[0.678s] -- Found rosidl_default_generators: 1.6.0 (/opt/ros/jazzy/share/rosidl_default_generators/cmake)
[0.690s] -- Using all available rosidl_typesupport_c: rosidl_typesupport_fastrtps_c;rosidl_typesupport_introspection_c
[0.733s] -- Using all available rosidl_typesupport_cpp: rosidl_typesupport_fastrtps_cpp;rosidl_typesupport_introspection_cpp
[0.763s] -- Found rosidl_adapter: 4.6.5 (/opt/ros/jazzy/share/rosidl_adapter/cmake)
[1.285s] -- Found ament_cmake_ros: 0.12.0 (/opt/ros/jazzy/share/ament_cmake_ros/cmake)
[1.642s] -- Using all available rosidl_typesupport_c: rosidl_typesupport_fastrtps_c;rosidl_typesupport_introspection_c
[2.125s] -- Using all available rosidl_typesupport_cpp: rosidl_typesupport_fastrtps_cpp;rosidl_typesupport_introspection_cpp
[2.128s] -- Found python_cmake_module: 0.11.1 (/opt/ros/jazzy/share/python_cmake_module/cmake)
[2.232s] -- Found PythonExtra: /usr/bin/python3  
[2.618s] -- Found Python3: /usr/bin/python3 (found version "3.12.3") found components: Interpreter Development NumPy Development.Module Development.Embed 
[2.655s] -- Found ament_lint_auto: 0.17.2 (/opt/ros/jazzy/share/ament_lint_auto/cmake)
[2.680s] -- Added test 'copyright' to check source files copyright and LICENSE
[2.682s] -- Added test 'lint_cmake' to check CMake code style
[2.683s] -- Added test 'xmllint' to check XML markup files
[2.684s] -- Configuring done (2.6s)
[2.711s] -- Generating done (0.0s)
[2.718s] -- Build files have been written to: /home/lairlab-squirtle/mpros2-docker/build/mpros2_msg
[2.724s] Invoked command in '/home/lairlab-squirtle/mpros2-docker/build/mpros2_msg' returned '0': CMAKE_PREFIX_PATH=${CMAKE_PREFIX_PATH}:/home/lairlab-squirtle/ros2_ws/install/mpros2:/home/lairlab-squirtle/ros2_ws/install/shimmer3_gsr_unit:/opt/ros/jazzy DEBUGINFOD_URLS=https://debuginfod.ubuntu.com /usr/bin/cmake /home/lairlab-squirtle/mpros2-docker/src/src/mpros2_msg -DCMAKE_INSTALL_PREFIX=/home/lairlab-squirtle/mpros2-docker/install/mpros2_msg
[2.725s] Invoking command in '/home/lairlab-squirtle/mpros2-docker/build/mpros2_msg': CMAKE_PREFIX_PATH=${CMAKE_PREFIX_PATH}:/home/lairlab-squirtle/ros2_ws/install/mpros2:/home/lairlab-squirtle/ros2_ws/install/shimmer3_gsr_unit:/opt/ros/jazzy DEBUGINFOD_URLS=https://debuginfod.ubuntu.com /usr/bin/cmake --build /home/lairlab-squirtle/mpros2-docker/build/mpros2_msg -- -j20 -l20
[2.767s] [  1%] [34m[1mGenerating type hashes for ROS interfaces[0m
[2.952s] [  1%] Built target mpros2_msg__rosidl_generator_type_description
[2.970s] [  1%] Built target ament_cmake_python_copy_mpros2_msg
[2.977s] [  2%] [34m[1mGenerating C code for ROS interfaces[0m
[3.658s] [  3%] [32mBuilding C object CMakeFiles/mpros2_msg__rosidl_generator_c.dir/rosidl_generator_c/mpros2_msg/msg/detail/hand_point__description.c.o[0m
[3.691s] [  4%] [32mBuilding C object CMakeFiles/mpros2_msg__rosidl_generator_c.dir/rosidl_generator_c/mpros2_msg/msg/detail/face_mesh_point__type_support.c.o[0m
[3.715s] [  5%] [32mBuilding C object CMakeFiles/mpros2_msg__rosidl_generator_c.dir/rosidl_generator_c/mpros2_msg/msg/detail/media_pipe_human_face_mesh_list__description.c.o[0m
[3.749s] [  6%] [32mBuilding C object CMakeFiles/mpros2_msg__rosidl_generator_c.dir/rosidl_generator_c/mpros2_msg/msg/detail/media_pipe_human_face_mesh_list__functions.c.o[0m
[3.789s] [  7%] [32mBuilding C object CMakeFiles/mpros2_msg__rosidl_generator_c.dir/rosidl_generator_c/mpros2_msg/msg/detail/media_pipe_human_face_mesh_list__type_support.c.o[0m
[3.807s] [  8%] [32mBuilding C object CMakeFiles/mpros2_msg__rosidl_generator_c.dir/rosidl_generator_c/mpros2_msg/msg/detail/media_pipe_human_holistic_list__description.c.o[0m
[3.847s] [  9%] [32mBuilding C object CMakeFiles/mpros2_msg__rosidl_generator_c.dir/rosidl_generator_c/mpros2_msg/msg/detail/media_pipe_human_holistic_list__functions.c.o[0m
[3.882s] [  9%] [32mBuilding C object CMakeFiles/mpros2_msg__rosidl_generator_c.dir/rosidl_generator_c/mpros2_msg/msg/detail/media_pipe_human_holistic_list__type_support.c.o[0m
[3.901s] [ 10%] [32mBuilding C object CMakeFiles/mpros2_msg__rosidl_generator_c.dir/rosidl_generator_c/mpros2_msg/msg/detail/face_mesh_point__functions.c.o[0m
[3.950s] [ 11%] [32mBuilding C object CMakeFiles/mpros2_msg__rosidl_generator_c.dir/rosidl_generator_c/mpros2_msg/msg/detail/face_mesh_point__description.c.o[0m
[3.986s] [ 12%] [32mBuilding C object CMakeFiles/mpros2_msg__rosidl_generator_c.dir/rosidl_generator_c/mpros2_msg/msg/detail/media_pipe_human_pose_list__type_support.c.o[0m
[4.018s] [ 13%] [32mBuilding C object CMakeFiles/mpros2_msg__rosidl_generator_c.dir/rosidl_generator_c/mpros2_msg/msg/detail/media_pipe_human_pose_list__functions.c.o[0m
[4.052s] [ 14%] [32mBuilding C object CMakeFiles/mpros2_msg__rosidl_generator_c.dir/rosidl_generator_c/mpros2_msg/msg/detail/media_pipe_human_pose_list__description.c.o[0m
[4.083s] [ 15%] [32mBuilding C object CMakeFiles/mpros2_msg__rosidl_generator_c.dir/rosidl_generator_c/mpros2_msg/msg/detail/pose_point__type_support.c.o[0m
[4.113s] [ 16%] [32mBuilding C object CMakeFiles/mpros2_msg__rosidl_generator_c.dir/rosidl_generator_c/mpros2_msg/msg/detail/pose_point__functions.c.o[0m
[4.148s] [ 17%] [32mBuilding C object CMakeFiles/mpros2_msg__rosidl_generator_c.dir/rosidl_generator_c/mpros2_msg/msg/detail/pose_point__description.c.o[0m
[4.191s] [ 18%] [32mBuilding C object CMakeFiles/mpros2_msg__rosidl_generator_c.dir/rosidl_generator_c/mpros2_msg/msg/detail/media_pipe_human_hand_list__type_support.c.o[0m
[4.216s] [ 19%] [32mBuilding C object CMakeFiles/mpros2_msg__rosidl_generator_c.dir/rosidl_generator_c/mpros2_msg/msg/detail/media_pipe_human_hand_list__functions.c.o[0m
[4.248s] [ 20%] [32mBuilding C object CMakeFiles/mpros2_msg__rosidl_generator_c.dir/rosidl_generator_c/mpros2_msg/msg/detail/media_pipe_human_hand_list__description.c.o[0m
[4.286s] [ 21%] [32mBuilding C object CMakeFiles/mpros2_msg__rosidl_generator_c.dir/rosidl_generator_c/mpros2_msg/msg/detail/media_pipe_human_hand__type_support.c.o[0m
[4.310s] [ 22%] [32mBuilding C object CMakeFiles/mpros2_msg__rosidl_generator_c.dir/rosidl_generator_c/mpros2_msg/msg/detail/media_pipe_human_hand__functions.c.o[0m
[4.346s] [ 23%] [32mBuilding C object CMakeFiles/mpros2_msg__rosidl_generator_c.dir/rosidl_generator_c/mpros2_msg/msg/detail/media_pipe_human_hand__description.c.o[0m
[4.372s] [ 24%] [32mBuilding C object CMakeFiles/mpros2_msg__rosidl_generator_c.dir/rosidl_generator_c/mpros2_msg/msg/detail/hand_point__type_support.c.o[0m
[4.391s] [ 25%] [32mBuilding C object CMakeFiles/mpros2_msg__rosidl_generator_c.dir/rosidl_generator_c/mpros2_msg/msg/detail/hand_point__functions.c.o[0m
[4.420s] [ 26%] [32m[1mLinking C shared library libmpros2_msg__rosidl_generator_c.so[0m
[4.453s] [ 26%] Built target mpros2_msg__rosidl_generator_c
[4.599s] running egg_info
[4.599s] creating mpros2_msg.egg-info
[4.606s] writing mpros2_msg.egg-info/PKG-INFO
[4.606s] writing dependency_links to mpros2_msg.egg-info/dependency_links.txt
[4.606s] writing top-level names to mpros2_msg.egg-info/top_level.txt
[4.606s] writing manifest file 'mpros2_msg.egg-info/SOURCES.txt'
[4.628s] reading manifest file 'mpros2_msg.egg-info/SOURCES.txt'
[4.628s] writing manifest file 'mpros2_msg.egg-info/SOURCES.txt'
[4.646s] [ 26%] Built target ament_cmake_python_build_mpros2_msg_egg
[4.652s] [ 27%] [34m[1mGenerating C type support dispatch for ROS interfaces[0m
[4.894s] [ 28%] [32mBuilding CXX object CMakeFiles/mpros2_msg__rosidl_typesupport_c.dir/rosidl_typesupport_c/mpros2_msg/msg/hand_point__type_support.cpp.o[0m
[4.923s] [ 29%] [32mBuilding CXX object CMakeFiles/mpros2_msg__rosidl_typesupport_c.dir/rosidl_typesupport_c/mpros2_msg/msg/media_pipe_human_holistic_list__type_support.cpp.o[0m
[4.950s] [ 30%] [32mBuilding CXX object CMakeFiles/mpros2_msg__rosidl_typesupport_c.dir/rosidl_typesupport_c/mpros2_msg/msg/media_pipe_human_face_mesh_list__type_support.cpp.o[0m
[4.983s] [ 31%] [32mBuilding CXX object CMakeFiles/mpros2_msg__rosidl_typesupport_c.dir/rosidl_typesupport_c/mpros2_msg/msg/face_mesh_point__type_support.cpp.o[0m
[5.011s] [ 32%] [32mBuilding CXX object CMakeFiles/mpros2_msg__rosidl_typesupport_c.dir/rosidl_typesupport_c/mpros2_msg/msg/media_pipe_human_pose_list__type_support.cpp.o[0m
[5.039s] [ 33%] [32mBuilding CXX object CMakeFiles/mpros2_msg__rosidl_typesupport_c.dir/rosidl_typesupport_c/mpros2_msg/msg/pose_point__type_support.cpp.o[0m
[5.070s] [ 34%] [32mBuilding CXX object CMakeFiles/mpros2_msg__rosidl_typesupport_c.dir/rosidl_typesupport_c/mpros2_msg/msg/media_pipe_human_hand_list__type_support.cpp.o[0m
[5.095s] [ 35%] [32mBuilding CXX object CMakeFiles/mpros2_msg__rosidl_typesupport_c.dir/rosidl_typesupport_c/mpros2_msg/msg/media_pipe_human_hand__type_support.cpp.o[0m
[5.122s] [ 36%] [32m[1mLinking CXX shared library libmpros2_msg__rosidl_typesupport_c.so[0m
[5.152s] [ 36%] Built target mpros2_msg__rosidl_typesupport_c
[5.159s] [ 36%] [34m[1mGenerating C introspection for ROS interfaces[0m
[5.472s] [ 37%] [32mBuilding C object CMakeFiles/mpros2_msg__rosidl_typesupport_introspection_c.dir/rosidl_typesupport_introspection_c/mpros2_msg/msg/detail/hand_point__type_support.c.o[0m
[5.498s] [ 38%] [32mBuilding C object CMakeFiles/mpros2_msg__rosidl_typesupport_introspection_c.dir/rosidl_typesupport_introspection_c/mpros2_msg/msg/detail/media_pipe_human_holistic_list__type_support.c.o[0m
[5.527s] [ 39%] [32mBuilding C object CMakeFiles/mpros2_msg__rosidl_typesupport_introspection_c.dir/rosidl_typesupport_introspection_c/mpros2_msg/msg/detail/media_pipe_human_face_mesh_list__type_support.c.o[0m
[5.562s] [ 40%] [32mBuilding C object CMakeFiles/mpros2_msg__rosidl_typesupport_introspection_c.dir/rosidl_typesupport_introspection_c/mpros2_msg/msg/detail/face_mesh_point__type_support.c.o[0m
[5.589s] [ 41%] [32mBuilding C object CMakeFiles/mpros2_msg__rosidl_typesupport_introspection_c.dir/rosidl_typesupport_introspection_c/mpros2_msg/msg/detail/media_pipe_human_pose_list__type_support.c.o[0m
[5.625s] [ 42%] [32mBuilding C object CMakeFiles/mpros2_msg__rosidl_typesupport_introspection_c.dir/rosidl_typesupport_introspection_c/mpros2_msg/msg/detail/pose_point__type_support.c.o[0m
[5.658s] [ 43%] [32mBuilding C object CMakeFiles/mpros2_msg__rosidl_typesupport_introspection_c.dir/rosidl_typesupport_introspection_c/mpros2_msg/msg/detail/media_pipe_human_hand_list__type_support.c.o[0m
[5.688s] [ 44%] [32mBuilding C object CMakeFiles/mpros2_msg__rosidl_typesupport_introspection_c.dir/rosidl_typesupport_introspection_c/mpros2_msg/msg/detail/media_pipe_human_hand__type_support.c.o[0m
[5.719s] [ 45%] [32m[1mLinking C shared library libmpros2_msg__rosidl_typesupport_introspection_c.so[0m
[5.745s] [ 45%] Built target mpros2_msg__rosidl_typesupport_introspection_c
[5.754s] [ 46%] [34m[1mGenerating C type support for eProsima Fast-RTPS[0m
[6.090s] [ 47%] [32mBuilding CXX object CMakeFiles/mpros2_msg__rosidl_typesupport_fastrtps_c.dir/rosidl_typesupport_fastrtps_c/mpros2_msg/msg/detail/hand_point__type_support_c.cpp.o[0m
[6.341s] [ 48%] [32mBuilding CXX object CMakeFiles/mpros2_msg__rosidl_typesupport_fastrtps_c.dir/rosidl_typesupport_fastrtps_c/mpros2_msg/msg/detail/media_pipe_human_holistic_list__type_support_c.cpp.o[0m
[6.562s] [ 49%] [32mBuilding CXX object CMakeFiles/mpros2_msg__rosidl_typesupport_fastrtps_c.dir/rosidl_typesupport_fastrtps_c/mpros2_msg/msg/detail/media_pipe_human_face_mesh_list__type_support_c.cpp.o[0m
[6.783s] [ 50%] [32mBuilding CXX object CMakeFiles/mpros2_msg__rosidl_typesupport_fastrtps_c.dir/rosidl_typesupport_fastrtps_c/mpros2_msg/msg/detail/face_mesh_point__type_support_c.cpp.o[0m
[7.077s] [ 51%] [32mBuilding CXX object CMakeFiles/mpros2_msg__rosidl_typesupport_fastrtps_c.dir/rosidl_typesupport_fastrtps_c/mpros2_msg/msg/detail/media_pipe_human_pose_list__type_support_c.cpp.o[0m
[7.341s] [ 52%] [32mBuilding CXX object CMakeFiles/mpros2_msg__rosidl_typesupport_fastrtps_c.dir/rosidl_typesupport_fastrtps_c/mpros2_msg/msg/detail/pose_point__type_support_c.cpp.o[0m
[7.617s] [ 53%] [32mBuilding CXX object CMakeFiles/mpros2_msg__rosidl_typesupport_fastrtps_c.dir/rosidl_typesupport_fastrtps_c/mpros2_msg/msg/detail/media_pipe_human_hand_list__type_support_c.cpp.o[0m
[7.868s] [ 54%] [32mBuilding CXX object CMakeFiles/mpros2_msg__rosidl_typesupport_fastrtps_c.dir/rosidl_typesupport_fastrtps_c/mpros2_msg/msg/detail/media_pipe_human_hand__type_support_c.cpp.o[0m
[8.134s] [ 55%] [32m[1mLinking CXX shared library libmpros2_msg__rosidl_typesupport_fastrtps_c.so[0m
[8.202s] [ 55%] Built target mpros2_msg__rosidl_typesupport_fastrtps_c
[8.221s] [ 55%] [34m[1mGenerating C++ code for ROS interfaces[0m
[8.754s] [ 55%] Built target mpros2_msg__cpp
[8.765s] [ 56%] [34m[1mGenerating C++ type support dispatch for ROS interfaces[0m
[8.979s] [ 57%] [32mBuilding CXX object CMakeFiles/mpros2_msg__rosidl_typesupport_cpp.dir/rosidl_typesupport_cpp/mpros2_msg/msg/hand_point__type_support.cpp.o[0m
[9.151s] [ 58%] [32mBuilding CXX object CMakeFiles/mpros2_msg__rosidl_typesupport_cpp.dir/rosidl_typesupport_cpp/mpros2_msg/msg/media_pipe_human_holistic_list__type_support.cpp.o[0m
[9.340s] [ 59%] [32mBuilding CXX object CMakeFiles/mpros2_msg__rosidl_typesupport_cpp.dir/rosidl_typesupport_cpp/mpros2_msg/msg/media_pipe_human_face_mesh_list__type_support.cpp.o[0m
[9.551s] [ 60%] [32mBuilding CXX object CMakeFiles/mpros2_msg__rosidl_typesupport_cpp.dir/rosidl_typesupport_cpp/mpros2_msg/msg/face_mesh_point__type_support.cpp.o[0m
[9.718s] [ 61%] [32mBuilding CXX object CMakeFiles/mpros2_msg__rosidl_typesupport_cpp.dir/rosidl_typesupport_cpp/mpros2_msg/msg/media_pipe_human_pose_list__type_support.cpp.o[0m
[9.884s] [ 61%] [32mBuilding CXX object CMakeFiles/mpros2_msg__rosidl_typesupport_cpp.dir/rosidl_typesupport_cpp/mpros2_msg/msg/pose_point__type_support.cpp.o[0m
[10.051s] [ 62%] [32mBuilding CXX object CMakeFiles/mpros2_msg__rosidl_typesupport_cpp.dir/rosidl_typesupport_cpp/mpros2_msg/msg/media_pipe_human_hand_list__type_support.cpp.o[0m
[10.264s] [ 63%] [32mBuilding CXX object CMakeFiles/mpros2_msg__rosidl_typesupport_cpp.dir/rosidl_typesupport_cpp/mpros2_msg/msg/media_pipe_human_hand__type_support.cpp.o[0m
[10.440s] [ 64%] [32m[1mLinking CXX shared library libmpros2_msg__rosidl_typesupport_cpp.so[0m
[10.474s] [ 64%] Built target mpros2_msg__rosidl_typesupport_cpp
[10.479s] [ 65%] [34m[1mGenerating C++ introspection for ROS interfaces[0m
[10.798s] [ 66%] [32mBuilding CXX object CMakeFiles/mpros2_msg__rosidl_typesupport_introspection_cpp.dir/rosidl_typesupport_introspection_cpp/mpros2_msg/msg/detail/hand_point__type_support.cpp.o[0m
[10.993s] [ 67%] [32mBuilding CXX object CMakeFiles/mpros2_msg__rosidl_typesupport_introspection_cpp.dir/rosidl_typesupport_introspection_cpp/mpros2_msg/msg/detail/media_pipe_human_holistic_list__type_support.cpp.o[0m
[11.191s] [ 68%] [32mBuilding CXX object CMakeFiles/mpros2_msg__rosidl_typesupport_introspection_cpp.dir/rosidl_typesupport_introspection_cpp/mpros2_msg/msg/detail/media_pipe_human_face_mesh_list__type_support.cpp.o[0m
[11.426s] [ 69%] [32mBuilding CXX object CMakeFiles/mpros2_msg__rosidl_typesupport_introspection_cpp.dir/rosidl_typesupport_introspection_cpp/mpros2_msg/msg/detail/face_mesh_point__type_support.cpp.o[0m
[11.603s] [ 70%] [32mBuilding CXX object CMakeFiles/mpros2_msg__rosidl_typesupport_introspection_cpp.dir/rosidl_typesupport_introspection_cpp/mpros2_msg/msg/detail/media_pipe_human_pose_list__type_support.cpp.o[0m
[11.782s] [ 71%] [32mBuilding CXX object CMakeFiles/mpros2_msg__rosidl_typesupport_introspection_cpp.dir/rosidl_typesupport_introspection_cpp/mpros2_msg/msg/detail/pose_point__type_support.cpp.o[0m
[11.954s] [ 72%] [32mBuilding CXX object CMakeFiles/mpros2_msg__rosidl_typesupport_introspection_cpp.dir/rosidl_typesupport_introspection_cpp/mpros2_msg/msg/detail/media_pipe_human_hand_list__type_support.cpp.o[0m
[12.140s] [ 73%] [32mBuilding CXX object CMakeFiles/mpros2_msg__rosidl_typesupport_introspection_cpp.dir/rosidl_typesupport_introspection_cpp/mpros2_msg/msg/detail/media_pipe_human_hand__type_support.cpp.o[0m
[12.319s] [ 74%] [32m[1mLinking CXX shared library libmpros2_msg__rosidl_typesupport_introspection_cpp.so[0m
[12.383s] [ 74%] Built target mpros2_msg__rosidl_typesupport_introspection_cpp
[12.392s] [ 75%] [34m[1mGenerating C++ type support for eProsima Fast-RTPS[0m
[12.761s] [ 76%] [32mBuilding CXX object CMakeFiles/mpros2_msg__rosidl_typesupport_fastrtps_cpp.dir/rosidl_typesupport_fastrtps_cpp/mpros2_msg/msg/detail/dds_fastrtps/hand_point__type_support.cpp.o[0m
[13.052s] [ 77%] [32mBuilding CXX object CMakeFiles/mpros2_msg__rosidl_typesupport_fastrtps_cpp.dir/rosidl_typesupport_fastrtps_cpp/mpros2_msg/msg/detail/dds_fastrtps/media_pipe_human_holistic_list__type_support.cpp.o[0m
[13.332s] [ 78%] [32mBuilding CXX object CMakeFiles/mpros2_msg__rosidl_typesupport_fastrtps_cpp.dir/rosidl_typesupport_fastrtps_cpp/mpros2_msg/msg/detail/dds_fastrtps/media_pipe_human_face_mesh_list__type_support.cpp.o[0m
[13.593s] [ 79%] [32mBuilding CXX object CMakeFiles/mpros2_msg__rosidl_typesupport_fastrtps_cpp.dir/rosidl_typesupport_fastrtps_cpp/mpros2_msg/msg/detail/dds_fastrtps/face_mesh_point__type_support.cpp.o[0m
[13.850s] [ 80%] [32mBuilding CXX object CMakeFiles/mpros2_msg__rosidl_typesupport_fastrtps_cpp.dir/rosidl_typesupport_fastrtps_cpp/mpros2_msg/msg/detail/dds_fastrtps/media_pipe_human_pose_list__type_support.cpp.o[0m
[14.106s] [ 81%] [32mBuilding CXX object CMakeFiles/mpros2_msg__rosidl_typesupport_fastrtps_cpp.dir/rosidl_typesupport_fastrtps_cpp/mpros2_msg/msg/detail/dds_fastrtps/pose_point__type_support.cpp.o[0m
[14.387s] [ 82%] [32mBuilding CXX object CMakeFiles/mpros2_msg__rosidl_typesupport_fastrtps_cpp.dir/rosidl_typesupport_fastrtps_cpp/mpros2_msg/msg/detail/dds_fastrtps/media_pipe_human_hand_list__type_support.cpp.o[0m
[14.660s] [ 83%] [32mBuilding CXX object CMakeFiles/mpros2_msg__rosidl_typesupport_fastrtps_cpp.dir/rosidl_typesupport_fastrtps_cpp/mpros2_msg/msg/detail/dds_fastrtps/media_pipe_human_hand__type_support.cpp.o[0m
[14.936s] [ 84%] [32m[1mLinking CXX shared library libmpros2_msg__rosidl_typesupport_fastrtps_cpp.so[0m
[14.987s] [ 84%] Built target mpros2_msg__rosidl_typesupport_fastrtps_cpp
[15.001s] [ 84%] Built target mpros2_msg
[15.014s] [ 85%] [34m[1mGenerating Python code for ROS interfaces[0m
[15.548s] [ 85%] Built target mpros2_msg__py
[15.564s] [ 86%] [32mBuilding C object CMakeFiles/mpros2_msg__rosidl_generator_py.dir/rosidl_generator_py/mpros2_msg/msg/_hand_point_s.c.o[0m
[15.648s] [ 87%] [32mBuilding C object CMakeFiles/mpros2_msg__rosidl_generator_py.dir/rosidl_generator_py/mpros2_msg/msg/_media_pipe_human_holistic_list_s.c.o[0m
[15.747s] [ 88%] [32mBuilding C object CMakeFiles/mpros2_msg__rosidl_generator_py.dir/rosidl_generator_py/mpros2_msg/msg/_media_pipe_human_face_mesh_list_s.c.o[0m
[15.832s] [ 89%] [32mBuilding C object CMakeFiles/mpros2_msg__rosidl_generator_py.dir/rosidl_generator_py/mpros2_msg/msg/_face_mesh_point_s.c.o[0m
[15.914s] [ 90%] [32mBuilding C object CMakeFiles/mpros2_msg__rosidl_generator_py.dir/rosidl_generator_py/mpros2_msg/msg/_media_pipe_human_pose_list_s.c.o[0m
[15.994s] [ 91%] [32mBuilding C object CMakeFiles/mpros2_msg__rosidl_generator_py.dir/rosidl_generator_py/mpros2_msg/msg/_pose_point_s.c.o[0m
[16.068s] [ 92%] [32mBuilding C object CMakeFiles/mpros2_msg__rosidl_generator_py.dir/rosidl_generator_py/mpros2_msg/msg/_media_pipe_human_hand_list_s.c.o[0m
[16.136s] [ 93%] [32mBuilding C object CMakeFiles/mpros2_msg__rosidl_generator_py.dir/rosidl_generator_py/mpros2_msg/msg/_media_pipe_human_hand_s.c.o[0m
[16.224s] [ 94%] [32m[1mLinking C shared library libmpros2_msg__rosidl_generator_py.so[0m
[16.250s] [ 94%] Built target mpros2_msg__rosidl_generator_py
[16.262s] [ 95%] [32mBuilding C object CMakeFiles/mpros2_msg_s__rosidl_typesupport_fastrtps_c.dir/rosidl_generator_py/mpros2_msg/_mpros2_msg_s.ep.rosidl_typesupport_fastrtps_c.c.o[0m
[16.347s] [ 96%] [32m[1mLinking C shared module rosidl_generator_py/mpros2_msg/mpros2_msg_s__rosidl_typesupport_fastrtps_c.so[0m
[16.369s] [ 96%] Built target mpros2_msg_s__rosidl_typesupport_fastrtps_c
[16.384s] [ 97%] [32mBuilding C object CMakeFiles/mpros2_msg_s__rosidl_typesupport_c.dir/rosidl_generator_py/mpros2_msg/_mpros2_msg_s.ep.rosidl_typesupport_c.c.o[0m
[16.468s] [ 98%] [32m[1mLinking C shared module rosidl_generator_py/mpros2_msg/mpros2_msg_s__rosidl_typesupport_c.so[0m
[16.496s] [ 98%] Built target mpros2_msg_s__rosidl_typesupport_c
[16.511s] [ 99%] [32mBuilding C object CMakeFiles/mpros2_msg_s__rosidl_typesupport_introspection_c.dir/rosidl_generator_py/mpros2_msg/_mpros2_msg_s.ep.rosidl_typesupport_introspection_c.c.o[0m
[16.600s] [100%] [32m[1mLinking C shared module rosidl_generator_py/mpros2_msg/mpros2_msg_s__rosidl_typesupport_introspection_c.so[0m
[16.623s] [100%] Built target mpros2_msg_s__rosidl_typesupport_introspection_c
[16.635s] Invoked command in '/home/lairlab-squirtle/mpros2-docker/build/mpros2_msg' returned '0': CMAKE_PREFIX_PATH=${CMAKE_PREFIX_PATH}:/home/lairlab-squirtle/ros2_ws/install/mpros2:/home/lairlab-squirtle/ros2_ws/install/shimmer3_gsr_unit:/opt/ros/jazzy DEBUGINFOD_URLS=https://debuginfod.ubuntu.com /usr/bin/cmake --build /home/lairlab-squirtle/mpros2-docker/build/mpros2_msg -- -j20 -l20
[16.641s] Invoking command in '/home/lairlab-squirtle/mpros2-docker/build/mpros2_msg': CMAKE_PREFIX_PATH=${CMAKE_PREFIX_PATH}:/home/lairlab-squirtle/ros2_ws/install/mpros2:/home/lairlab-squirtle/ros2_ws/install/shimmer3_gsr_unit:/opt/ros/jazzy DEBUGINFOD_URLS=https://debuginfod.ubuntu.com /usr/bin/cmake --install /home/lairlab-squirtle/mpros2-docker/build/mpros2_msg
[16.647s] -- Install configuration: ""
[16.647s] -- Installing: /home/lairlab-squirtle/mpros2-docker/install/mpros2_msg/share/ament_index/resource_index/rosidl_interfaces/mpros2_msg
[16.647s] -- Installing: /home/lairlab-squirtle/mpros2-docker/install/mpros2_msg/share/mpros2_msg/msg/HandPoint.json
[16.647s] -- Installing: /home/lairlab-squirtle/mpros2-docker/install/mpros2_msg/share/mpros2_msg/msg/MediaPipeHumanHand.json
[16.647s] -- Installing: /home/lairlab-squirtle/mpros2-docker/install/mpros2_msg/share/mpros2_msg/msg/MediaPipeHumanHandList.json
[16.647s] -- Installing: /home/lairlab-squirtle/mpros2-docker/install/mpros2_msg/share/mpros2_msg/msg/PosePoint.json
[16.647s] -- Installing: /home/lairlab-squirtle/mpros2-docker/install/mpros2_msg/share/mpros2_msg/msg/MediaPipeHumanPoseList.json
[16.648s] -- Installing: /home/lairlab-squirtle/mpros2-docker/install/mpros2_msg/share/mpros2_msg/msg/FaceMeshPoint.json
[16.648s] -- Installing: /home/lairlab-squirtle/mpros2-docker/install/mpros2_msg/share/mpros2_msg/msg/MediaPipeHumanFaceMeshList.json
[16.648s] -- Installing: /home/lairlab-squirtle/mpros2-docker/install/mpros2_msg/share/mpros2_msg/msg/MediaPipeHumanHolisticList.json
[16.648s] -- Installing: /home/lairlab-squirtle/mpros2-docker/install/mpros2_msg/include/mpros2_msg/mpros2_msg
[16.648s] -- Installing: /home/lairlab-squirtle/mpros2-docker/install/mpros2_msg/include/mpros2_msg/mpros2_msg/msg
[16.648s] -- Installing: /home/lairlab-squirtle/mpros2-docker/install/mpros2_msg/include/mpros2_msg/mpros2_msg/msg/hand_point.h
[16.649s] -- Installing: /home/lairlab-squirtle/mpros2-docker/install/mpros2_msg/include/mpros2_msg/mpros2_msg/msg/media_pipe_human_hand_list.h
[16.649s] -- Installing: /home/lairlab-squirtle/mpros2-docker/install/mpros2_msg/include/mpros2_msg/mpros2_msg/msg/media_pipe_human_pose_list.h
[16.649s] -- Installing: /home/lairlab-squirtle/mpros2-docker/install/mpros2_msg/include/mpros2_msg/mpros2_msg/msg/rosidl_generator_c__visibility_control.h
[16.649s] -- Installing: /home/lairlab-squirtle/mpros2-docker/install/mpros2_msg/include/mpros2_msg/mpros2_msg/msg/media_pipe_human_face_mesh_list.h
[16.649s] -- Installing: /home/lairlab-squirtle/mpros2-docker/install/mpros2_msg/include/mpros2_msg/mpros2_msg/msg/pose_point.h
[16.649s] -- Installing: /home/lairlab-squirtle/mpros2-docker/install/mpros2_msg/include/mpros2_msg/mpros2_msg/msg/media_pipe_human_holistic_list.h
[16.649s] -- Installing: /home/lairlab-squirtle/mpros2-docker/install/mpros2_msg/include/mpros2_msg/mpros2_msg/msg/detail
[16.649s] -- Installing: /home/lairlab-squirtle/mpros2-docker/install/mpros2_msg/include/mpros2_msg/mpros2_msg/msg/detail/media_pipe_human_hand__functions.h
[16.649s] -- Installing: /home/lairlab-squirtle/mpros2-docker/install/mpros2_msg/include/mpros2_msg/mpros2_msg/msg/detail/face_mesh_point__struct.h
[16.649s] -- Installing: /home/lairlab-squirtle/mpros2-docker/install/mpros2_msg/include/mpros2_msg/mpros2_msg/msg/detail/media_pipe_human_holistic_list__functions.c
[16.650s] -- Installing: /home/lairlab-squirtle/mpros2-docker/install/mpros2_msg/include/mpros2_msg/mpros2_msg/msg/detail/face_mesh_point__functions.h
[16.650s] -- Installing: /home/lairlab-squirtle/mpros2-docker/install/mpros2_msg/include/mpros2_msg/mpros2_msg/msg/detail/pose_point__type_support.c
[16.651s] -- Installing: /home/lairlab-squirtle/mpros2-docker/install/mpros2_msg/include/mpros2_msg/mpros2_msg/msg/detail/media_pipe_human_pose_list__functions.c
[16.651s] -- Installing: /home/lairlab-squirtle/mpros2-docker/install/mpros2_msg/include/mpros2_msg/mpros2_msg/msg/detail/media_pipe_human_face_mesh_list__type_support.h
[16.651s] -- Installing: /home/lairlab-squirtle/mpros2-docker/install/mpros2_msg/include/mpros2_msg/mpros2_msg/msg/detail/pose_point__functions.h
[16.651s] -- Installing: /home/lairlab-squirtle/mpros2-docker/install/mpros2_msg/include/mpros2_msg/mpros2_msg/msg/detail/media_pipe_human_pose_list__description.c
[16.651s] -- Installing: /home/lairlab-squirtle/mpros2-docker/install/mpros2_msg/include/mpros2_msg/mpros2_msg/msg/detail/media_pipe_human_holistic_list__description.c
[16.651s] -- Installing: /home/lairlab-squirtle/mpros2-docker/install/mpros2_msg/include/mpros2_msg/mpros2_msg/msg/detail/media_pipe_human_face_mesh_list__struct.h
[16.651s] -- Installing: /home/lairlab-squirtle/mpros2-docker/install/mpros2_msg/include/mpros2_msg/mpros2_msg/msg/detail/media_pipe_human_face_mesh_list__description.c
[16.651s] -- Installing: /home/lairlab-squirtle/mpros2-docker/install/mpros2_msg/include/mpros2_msg/mpros2_msg/msg/detail/media_pipe_human_pose_list__functions.h
[16.651s] -- Installing: /home/lairlab-squirtle/mpros2-docker/install/mpros2_msg/include/mpros2_msg/mpros2_msg/msg/detail/media_pipe_human_hand__description.c
[16.651s] -- Installing: /home/lairlab-squirtle/mpros2-docker/install/mpros2_msg/include/mpros2_msg/mpros2_msg/msg/detail/media_pipe_human_holistic_list__struct.h
[16.651s] -- Installing: /home/lairlab-squirtle/mpros2-docker/install/mpros2_msg/include/mpros2_msg/mpros2_msg/msg/detail/media_pipe_human_hand_list__functions.c
[16.651s] -- Installing: /home/lairlab-squirtle/mpros2-docker/install/mpros2_msg/include/mpros2_msg/mpros2_msg/msg/detail/media_pipe_human_hand__type_support.h
[16.651s] -- Installing: /home/lairlab-squirtle/mpros2-docker/install/mpros2_msg/include/mpros2_msg/mpros2_msg/msg/detail/media_pipe_human_hand_list__functions.h
[16.651s] -- Installing: /home/lairlab-squirtle/mpros2-docker/install/mpros2_msg/include/mpros2_msg/mpros2_msg/msg/detail/media_pipe_human_hand_list__type_support.h
[16.651s] -- Installing: /home/lairlab-squirtle/mpros2-docker/install/mpros2_msg/include/mpros2_msg/mpros2_msg/msg/detail/face_mesh_point__functions.c
[16.651s] -- Installing: /home/lairlab-squirtle/mpros2-docker/install/mpros2_msg/include/mpros2_msg/mpros2_msg/msg/detail/face_mesh_point__type_support.c
[16.652s] -- Installing: /home/lairlab-squirtle/mpros2-docker/install/mpros2_msg/include/mpros2_msg/mpros2_msg/msg/detail/media_pipe_human_hand__functions.c
[16.652s] -- Installing: /home/lairlab-squirtle/mpros2-docker/install/mpros2_msg/include/mpros2_msg/mpros2_msg/msg/detail/pose_point__type_support.h
[16.652s] -- Installing: /home/lairlab-squirtle/mpros2-docker/install/mpros2_msg/include/mpros2_msg/mpros2_msg/msg/detail/media_pipe_human_holistic_list__type_support.c
[16.652s] -- Installing: /home/lairlab-squirtle/mpros2-docker/install/mpros2_msg/include/mpros2_msg/mpros2_msg/msg/detail/hand_point__functions.c
[16.652s] -- Installing: /home/lairlab-squirtle/mpros2-docker/install/mpros2_msg/include/mpros2_msg/mpros2_msg/msg/detail/media_pipe_human_hand_list__struct.h
[16.652s] -- Installing: /home/lairlab-squirtle/mpros2-docker/install/mpros2_msg/include/mpros2_msg/mpros2_msg/msg/detail/pose_point__struct.h
[16.652s] -- Installing: /home/lairlab-squirtle/mpros2-docker/install/mpros2_msg/include/mpros2_msg/mpros2_msg/msg/detail/hand_point__functions.h
[16.652s] -- Installing: /home/lairlab-squirtle/mpros2-docker/install/mpros2_msg/include/mpros2_msg/mpros2_msg/msg/detail/pose_point__functions.c
[16.652s] -- Installing: /home/lairlab-squirtle/mpros2-docker/install/mpros2_msg/include/mpros2_msg/mpros2_msg/msg/detail/media_pipe_human_holistic_list__type_support.h
[16.652s] -- Installing: /home/lairlab-squirtle/mpros2-docker/install/mpros2_msg/include/mpros2_msg/mpros2_msg/msg/detail/media_pipe_human_hand_list__description.c
[16.652s] -- Installing: /home/lairlab-squirtle/mpros2-docker/install/mpros2_msg/include/mpros2_msg/mpros2_msg/msg/detail/media_pipe_human_hand__struct.h
[16.652s] -- Installing: /home/lairlab-squirtle/mpros2-docker/install/mpros2_msg/include/mpros2_msg/mpros2_msg/msg/detail/media_pipe_human_pose_list__type_support.c
[16.652s] -- Installing: /home/lairlab-squirtle/mpros2-docker/install/mpros2_msg/include/mpros2_msg/mpros2_msg/msg/detail/media_pipe_human_holistic_list__functions.h
[16.653s] -- Installing: /home/lairlab-squirtle/mpros2-docker/install/mpros2_msg/include/mpros2_msg/mpros2_msg/msg/detail/media_pipe_human_hand__type_support.c
[16.653s] -- Installing: /home/lairlab-squirtle/mpros2-docker/install/mpros2_msg/include/mpros2_msg/mpros2_msg/msg/detail/media_pipe_human_pose_list__type_support.h
[16.653s] -- Installing: /home/lairlab-squirtle/mpros2-docker/install/mpros2_msg/include/mpros2_msg/mpros2_msg/msg/detail/media_pipe_human_hand_list__type_support.c
[16.653s] -- Installing: /home/lairlab-squirtle/mpros2-docker/install/mpros2_msg/include/mpros2_msg/mpros2_msg/msg/detail/hand_point__type_support.h
[16.653s] -- Installing: /home/lairlab-squirtle/mpros2-docker/install/mpros2_msg/include/mpros2_msg/mpros2_msg/msg/detail/media_pipe_human_pose_list__struct.h
[16.653s] -- Installing: /home/lairlab-squirtle/mpros2-docker/install/mpros2_msg/include/mpros2_msg/mpros2_msg/msg/detail/media_pipe_human_face_mesh_list__type_support.c
[16.653s] -- Installing: /home/lairlab-squirtle/mpros2-docker/install/mpros2_msg/include/mpros2_msg/mpros2_msg/msg/detail/media_pipe_human_face_mesh_list__functions.c
[16.653s] -- Installing: /home/lairlab-squirtle/mpros2-docker/install/mpros2_msg/include/mpros2_msg/mpros2_msg/msg/detail/hand_point__type_support.c
[16.653s] -- Installing: /home/lairlab-squirtle/mpros2-docker/install/mpros2_msg/include/mpros2_msg/mpros2_msg/msg/detail/media_pipe_human_face_mesh_list__functions.h
[16.653s] -- Installing: /home/lairlab-squirtle/mpros2-docker/install/mpros2_msg/include/mpros2_msg/mpros2_msg/msg/detail/hand_point__description.c
[16.653s] -- Installing: /home/lairlab-squirtle/mpros2-docker/install/mpros2_msg/include/mpros2_msg/mpros2_msg/msg/detail/face_mesh_point__description.c
[16.653s] -- Installing: /home/lairlab-squirtle/mpros2-docker/install/mpros2_msg/include/mpros2_msg/mpros2_msg/msg/detail/hand_point__struct.h
[16.653s] -- Installing: /home/lairlab-squirtle/mpros2-docker/install/mpros2_msg/include/mpros2_msg/mpros2_msg/msg/detail/pose_point__description.c
[16.653s] -- Installing: /home/lairlab-squirtle/mpros2-docker/install/mpros2_msg/include/mpros2_msg/mpros2_msg/msg/detail/face_mesh_point__type_support.h
[16.653s] -- Installing: /home/lairlab-squirtle/mpros2-docker/install/mpros2_msg/include/mpros2_msg/mpros2_msg/msg/face_mesh_point.h
[16.653s] -- Installing: /home/lairlab-squirtle/mpros2-docker/install/mpros2_msg/include/mpros2_msg/mpros2_msg/msg/media_pipe_human_hand.h
[16.653s] -- Installing: /home/lairlab-squirtle/mpros2-docker/install/mpros2_msg/share/mpros2_msg/environment/library_path.sh
[16.653s] -- Installing: /home/lairlab-squirtle/mpros2-docker/install/mpros2_msg/share/mpros2_msg/environment/library_path.dsv
[16.653s] -- Installing: /home/lairlab-squirtle/mpros2-docker/install/mpros2_msg/lib/libmpros2_msg__rosidl_generator_c.so
[16.654s] -- Set non-toolchain portion of runtime path of "/home/lairlab-squirtle/mpros2-docker/install/mpros2_msg/lib/libmpros2_msg__rosidl_generator_c.so" to ""
[16.654s] -- Up-to-date: /home/lairlab-squirtle/mpros2-docker/install/mpros2_msg/include/mpros2_msg/mpros2_msg
[16.654s] -- Up-to-date: /home/lairlab-squirtle/mpros2-docker/install/mpros2_msg/include/mpros2_msg/mpros2_msg/msg
[16.654s] -- Up-to-date: /home/lairlab-squirtle/mpros2-docker/install/mpros2_msg/include/mpros2_msg/mpros2_msg/msg/detail
[16.654s] -- Installing: /home/lairlab-squirtle/mpros2-docker/install/mpros2_msg/include/mpros2_msg/mpros2_msg/msg/detail/media_pipe_human_holistic_list__rosidl_typesupport_fastrtps_c.h
[16.654s] -- Installing: /home/lairlab-squirtle/mpros2-docker/install/mpros2_msg/include/mpros2_msg/mpros2_msg/msg/detail/media_pipe_human_face_mesh_list__rosidl_typesupport_fastrtps_c.h
[16.654s] -- Installing: /home/lairlab-squirtle/mpros2-docker/install/mpros2_msg/include/mpros2_msg/mpros2_msg/msg/detail/media_pipe_human_hand_list__rosidl_typesupport_fastrtps_c.h
[16.654s] -- Installing: /home/lairlab-squirtle/mpros2-docker/install/mpros2_msg/include/mpros2_msg/mpros2_msg/msg/detail/media_pipe_human_hand__rosidl_typesupport_fastrtps_c.h
[16.654s] -- Installing: /home/lairlab-squirtle/mpros2-docker/install/mpros2_msg/include/mpros2_msg/mpros2_msg/msg/detail/face_mesh_point__rosidl_typesupport_fastrtps_c.h
[16.655s] -- Installing: /home/lairlab-squirtle/mpros2-docker/install/mpros2_msg/include/mpros2_msg/mpros2_msg/msg/detail/media_pipe_human_pose_list__rosidl_typesupport_fastrtps_c.h
[16.655s] -- Installing: /home/lairlab-squirtle/mpros2-docker/install/mpros2_msg/include/mpros2_msg/mpros2_msg/msg/detail/hand_point__rosidl_typesupport_fastrtps_c.h
[16.655s] -- Installing: /home/lairlab-squirtle/mpros2-docker/install/mpros2_msg/include/mpros2_msg/mpros2_msg/msg/detail/pose_point__rosidl_typesupport_fastrtps_c.h
[16.655s] -- Installing: /home/lairlab-squirtle/mpros2-docker/install/mpros2_msg/include/mpros2_msg/mpros2_msg/msg/rosidl_typesupport_fastrtps_c__visibility_control.h
[16.655s] -- Installing: /home/lairlab-squirtle/mpros2-docker/install/mpros2_msg/lib/libmpros2_msg__rosidl_typesupport_fastrtps_c.so
[16.655s] -- Set non-toolchain portion of runtime path of "/home/lairlab-squirtle/mpros2-docker/install/mpros2_msg/lib/libmpros2_msg__rosidl_typesupport_fastrtps_c.so" to ""
[16.656s] -- Up-to-date: /home/lairlab-squirtle/mpros2-docker/install/mpros2_msg/include/mpros2_msg/mpros2_msg
[16.656s] -- Up-to-date: /home/lairlab-squirtle/mpros2-docker/install/mpros2_msg/include/mpros2_msg/mpros2_msg/msg
[16.656s] -- Installing: /home/lairlab-squirtle/mpros2-docker/install/mpros2_msg/include/mpros2_msg/mpros2_msg/msg/rosidl_typesupport_introspection_c__visibility_control.h
[16.656s] -- Up-to-date: /home/lairlab-squirtle/mpros2-docker/install/mpros2_msg/include/mpros2_msg/mpros2_msg/msg/detail
[16.656s] -- Installing: /home/lairlab-squirtle/mpros2-docker/install/mpros2_msg/include/mpros2_msg/mpros2_msg/msg/detail/face_mesh_point__rosidl_typesupport_introspection_c.h
[16.656s] -- Installing: /home/lairlab-squirtle/mpros2-docker/install/mpros2_msg/include/mpros2_msg/mpros2_msg/msg/detail/media_pipe_human_hand_list__rosidl_typesupport_introspection_c.h
[16.656s] -- Installing: /home/lairlab-squirtle/mpros2-docker/install/mpros2_msg/include/mpros2_msg/mpros2_msg/msg/detail/pose_point__type_support.c
[16.656s] -- Installing: /home/lairlab-squirtle/mpros2-docker/install/mpros2_msg/include/mpros2_msg/mpros2_msg/msg/detail/media_pipe_human_hand__rosidl_typesupport_introspection_c.h
[16.657s] -- Installing: /home/lairlab-squirtle/mpros2-docker/install/mpros2_msg/include/mpros2_msg/mpros2_msg/msg/detail/media_pipe_human_face_mesh_list__rosidl_typesupport_introspection_c.h
[16.657s] -- Installing: /home/lairlab-squirtle/mpros2-docker/install/mpros2_msg/include/mpros2_msg/mpros2_msg/msg/detail/face_mesh_point__type_support.c
[16.657s] -- Installing: /home/lairlab-squirtle/mpros2-docker/install/mpros2_msg/include/mpros2_msg/mpros2_msg/msg/detail/media_pipe_human_holistic_list__type_support.c
[16.657s] -- Installing: /home/lairlab-squirtle/mpros2-docker/install/mpros2_msg/include/mpros2_msg/mpros2_msg/msg/detail/media_pipe_human_pose_list__type_support.c
[16.657s] -- Installing: /home/lairlab-squirtle/mpros2-docker/install/mpros2_msg/include/mpros2_msg/mpros2_msg/msg/detail/media_pipe_human_hand__type_support.c
[16.657s] -- Installing: /home/lairlab-squirtle/mpros2-docker/install/mpros2_msg/include/mpros2_msg/mpros2_msg/msg/detail/media_pipe_human_hand_list__type_support.c
[16.657s] -- Installing: /home/lairlab-squirtle/mpros2-docker/install/mpros2_msg/include/mpros2_msg/mpros2_msg/msg/detail/media_pipe_human_holistic_list__rosidl_typesupport_introspection_c.h
[16.657s] -- Installing: /home/lairlab-squirtle/mpros2-docker/install/mpros2_msg/include/mpros2_msg/mpros2_msg/msg/detail/hand_point__rosidl_typesupport_introspection_c.h
[16.657s] -- Installing: /home/lairlab-squirtle/mpros2-docker/install/mpros2_msg/include/mpros2_msg/mpros2_msg/msg/detail/media_pipe_human_face_mesh_list__type_support.c
[16.657s] -- Installing: /home/lairlab-squirtle/mpros2-docker/install/mpros2_msg/include/mpros2_msg/mpros2_msg/msg/detail/hand_point__type_support.c
[16.657s] -- Installing: /home/lairlab-squirtle/mpros2-docker/install/mpros2_msg/include/mpros2_msg/mpros2_msg/msg/detail/media_pipe_human_pose_list__rosidl_typesupport_introspection_c.h
[16.657s] -- Installing: /home/lairlab-squirtle/mpros2-docker/install/mpros2_msg/include/mpros2_msg/mpros2_msg/msg/detail/pose_point__rosidl_typesupport_introspection_c.h
[16.657s] -- Installing: /home/lairlab-squirtle/mpros2-docker/install/mpros2_msg/lib/libmpros2_msg__rosidl_typesupport_introspection_c.so
[16.657s] -- Set non-toolchain portion of runtime path of "/home/lairlab-squirtle/mpros2-docker/install/mpros2_msg/lib/libmpros2_msg__rosidl_typesupport_introspection_c.so" to ""
[16.657s] -- Installing: /home/lairlab-squirtle/mpros2-docker/install/mpros2_msg/lib/libmpros2_msg__rosidl_typesupport_c.so
[16.658s] -- Set non-toolchain portion of runtime path of "/home/lairlab-squirtle/mpros2-docker/install/mpros2_msg/lib/libmpros2_msg__rosidl_typesupport_c.so" to ""
[16.658s] -- Up-to-date: /home/lairlab-squirtle/mpros2-docker/install/mpros2_msg/include/mpros2_msg/mpros2_msg
[16.658s] -- Up-to-date: /home/lairlab-squirtle/mpros2-docker/install/mpros2_msg/include/mpros2_msg/mpros2_msg/msg
[16.658s] -- Installing: /home/lairlab-squirtle/mpros2-docker/install/mpros2_msg/include/mpros2_msg/mpros2_msg/msg/pose_point.hpp
[16.658s] -- Installing: /home/lairlab-squirtle/mpros2-docker/install/mpros2_msg/include/mpros2_msg/mpros2_msg/msg/media_pipe_human_holistic_list.hpp
[16.658s] -- Installing: /home/lairlab-squirtle/mpros2-docker/install/mpros2_msg/include/mpros2_msg/mpros2_msg/msg/media_pipe_human_hand.hpp
[16.658s] -- Installing: /home/lairlab-squirtle/mpros2-docker/install/mpros2_msg/include/mpros2_msg/mpros2_msg/msg/face_mesh_point.hpp
[16.658s] -- Installing: /home/lairlab-squirtle/mpros2-docker/install/mpros2_msg/include/mpros2_msg/mpros2_msg/msg/media_pipe_human_hand_list.hpp
[16.658s] -- Installing: /home/lairlab-squirtle/mpros2-docker/install/mpros2_msg/include/mpros2_msg/mpros2_msg/msg/rosidl_generator_cpp__visibility_control.hpp
[16.658s] -- Up-to-date: /home/lairlab-squirtle/mpros2-docker/install/mpros2_msg/include/mpros2_msg/mpros2_msg/msg/detail
[16.658s] -- Installing: /home/lairlab-squirtle/mpros2-docker/install/mpros2_msg/include/mpros2_msg/mpros2_msg/msg/detail/media_pipe_human_pose_list__builder.hpp
[16.658s] -- Installing: /home/lairlab-squirtle/mpros2-docker/install/mpros2_msg/include/mpros2_msg/mpros2_msg/msg/detail/media_pipe_human_holistic_list__struct.hpp
[16.658s] -- Installing: /home/lairlab-squirtle/mpros2-docker/install/mpros2_msg/include/mpros2_msg/mpros2_msg/msg/detail/media_pipe_human_holistic_list__traits.hpp
[16.659s] -- Installing: /home/lairlab-squirtle/mpros2-docker/install/mpros2_msg/include/mpros2_msg/mpros2_msg/msg/detail/media_pipe_human_holistic_list__builder.hpp
[16.659s] -- Installing: /home/lairlab-squirtle/mpros2-docker/install/mpros2_msg/include/mpros2_msg/mpros2_msg/msg/detail/media_pipe_human_hand_list__type_support.hpp
[16.659s] -- Installing: /home/lairlab-squirtle/mpros2-docker/install/mpros2_msg/include/mpros2_msg/mpros2_msg/msg/detail/pose_point__traits.hpp
[16.659s] -- Installing: /home/lairlab-squirtle/mpros2-docker/install/mpros2_msg/include/mpros2_msg/mpros2_msg/msg/detail/media_pipe_human_pose_list__struct.hpp
[16.659s] -- Installing: /home/lairlab-squirtle/mpros2-docker/install/mpros2_msg/include/mpros2_msg/mpros2_msg/msg/detail/media_pipe_human_hand_list__builder.hpp
[16.659s] -- Installing: /home/lairlab-squirtle/mpros2-docker/install/mpros2_msg/include/mpros2_msg/mpros2_msg/msg/detail/face_mesh_point__type_support.hpp
[16.659s] -- Installing: /home/lairlab-squirtle/mpros2-docker/install/mpros2_msg/include/mpros2_msg/mpros2_msg/msg/detail/pose_point__type_support.hpp
[16.659s] -- Installing: /home/lairlab-squirtle/mpros2-docker/install/mpros2_msg/include/mpros2_msg/mpros2_msg/msg/detail/hand_point__struct.hpp
[16.660s] -- Installing: /home/lairlab-squirtle/mpros2-docker/install/mpros2_msg/include/mpros2_msg/mpros2_msg/msg/detail/face_mesh_point__builder.hpp
[16.660s] -- Installing: /home/lairlab-squirtle/mpros2-docker/install/mpros2_msg/include/mpros2_msg/mpros2_msg/msg/detail/hand_point__type_support.hpp
[16.660s] -- Installing: /home/lairlab-squirtle/mpros2-docker/install/mpros2_msg/include/mpros2_msg/mpros2_msg/msg/detail/media_pipe_human_hand__type_support.hpp
[16.660s] -- Installing: /home/lairlab-squirtle/mpros2-docker/install/mpros2_msg/include/mpros2_msg/mpros2_msg/msg/detail/hand_point__traits.hpp
[16.660s] -- Installing: /home/lairlab-squirtle/mpros2-docker/install/mpros2_msg/include/mpros2_msg/mpros2_msg/msg/detail/pose_point__struct.hpp
[16.660s] -- Installing: /home/lairlab-squirtle/mpros2-docker/install/mpros2_msg/include/mpros2_msg/mpros2_msg/msg/detail/media_pipe_human_pose_list__type_support.hpp
[16.660s] -- Installing: /home/lairlab-squirtle/mpros2-docker/install/mpros2_msg/include/mpros2_msg/mpros2_msg/msg/detail/media_pipe_human_hand__builder.hpp
[16.660s] -- Installing: /home/lairlab-squirtle/mpros2-docker/install/mpros2_msg/include/mpros2_msg/mpros2_msg/msg/detail/media_pipe_human_hand__traits.hpp
[16.660s] -- Installing: /home/lairlab-squirtle/mpros2-docker/install/mpros2_msg/include/mpros2_msg/mpros2_msg/msg/detail/media_pipe_human_hand__struct.hpp
[16.660s] -- Installing: /home/lairlab-squirtle/mpros2-docker/install/mpros2_msg/include/mpros2_msg/mpros2_msg/msg/detail/media_pipe_human_hand_list__traits.hpp
[16.660s] -- Installing: /home/lairlab-squirtle/mpros2-docker/install/mpros2_msg/include/mpros2_msg/mpros2_msg/msg/detail/pose_point__builder.hpp
[16.660s] -- Installing: /home/lairlab-squirtle/mpros2-docker/install/mpros2_msg/include/mpros2_msg/mpros2_msg/msg/detail/media_pipe_human_hand_list__struct.hpp
[16.660s] -- Installing: /home/lairlab-squirtle/mpros2-docker/install/mpros2_msg/include/mpros2_msg/mpros2_msg/msg/detail/media_pipe_human_face_mesh_list__builder.hpp
[16.661s] -- Installing: /home/lairlab-squirtle/mpros2-docker/install/mpros2_msg/include/mpros2_msg/mpros2_msg/msg/detail/media_pipe_human_face_mesh_list__traits.hpp
[16.661s] -- Installing: /home/lairlab-squirtle/mpros2-docker/install/mpros2_msg/include/mpros2_msg/mpros2_msg/msg/detail/hand_point__builder.hpp
[16.661s] -- Installing: /home/lairlab-squirtle/mpros2-docker/install/mpros2_msg/include/mpros2_msg/mpros2_msg/msg/detail/media_pipe_human_face_mesh_list__type_support.hpp
[16.661s] -- Installing: /home/lairlab-squirtle/mpros2-docker/install/mpros2_msg/include/mpros2_msg/mpros2_msg/msg/detail/media_pipe_human_holistic_list__type_support.hpp
[16.661s] -- Installing: /home/lairlab-squirtle/mpros2-docker/install/mpros2_msg/include/mpros2_msg/mpros2_msg/msg/detail/media_pipe_human_face_mesh_list__struct.hpp
[16.661s] -- Installing: /home/lairlab-squirtle/mpros2-docker/install/mpros2_msg/include/mpros2_msg/mpros2_msg/msg/detail/face_mesh_point__traits.hpp
[16.661s] -- Installing: /home/lairlab-squirtle/mpros2-docker/install/mpros2_msg/include/mpros2_msg/mpros2_msg/msg/detail/media_pipe_human_pose_list__traits.hpp
[16.661s] -- Installing: /home/lairlab-squirtle/mpros2-docker/install/mpros2_msg/include/mpros2_msg/mpros2_msg/msg/detail/face_mesh_point__struct.hpp
[16.661s] -- Installing: /home/lairlab-squirtle/mpros2-docker/install/mpros2_msg/include/mpros2_msg/mpros2_msg/msg/media_pipe_human_face_mesh_list.hpp
[16.661s] -- Installing: /home/lairlab-squirtle/mpros2-docker/install/mpros2_msg/include/mpros2_msg/mpros2_msg/msg/media_pipe_human_pose_list.hpp
[16.661s] -- Installing: /home/lairlab-squirtle/mpros2-docker/install/mpros2_msg/include/mpros2_msg/mpros2_msg/msg/hand_point.hpp
[16.661s] -- Up-to-date: /home/lairlab-squirtle/mpros2-docker/install/mpros2_msg/include/mpros2_msg/mpros2_msg
[16.661s] -- Up-to-date: /home/lairlab-squirtle/mpros2-docker/install/mpros2_msg/include/mpros2_msg/mpros2_msg/msg
[16.661s] -- Installing: /home/lairlab-squirtle/mpros2-docker/install/mpros2_msg/include/mpros2_msg/mpros2_msg/msg/rosidl_typesupport_fastrtps_cpp__visibility_control.h
[16.662s] -- Up-to-date: /home/lairlab-squirtle/mpros2-docker/install/mpros2_msg/include/mpros2_msg/mpros2_msg/msg/detail
[16.662s] -- Installing: /home/lairlab-squirtle/mpros2-docker/install/mpros2_msg/include/mpros2_msg/mpros2_msg/msg/detail/media_pipe_human_holistic_list__rosidl_typesupport_fastrtps_cpp.hpp
[16.662s] -- Installing: /home/lairlab-squirtle/mpros2-docker/install/mpros2_msg/include/mpros2_msg/mpros2_msg/msg/detail/pose_point__rosidl_typesupport_fastrtps_cpp.hpp
[16.662s] -- Installing: /home/lairlab-squirtle/mpros2-docker/install/mpros2_msg/include/mpros2_msg/mpros2_msg/msg/detail/dds_fastrtps
[16.662s] -- Installing: /home/lairlab-squirtle/mpros2-docker/install/mpros2_msg/include/mpros2_msg/mpros2_msg/msg/detail/hand_point__rosidl_typesupport_fastrtps_cpp.hpp
[16.662s] -- Installing: /home/lairlab-squirtle/mpros2-docker/install/mpros2_msg/include/mpros2_msg/mpros2_msg/msg/detail/media_pipe_human_face_mesh_list__rosidl_typesupport_fastrtps_cpp.hpp
[16.662s] -- Installing: /home/lairlab-squirtle/mpros2-docker/install/mpros2_msg/include/mpros2_msg/mpros2_msg/msg/detail/media_pipe_human_hand_list__rosidl_typesupport_fastrtps_cpp.hpp
[16.662s] -- Installing: /home/lairlab-squirtle/mpros2-docker/install/mpros2_msg/include/mpros2_msg/mpros2_msg/msg/detail/media_pipe_human_hand__rosidl_typesupport_fastrtps_cpp.hpp
[16.662s] -- Installing: /home/lairlab-squirtle/mpros2-docker/install/mpros2_msg/include/mpros2_msg/mpros2_msg/msg/detail/face_mesh_point__rosidl_typesupport_fastrtps_cpp.hpp
[16.662s] -- Installing: /home/lairlab-squirtle/mpros2-docker/install/mpros2_msg/include/mpros2_msg/mpros2_msg/msg/detail/media_pipe_human_pose_list__rosidl_typesupport_fastrtps_cpp.hpp
[16.662s] -- Installing: /home/lairlab-squirtle/mpros2-docker/install/mpros2_msg/lib/libmpros2_msg__rosidl_typesupport_fastrtps_cpp.so
[16.662s] -- Set non-toolchain portion of runtime path of "/home/lairlab-squirtle/mpros2-docker/install/mpros2_msg/lib/libmpros2_msg__rosidl_typesupport_fastrtps_cpp.so" to ""
[16.662s] -- Up-to-date: /home/lairlab-squirtle/mpros2-docker/install/mpros2_msg/include/mpros2_msg/mpros2_msg
[16.662s] -- Up-to-date: /home/lairlab-squirtle/mpros2-docker/install/mpros2_msg/include/mpros2_msg/mpros2_msg/msg
[16.662s] -- Up-to-date: /home/lairlab-squirtle/mpros2-docker/install/mpros2_msg/include/mpros2_msg/mpros2_msg/msg/detail
[16.662s] -- Installing: /home/lairlab-squirtle/mpros2-docker/install/mpros2_msg/include/mpros2_msg/mpros2_msg/msg/detail/media_pipe_human_hand__rosidl_typesupport_introspection_cpp.hpp
[16.662s] -- Installing: /home/lairlab-squirtle/mpros2-docker/install/mpros2_msg/include/mpros2_msg/mpros2_msg/msg/detail/pose_point__rosidl_typesupport_introspection_cpp.hpp
[16.662s] -- Installing: /home/lairlab-squirtle/mpros2-docker/install/mpros2_msg/include/mpros2_msg/mpros2_msg/msg/detail/media_pipe_human_pose_list__rosidl_typesupport_introspection_cpp.hpp
[16.662s] -- Installing: /home/lairlab-squirtle/mpros2-docker/install/mpros2_msg/include/mpros2_msg/mpros2_msg/msg/detail/hand_point__type_support.cpp
[16.662s] -- Installing: /home/lairlab-squirtle/mpros2-docker/install/mpros2_msg/include/mpros2_msg/mpros2_msg/msg/detail/media_pipe_human_holistic_list__rosidl_typesupport_introspection_cpp.hpp
[16.662s] -- Installing: /home/lairlab-squirtle/mpros2-docker/install/mpros2_msg/include/mpros2_msg/mpros2_msg/msg/detail/pose_point__type_support.cpp
[16.662s] -- Installing: /home/lairlab-squirtle/mpros2-docker/install/mpros2_msg/include/mpros2_msg/mpros2_msg/msg/detail/media_pipe_human_pose_list__type_support.cpp
[16.662s] -- Installing: /home/lairlab-squirtle/mpros2-docker/install/mpros2_msg/include/mpros2_msg/mpros2_msg/msg/detail/media_pipe_human_hand__type_support.cpp
[16.663s] -- Installing: /home/lairlab-squirtle/mpros2-docker/install/mpros2_msg/include/mpros2_msg/mpros2_msg/msg/detail/media_pipe_human_face_mesh_list__rosidl_typesupport_introspection_cpp.hpp
[16.663s] -- Installing: /home/lairlab-squirtle/mpros2-docker/install/mpros2_msg/include/mpros2_msg/mpros2_msg/msg/detail/media_pipe_human_face_mesh_list__type_support.cpp
[16.663s] -- Installing: /home/lairlab-squirtle/mpros2-docker/install/mpros2_msg/include/mpros2_msg/mpros2_msg/msg/detail/hand_point__rosidl_typesupport_introspection_cpp.hpp
[16.663s] -- Installing: /home/lairlab-squirtle/mpros2-docker/install/mpros2_msg/include/mpros2_msg/mpros2_msg/msg/detail/media_pipe_human_hand_list__type_support.cpp
[16.663s] -- Installing: /home/lairlab-squirtle/mpros2-docker/install/mpros2_msg/include/mpros2_msg/mpros2_msg/msg/detail/face_mesh_point__type_support.cpp
[16.663s] -- Installing: /home/lairlab-squirtle/mpros2-docker/install/mpros2_msg/include/mpros2_msg/mpros2_msg/msg/detail/media_pipe_human_holistic_list__type_support.cpp
[16.663s] -- Installing: /home/lairlab-squirtle/mpros2-docker/install/mpros2_msg/include/mpros2_msg/mpros2_msg/msg/detail/face_mesh_point__rosidl_typesupport_introspection_cpp.hpp
[16.663s] -- Installing: /home/lairlab-squirtle/mpros2-docker/install/mpros2_msg/include/mpros2_msg/mpros2_msg/msg/detail/media_pipe_human_hand_list__rosidl_typesupport_introspection_cpp.hpp
[16.663s] -- Installing: /home/lairlab-squirtle/mpros2-docker/install/mpros2_msg/lib/libmpros2_msg__rosidl_typesupport_introspection_cpp.so
[16.663s] -- Set non-toolchain portion of runtime path of "/home/lairlab-squirtle/mpros2-docker/install/mpros2_msg/lib/libmpros2_msg__rosidl_typesupport_introspection_cpp.so" to ""
[16.663s] -- Installing: /home/lairlab-squirtle/mpros2-docker/install/mpros2_msg/lib/libmpros2_msg__rosidl_typesupport_cpp.so
[16.663s] -- Set non-toolchain portion of runtime path of "/home/lairlab-squirtle/mpros2-docker/install/mpros2_msg/lib/libmpros2_msg__rosidl_typesupport_cpp.so" to ""
[16.663s] -- Installing: /home/lairlab-squirtle/mpros2-docker/install/mpros2_msg/share/mpros2_msg/environment/pythonpath.sh
[16.663s] -- Installing: /home/lairlab-squirtle/mpros2-docker/install/mpros2_msg/share/mpros2_msg/environment/pythonpath.dsv
[16.663s] -- Installing: /home/lairlab-squirtle/mpros2-docker/install/mpros2_msg/lib/python3.12/site-packages/mpros2_msg-0.0.0-py3.12.egg-info
[16.664s] -- Installing: /home/lairlab-squirtle/mpros2-docker/install/mpros2_msg/lib/python3.12/site-packages/mpros2_msg-0.0.0-py3.12.egg-info/top_level.txt
[16.664s] -- Installing: /home/lairlab-squirtle/mpros2-docker/install/mpros2_msg/lib/python3.12/site-packages/mpros2_msg-0.0.0-py3.12.egg-info/dependency_links.txt
[16.664s] -- Installing: /home/lairlab-squirtle/mpros2-docker/install/mpros2_msg/lib/python3.12/site-packages/mpros2_msg-0.0.0-py3.12.egg-info/SOURCES.txt
[16.664s] -- Installing: /home/lairlab-squirtle/mpros2-docker/install/mpros2_msg/lib/python3.12/site-packages/mpros2_msg-0.0.0-py3.12.egg-info/PKG-INFO
[16.664s] -- Installing: /home/lairlab-squirtle/mpros2-docker/install/mpros2_msg/lib/python3.12/site-packages/mpros2_msg
[16.664s] -- Installing: /home/lairlab-squirtle/mpros2-docker/install/mpros2_msg/lib/python3.12/site-packages/mpros2_msg/mpros2_msg_s__rosidl_typesupport_c.so
[16.664s] -- Installing: /home/lairlab-squirtle/mpros2-docker/install/mpros2_msg/lib/python3.12/site-packages/mpros2_msg/_mpros2_msg_s.ep.rosidl_typesupport_introspection_c.c
[16.664s] -- Installing: /home/lairlab-squirtle/mpros2-docker/install/mpros2_msg/lib/python3.12/site-packages/mpros2_msg/__init__.py
[16.664s] -- Installing: /home/lairlab-squirtle/mpros2-docker/install/mpros2_msg/lib/python3.12/site-packages/mpros2_msg/_mpros2_msg_s.ep.rosidl_typesupport_fastrtps_c.c
[16.664s] -- Installing: /home/lairlab-squirtle/mpros2-docker/install/mpros2_msg/lib/python3.12/site-packages/mpros2_msg/mpros2_msg_s__rosidl_typesupport_introspection_c.so
[16.664s] -- Installing: /home/lairlab-squirtle/mpros2-docker/install/mpros2_msg/lib/python3.12/site-packages/mpros2_msg/mpros2_msg_s__rosidl_typesupport_fastrtps_c.so
[16.664s] -- Installing: /home/lairlab-squirtle/mpros2-docker/install/mpros2_msg/lib/python3.12/site-packages/mpros2_msg/_mpros2_msg_s.ep.rosidl_typesupport_c.c
[16.664s] -- Installing: /home/lairlab-squirtle/mpros2-docker/install/mpros2_msg/lib/python3.12/site-packages/mpros2_msg/msg
[16.664s] -- Installing: /home/lairlab-squirtle/mpros2-docker/install/mpros2_msg/lib/python3.12/site-packages/mpros2_msg/msg/_media_pipe_human_holistic_list_s.c
[16.664s] -- Installing: /home/lairlab-squirtle/mpros2-docker/install/mpros2_msg/lib/python3.12/site-packages/mpros2_msg/msg/_pose_point.py
[16.664s] -- Installing: /home/lairlab-squirtle/mpros2-docker/install/mpros2_msg/lib/python3.12/site-packages/mpros2_msg/msg/_pose_point_s.c
[16.664s] -- Installing: /home/lairlab-squirtle/mpros2-docker/install/mpros2_msg/lib/python3.12/site-packages/mpros2_msg/msg/_media_pipe_human_face_mesh_list.py
[16.664s] -- Installing: /home/lairlab-squirtle/mpros2-docker/install/mpros2_msg/lib/python3.12/site-packages/mpros2_msg/msg/_media_pipe_human_pose_list.py
[16.664s] -- Installing: /home/lairlab-squirtle/mpros2-docker/install/mpros2_msg/lib/python3.12/site-packages/mpros2_msg/msg/_media_pipe_human_hand_s.c
[16.664s] -- Installing: /home/lairlab-squirtle/mpros2-docker/install/mpros2_msg/lib/python3.12/site-packages/mpros2_msg/msg/_media_pipe_human_hand_list_s.c
[16.664s] -- Installing: /home/lairlab-squirtle/mpros2-docker/install/mpros2_msg/lib/python3.12/site-packages/mpros2_msg/msg/_media_pipe_human_hand.py
[16.665s] -- Installing: /home/lairlab-squirtle/mpros2-docker/install/mpros2_msg/lib/python3.12/site-packages/mpros2_msg/msg/_media_pipe_human_holistic_list.py
[16.665s] -- Installing: /home/lairlab-squirtle/mpros2-docker/install/mpros2_msg/lib/python3.12/site-packages/mpros2_msg/msg/__init__.py
[16.665s] -- Installing: /home/lairlab-squirtle/mpros2-docker/install/mpros2_msg/lib/python3.12/site-packages/mpros2_msg/msg/_hand_point_s.c
[16.665s] -- Installing: /home/lairlab-squirtle/mpros2-docker/install/mpros2_msg/lib/python3.12/site-packages/mpros2_msg/msg/_hand_point.py
[16.665s] -- Installing: /home/lairlab-squirtle/mpros2-docker/install/mpros2_msg/lib/python3.12/site-packages/mpros2_msg/msg/_media_pipe_human_pose_list_s.c
[16.665s] -- Installing: /home/lairlab-squirtle/mpros2-docker/install/mpros2_msg/lib/python3.12/site-packages/mpros2_msg/msg/_face_mesh_point_s.c
[16.665s] -- Installing: /home/lairlab-squirtle/mpros2-docker/install/mpros2_msg/lib/python3.12/site-packages/mpros2_msg/msg/_media_pipe_human_hand_list.py
[16.665s] -- Installing: /home/lairlab-squirtle/mpros2-docker/install/mpros2_msg/lib/python3.12/site-packages/mpros2_msg/msg/_face_mesh_point.py
[16.665s] -- Installing: /home/lairlab-squirtle/mpros2-docker/install/mpros2_msg/lib/python3.12/site-packages/mpros2_msg/msg/_media_pipe_human_face_mesh_list_s.c
[16.709s] Listing '/home/lairlab-squirtle/mpros2-docker/install/mpros2_msg/lib/python3.12/site-packages/mpros2_msg'...
[16.709s] Compiling '/home/lairlab-squirtle/mpros2-docker/install/mpros2_msg/lib/python3.12/site-packages/mpros2_msg/__init__.py'...
[16.709s] Listing '/home/lairlab-squirtle/mpros2-docker/install/mpros2_msg/lib/python3.12/site-packages/mpros2_msg/msg'...
[16.709s] Compiling '/home/lairlab-squirtle/mpros2-docker/install/mpros2_msg/lib/python3.12/site-packages/mpros2_msg/msg/__init__.py'...
[16.709s] Compiling '/home/lairlab-squirtle/mpros2-docker/install/mpros2_msg/lib/python3.12/site-packages/mpros2_msg/msg/_face_mesh_point.py'...
[16.709s] Compiling '/home/lairlab-squirtle/mpros2-docker/install/mpros2_msg/lib/python3.12/site-packages/mpros2_msg/msg/_hand_point.py'...
[16.709s] Compiling '/home/lairlab-squirtle/mpros2-docker/install/mpros2_msg/lib/python3.12/site-packages/mpros2_msg/msg/_media_pipe_human_face_mesh_list.py'...
[16.709s] Compiling '/home/lairlab-squirtle/mpros2-docker/install/mpros2_msg/lib/python3.12/site-packages/mpros2_msg/msg/_media_pipe_human_hand.py'...
[16.709s] Compiling '/home/lairlab-squirtle/mpros2-docker/install/mpros2_msg/lib/python3.12/site-packages/mpros2_msg/msg/_media_pipe_human_hand_list.py'...
[16.709s] Compiling '/home/lairlab-squirtle/mpros2-docker/install/mpros2_msg/lib/python3.12/site-packages/mpros2_msg/msg/_media_pipe_human_holistic_list.py'...
[16.709s] Compiling '/home/lairlab-squirtle/mpros2-docker/install/mpros2_msg/lib/python3.12/site-packages/mpros2_msg/msg/_media_pipe_human_pose_list.py'...
[16.709s] Compiling '/home/lairlab-squirtle/mpros2-docker/install/mpros2_msg/lib/python3.12/site-packages/mpros2_msg/msg/_pose_point.py'...
[16.713s] -- Installing: /home/lairlab-squirtle/mpros2-docker/install/mpros2_msg/lib/python3.12/site-packages/mpros2_msg/mpros2_msg_s__rosidl_typesupport_fastrtps_c.so
[16.713s] -- Set non-toolchain portion of runtime path of "/home/lairlab-squirtle/mpros2-docker/install/mpros2_msg/lib/python3.12/site-packages/mpros2_msg/mpros2_msg_s__rosidl_typesupport_fastrtps_c.so" to ""
[16.713s] -- Installing: /home/lairlab-squirtle/mpros2-docker/install/mpros2_msg/lib/python3.12/site-packages/mpros2_msg/mpros2_msg_s__rosidl_typesupport_introspection_c.so
[16.714s] -- Set non-toolchain portion of runtime path of "/home/lairlab-squirtle/mpros2-docker/install/mpros2_msg/lib/python3.12/site-packages/mpros2_msg/mpros2_msg_s__rosidl_typesupport_introspection_c.so" to ""
[16.714s] -- Installing: /home/lairlab-squirtle/mpros2-docker/install/mpros2_msg/lib/python3.12/site-packages/mpros2_msg/mpros2_msg_s__rosidl_typesupport_c.so
[16.714s] -- Set non-toolchain portion of runtime path of "/home/lairlab-squirtle/mpros2-docker/install/mpros2_msg/lib/python3.12/site-packages/mpros2_msg/mpros2_msg_s__rosidl_typesupport_c.so" to ""
[16.714s] -- Installing: /home/lairlab-squirtle/mpros2-docker/install/mpros2_msg/lib/libmpros2_msg__rosidl_generator_py.so
[16.714s] -- Set non-toolchain portion of runtime path of "/home/lairlab-squirtle/mpros2-docker/install/mpros2_msg/lib/libmpros2_msg__rosidl_generator_py.so" to ""
[16.714s] -- Installing: /home/lairlab-squirtle/mpros2-docker/install/mpros2_msg/share/mpros2_msg/msg/HandPoint.idl
[16.715s] -- Installing: /home/lairlab-squirtle/mpros2-docker/install/mpros2_msg/share/mpros2_msg/msg/MediaPipeHumanHand.idl
[16.715s] -- Installing: /home/lairlab-squirtle/mpros2-docker/install/mpros2_msg/share/mpros2_msg/msg/MediaPipeHumanHandList.idl
[16.715s] -- Installing: /home/lairlab-squirtle/mpros2-docker/install/mpros2_msg/share/mpros2_msg/msg/PosePoint.idl
[16.715s] -- Installing: /home/lairlab-squirtle/mpros2-docker/install/mpros2_msg/share/mpros2_msg/msg/MediaPipeHumanPoseList.idl
[16.715s] -- Installing: /home/lairlab-squirtle/mpros2-docker/install/mpros2_msg/share/mpros2_msg/msg/FaceMeshPoint.idl
[16.715s] -- Installing: /home/lairlab-squirtle/mpros2-docker/install/mpros2_msg/share/mpros2_msg/msg/MediaPipeHumanFaceMeshList.idl
[16.716s] -- Installing: /home/lairlab-squirtle/mpros2-docker/install/mpros2_msg/share/mpros2_msg/msg/MediaPipeHumanHolisticList.idl
[16.716s] -- Installing: /home/lairlab-squirtle/mpros2-docker/install/mpros2_msg/share/mpros2_msg/msg/HandPoint.msg
[16.716s] -- Installing: /home/lairlab-squirtle/mpros2-docker/install/mpros2_msg/share/mpros2_msg/msg/MediaPipeHumanHand.msg
[16.716s] -- Installing: /home/lairlab-squirtle/mpros2-docker/install/mpros2_msg/share/mpros2_msg/msg/MediaPipeHumanHandList.msg
[16.716s] -- Installing: /home/lairlab-squirtle/mpros2-docker/install/mpros2_msg/share/mpros2_msg/msg/PosePoint.msg
[16.716s] -- Installing: /home/lairlab-squirtle/mpros2-docker/install/mpros2_msg/share/mpros2_msg/msg/MediaPipeHumanPoseList.msg
[16.716s] -- Installing: /home/lairlab-squirtle/mpros2-docker/install/mpros2_msg/share/mpros2_msg/msg/FaceMeshPoint.msg
[16.716s] -- Installing: /home/lairlab-squirtle/mpros2-docker/install/mpros2_msg/share/mpros2_msg/msg/MediaPipeHumanFaceMeshList.msg
[16.716s] -- Installing: /home/lairlab-squirtle/mpros2-docker/install/mpros2_msg/share/mpros2_msg/msg/MediaPipeHumanHolisticList.msg
[16.716s] -- Installing: /home/lairlab-squirtle/mpros2-docker/install/mpros2_msg/share/ament_index/resource_index/package_run_dependencies/mpros2_msg
[16.716s] -- Installing: /home/lairlab-squirtle/mpros2-docker/install/mpros2_msg/share/ament_index/resource_index/parent_prefix_path/mpros2_msg
[16.716s] -- Installing: /home/lairlab-squirtle/mpros2-docker/install/mpros2_msg/share/mpros2_msg/environment/ament_prefix_path.sh
[16.717s] -- Installing: /home/lairlab-squirtle/mpros2-docker/install/mpros2_msg/share/mpros2_msg/environment/ament_prefix_path.dsv
[16.717s] -- Installing: /home/lairlab-squirtle/mpros2-docker/install/mpros2_msg/share/mpros2_msg/environment/path.sh
[16.717s] -- Installing: /home/lairlab-squirtle/mpros2-docker/install/mpros2_msg/share/mpros2_msg/environment/path.dsv
[16.717s] -- Installing: /home/lairlab-squirtle/mpros2-docker/install/mpros2_msg/share/mpros2_msg/local_setup.bash
[16.717s] -- Installing: /home/lairlab-squirtle/mpros2-docker/install/mpros2_msg/share/mpros2_msg/local_setup.sh
[16.717s] -- Installing: /home/lairlab-squirtle/mpros2-docker/install/mpros2_msg/share/mpros2_msg/local_setup.zsh
[16.717s] -- Installing: /home/lairlab-squirtle/mpros2-docker/install/mpros2_msg/share/mpros2_msg/local_setup.dsv
[16.718s] -- Installing: /home/lairlab-squirtle/mpros2-docker/install/mpros2_msg/share/mpros2_msg/package.dsv
[16.718s] -- Installing: /home/lairlab-squirtle/mpros2-docker/install/mpros2_msg/share/ament_index/resource_index/packages/mpros2_msg
[16.718s] -- Installing: /home/lairlab-squirtle/mpros2-docker/install/mpros2_msg/share/mpros2_msg/cmake/export_mpros2_msg__rosidl_generator_cExport.cmake
[16.718s] -- Installing: /home/lairlab-squirtle/mpros2-docker/install/mpros2_msg/share/mpros2_msg/cmake/export_mpros2_msg__rosidl_generator_cExport-noconfig.cmake
[16.718s] -- Installing: /home/lairlab-squirtle/mpros2-docker/install/mpros2_msg/share/mpros2_msg/cmake/export_mpros2_msg__rosidl_typesupport_fastrtps_cExport.cmake
[16.718s] -- Installing: /home/lairlab-squirtle/mpros2-docker/install/mpros2_msg/share/mpros2_msg/cmake/export_mpros2_msg__rosidl_typesupport_fastrtps_cExport-noconfig.cmake
[16.718s] -- Installing: /home/lairlab-squirtle/mpros2-docker/install/mpros2_msg/share/mpros2_msg/cmake/mpros2_msg__rosidl_typesupport_introspection_cExport.cmake
[16.718s] -- Installing: /home/lairlab-squirtle/mpros2-docker/install/mpros2_msg/share/mpros2_msg/cmake/mpros2_msg__rosidl_typesupport_introspection_cExport-noconfig.cmake
[16.718s] -- Installing: /home/lairlab-squirtle/mpros2-docker/install/mpros2_msg/share/mpros2_msg/cmake/mpros2_msg__rosidl_typesupport_cExport.cmake
[16.718s] -- Installing: /home/lairlab-squirtle/mpros2-docker/install/mpros2_msg/share/mpros2_msg/cmake/mpros2_msg__rosidl_typesupport_cExport-noconfig.cmake
[16.718s] -- Installing: /home/lairlab-squirtle/mpros2-docker/install/mpros2_msg/share/mpros2_msg/cmake/export_mpros2_msg__rosidl_generator_cppExport.cmake
[16.718s] -- Installing: /home/lairlab-squirtle/mpros2-docker/install/mpros2_msg/share/mpros2_msg/cmake/export_mpros2_msg__rosidl_typesupport_fastrtps_cppExport.cmake
[16.719s] -- Installing: /home/lairlab-squirtle/mpros2-docker/install/mpros2_msg/share/mpros2_msg/cmake/export_mpros2_msg__rosidl_typesupport_fastrtps_cppExport-noconfig.cmake
[16.719s] -- Installing: /home/lairlab-squirtle/mpros2-docker/install/mpros2_msg/share/mpros2_msg/cmake/mpros2_msg__rosidl_typesupport_introspection_cppExport.cmake
[16.719s] -- Installing: /home/lairlab-squirtle/mpros2-docker/install/mpros2_msg/share/mpros2_msg/cmake/mpros2_msg__rosidl_typesupport_introspection_cppExport-noconfig.cmake
[16.719s] -- Installing: /home/lairlab-squirtle/mpros2-docker/install/mpros2_msg/share/mpros2_msg/cmake/mpros2_msg__rosidl_typesupport_cppExport.cmake
[16.719s] -- Installing: /home/lairlab-squirtle/mpros2-docker/install/mpros2_msg/share/mpros2_msg/cmake/mpros2_msg__rosidl_typesupport_cppExport-noconfig.cmake
[16.719s] -- Installing: /home/lairlab-squirtle/mpros2-docker/install/mpros2_msg/share/mpros2_msg/cmake/export_mpros2_msg__rosidl_generator_pyExport.cmake
[16.719s] -- Installing: /home/lairlab-squirtle/mpros2-docker/install/mpros2_msg/share/mpros2_msg/cmake/export_mpros2_msg__rosidl_generator_pyExport-noconfig.cmake
[16.720s] -- Installing: /home/lairlab-squirtle/mpros2-docker/install/mpros2_msg/share/mpros2_msg/cmake/rosidl_cmake-extras.cmake
[16.720s] -- Installing: /home/lairlab-squirtle/mpros2-docker/install/mpros2_msg/share/mpros2_msg/cmake/ament_cmake_export_include_directories-extras.cmake
[16.720s] -- Installing: /home/lairlab-squirtle/mpros2-docker/install/mpros2_msg/share/mpros2_msg/cmake/ament_cmake_export_libraries-extras.cmake
[16.720s] -- Installing: /home/lairlab-squirtle/mpros2-docker/install/mpros2_msg/share/mpros2_msg/cmake/ament_cmake_export_targets-extras.cmake
[16.720s] -- Installing: /home/lairlab-squirtle/mpros2-docker/install/mpros2_msg/share/mpros2_msg/cmake/rosidl_cmake_export_typesupport_targets-extras.cmake
[16.720s] -- Installing: /home/lairlab-squirtle/mpros2-docker/install/mpros2_msg/share/mpros2_msg/cmake/ament_cmake_export_dependencies-extras.cmake
[16.720s] -- Installing: /home/lairlab-squirtle/mpros2-docker/install/mpros2_msg/share/mpros2_msg/cmake/rosidl_cmake_export_typesupport_libraries-extras.cmake
[16.721s] -- Installing: /home/lairlab-squirtle/mpros2-docker/install/mpros2_msg/share/mpros2_msg/cmake/mpros2_msgConfig.cmake
[16.721s] -- Installing: /home/lairlab-squirtle/mpros2-docker/install/mpros2_msg/share/mpros2_msg/cmake/mpros2_msgConfig-version.cmake
[16.721s] -- Installing: /home/lairlab-squirtle/mpros2-docker/install/mpros2_msg/share/mpros2_msg/package.xml
[16.723s] Invoked command in '/home/lairlab-squirtle/mpros2-docker/build/mpros2_msg' returned '0': CMAKE_PREFIX_PATH=${CMAKE_PREFIX_PATH}:/home/lairlab-squirtle/ros2_ws/install/mpros2:/home/lairlab-squirtle/ros2_ws/install/shimmer3_gsr_unit:/opt/ros/jazzy DEBUGINFOD_URLS=https://debuginfod.ubuntu.com /usr/bin/cmake --install /home/lairlab-squirtle/mpros2-docker/build/mpros2_msg
