[0.067s] DEBUG:colcon:Command line arguments: ['/usr/bin/colcon', 'build']
[0.067s] DEBUG:colcon:Parsed command line arguments: Namespace(log_base=None, log_level=None, verb_name='build', build_base='build', install_base='install', merge_install=False, symlink_install=False, test_result_base=None, continue_on_error=False, executor='parallel', parallel_workers=20, event_handlers=None, ignore_user_meta=False, metas=['./colcon.meta'], base_paths=['.'], packages_ignore=None, packages_ignore_regex=None, paths=None, packages_up_to=None, packages_up_to_regex=None, packages_above=None, packages_above_and_dependencies=None, packages_above_depth=None, packages_select_by_dep=None, packages_skip_by_dep=None, packages_skip_up_to=None, packages_select_build_failed=False, packages_skip_build_finished=False, packages_select_test_failures=False, packages_skip_test_passed=False, packages_select=None, packages_skip=None, packages_select_regex=None, packages_skip_regex=None, packages_start=None, packages_end=None, allow_overriding=[], cmake_args=None, cmake_target=None, cmake_target_skip_unavailable=False, cmake_clean_cache=False, cmake_clean_first=False, cmake_force_configure=False, ament_cmake_args=None, catkin_cmake_args=None, catkin_skip_building_tests=False, mixin_files=None, mixin=None, verb_parser=<colcon_mixin.mixin.mixin_argument.MixinArgumentDecorator object at 0x70bf28ab51f0>, verb_extension=<colcon_core.verb.build.BuildVerb object at 0x70bf28bd0fb0>, main=<bound method BuildVerb.main of <colcon_core.verb.build.BuildVerb object at 0x70bf28bd0fb0>>, mixin_verb=('build',))
[0.093s] Level 1:colcon.colcon_core.package_discovery:discover_packages(colcon_meta) check parameters
[0.093s] Level 1:colcon.colcon_core.package_discovery:discover_packages(recursive) check parameters
[0.093s] Level 1:colcon.colcon_core.package_discovery:discover_packages(ignore) check parameters
[0.093s] Level 1:colcon.colcon_core.package_discovery:discover_packages(path) check parameters
[0.093s] Level 1:colcon.colcon_core.package_discovery:discover_packages(colcon_meta) discover
[0.093s] Level 1:colcon.colcon_core.package_discovery:discover_packages(recursive) discover
[0.093s] INFO:colcon.colcon_core.package_discovery:Crawling recursively for packages in '/home/lairlab-squirtle/mpros2-docker'
[0.093s] Level 1:colcon.colcon_core.package_identification:_identify(.) by extensions ['ignore', 'ignore_ament_install']
[0.093s] Level 1:colcon.colcon_core.package_identification:_identify(.) by extension 'ignore'
[0.093s] Level 1:colcon.colcon_core.package_identification:_identify(.) by extension 'ignore_ament_install'
[0.093s] Level 1:colcon.colcon_core.package_identification:_identify(.) by extensions ['colcon_pkg']
[0.093s] Level 1:colcon.colcon_core.package_identification:_identify(.) by extension 'colcon_pkg'
[0.093s] Level 1:colcon.colcon_core.package_identification:_identify(.) by extensions ['colcon_meta']
[0.093s] Level 1:colcon.colcon_core.package_identification:_identify(.) by extension 'colcon_meta'
[0.093s] Level 1:colcon.colcon_core.package_identification:_identify(.) by extensions ['ros']
[0.093s] Level 1:colcon.colcon_core.package_identification:_identify(.) by extension 'ros'
[0.115s] Level 1:colcon.colcon_core.package_identification:_identify(.) by extensions ['cmake', 'python']
[0.115s] Level 1:colcon.colcon_core.package_identification:_identify(.) by extension 'cmake'
[0.115s] Level 1:colcon.colcon_core.package_identification:_identify(.) by extension 'python'
[0.115s] Level 1:colcon.colcon_core.package_identification:_identify(.) by extensions ['python_setup_py']
[0.115s] Level 1:colcon.colcon_core.package_identification:_identify(.) by extension 'python_setup_py'
[0.115s] Level 1:colcon.colcon_core.package_identification:_identify(build) by extensions ['ignore', 'ignore_ament_install']
[0.115s] Level 1:colcon.colcon_core.package_identification:_identify(build) by extension 'ignore'
[0.115s] Level 1:colcon.colcon_core.package_identification:_identify(build) ignored
[0.115s] Level 1:colcon.colcon_core.package_identification:_identify(install) by extensions ['ignore', 'ignore_ament_install']
[0.115s] Level 1:colcon.colcon_core.package_identification:_identify(install) by extension 'ignore'
[0.115s] Level 1:colcon.colcon_core.package_identification:_identify(install) ignored
[0.115s] Level 1:colcon.colcon_core.package_identification:_identify(log) by extensions ['ignore', 'ignore_ament_install']
[0.115s] Level 1:colcon.colcon_core.package_identification:_identify(log) by extension 'ignore'
[0.115s] Level 1:colcon.colcon_core.package_identification:_identify(log) ignored
[0.115s] Level 1:colcon.colcon_core.package_identification:_identify(src) by extensions ['ignore', 'ignore_ament_install']
[0.115s] Level 1:colcon.colcon_core.package_identification:_identify(src) by extension 'ignore'
[0.115s] Level 1:colcon.colcon_core.package_identification:_identify(src) by extension 'ignore_ament_install'
[0.115s] Level 1:colcon.colcon_core.package_identification:_identify(src) by extensions ['colcon_pkg']
[0.115s] Level 1:colcon.colcon_core.package_identification:_identify(src) by extension 'colcon_pkg'
[0.115s] Level 1:colcon.colcon_core.package_identification:_identify(src) by extensions ['colcon_meta']
[0.115s] Level 1:colcon.colcon_core.package_identification:_identify(src) by extension 'colcon_meta'
[0.115s] Level 1:colcon.colcon_core.package_identification:_identify(src) by extensions ['ros']
[0.115s] Level 1:colcon.colcon_core.package_identification:_identify(src) by extension 'ros'
[0.115s] Level 1:colcon.colcon_core.package_identification:_identify(src) by extensions ['cmake', 'python']
[0.115s] Level 1:colcon.colcon_core.package_identification:_identify(src) by extension 'cmake'
[0.115s] Level 1:colcon.colcon_core.package_identification:_identify(src) by extension 'python'
[0.116s] Level 1:colcon.colcon_core.package_identification:_identify(src) by extensions ['python_setup_py']
[0.116s] Level 1:colcon.colcon_core.package_identification:_identify(src) by extension 'python_setup_py'
[0.116s] Level 1:colcon.colcon_core.package_identification:_identify(src/src) by extensions ['ignore', 'ignore_ament_install']
[0.116s] Level 1:colcon.colcon_core.package_identification:_identify(src/src) by extension 'ignore'
[0.116s] Level 1:colcon.colcon_core.package_identification:_identify(src/src) by extension 'ignore_ament_install'
[0.116s] Level 1:colcon.colcon_core.package_identification:_identify(src/src) by extensions ['colcon_pkg']
[0.116s] Level 1:colcon.colcon_core.package_identification:_identify(src/src) by extension 'colcon_pkg'
[0.116s] Level 1:colcon.colcon_core.package_identification:_identify(src/src) by extensions ['colcon_meta']
[0.116s] Level 1:colcon.colcon_core.package_identification:_identify(src/src) by extension 'colcon_meta'
[0.116s] Level 1:colcon.colcon_core.package_identification:_identify(src/src) by extensions ['ros']
[0.116s] Level 1:colcon.colcon_core.package_identification:_identify(src/src) by extension 'ros'
[0.116s] Level 1:colcon.colcon_core.package_identification:_identify(src/src) by extensions ['cmake', 'python']
[0.116s] Level 1:colcon.colcon_core.package_identification:_identify(src/src) by extension 'cmake'
[0.116s] Level 1:colcon.colcon_core.package_identification:_identify(src/src) by extension 'python'
[0.116s] Level 1:colcon.colcon_core.package_identification:_identify(src/src) by extensions ['python_setup_py']
[0.116s] Level 1:colcon.colcon_core.package_identification:_identify(src/src) by extension 'python_setup_py'
[0.116s] Level 1:colcon.colcon_core.package_identification:_identify(src/src/mpros2) by extensions ['ignore', 'ignore_ament_install']
[0.116s] Level 1:colcon.colcon_core.package_identification:_identify(src/src/mpros2) by extension 'ignore'
[0.116s] Level 1:colcon.colcon_core.package_identification:_identify(src/src/mpros2) by extension 'ignore_ament_install'
[0.116s] Level 1:colcon.colcon_core.package_identification:_identify(src/src/mpros2) by extensions ['colcon_pkg']
[0.116s] Level 1:colcon.colcon_core.package_identification:_identify(src/src/mpros2) by extension 'colcon_pkg'
[0.116s] Level 1:colcon.colcon_core.package_identification:_identify(src/src/mpros2) by extensions ['colcon_meta']
[0.116s] Level 1:colcon.colcon_core.package_identification:_identify(src/src/mpros2) by extension 'colcon_meta'
[0.116s] Level 1:colcon.colcon_core.package_identification:_identify(src/src/mpros2) by extensions ['ros']
[0.116s] Level 1:colcon.colcon_core.package_identification:_identify(src/src/mpros2) by extension 'ros'
[0.119s] DEBUG:colcon.colcon_core.package_identification:Package 'src/src/mpros2' with type 'ros.ament_python' and name 'mpros2'
[0.119s] Level 1:colcon.colcon_core.package_identification:_identify(src/src/mpros2_msg) by extensions ['ignore', 'ignore_ament_install']
[0.119s] Level 1:colcon.colcon_core.package_identification:_identify(src/src/mpros2_msg) by extension 'ignore'
[0.119s] Level 1:colcon.colcon_core.package_identification:_identify(src/src/mpros2_msg) by extension 'ignore_ament_install'
[0.119s] Level 1:colcon.colcon_core.package_identification:_identify(src/src/mpros2_msg) by extensions ['colcon_pkg']
[0.119s] Level 1:colcon.colcon_core.package_identification:_identify(src/src/mpros2_msg) by extension 'colcon_pkg'
[0.119s] Level 1:colcon.colcon_core.package_identification:_identify(src/src/mpros2_msg) by extensions ['colcon_meta']
[0.119s] Level 1:colcon.colcon_core.package_identification:_identify(src/src/mpros2_msg) by extension 'colcon_meta'
[0.120s] Level 1:colcon.colcon_core.package_identification:_identify(src/src/mpros2_msg) by extensions ['ros']
[0.120s] Level 1:colcon.colcon_core.package_identification:_identify(src/src/mpros2_msg) by extension 'ros'
[0.120s] DEBUG:colcon.colcon_core.package_identification:Package 'src/src/mpros2_msg' with type 'ros.ament_cmake' and name 'mpros2_msg'
[0.120s] Level 1:colcon.colcon_core.package_discovery:discover_packages(recursive) using defaults
[0.120s] Level 1:colcon.colcon_core.package_discovery:discover_packages(ignore) discover
[0.120s] Level 1:colcon.colcon_core.package_discovery:discover_packages(ignore) using defaults
[0.120s] Level 1:colcon.colcon_core.package_discovery:discover_packages(path) discover
[0.120s] Level 1:colcon.colcon_core.package_discovery:discover_packages(path) using defaults
[0.130s] Level 1:colcon.colcon_core.package_discovery:discover_packages(prefix_path) check parameters
[0.130s] Level 1:colcon.colcon_core.package_discovery:discover_packages(prefix_path) discover
[0.131s] DEBUG:colcon.colcon_installed_package_information.package_discovery:Found 3 installed packages in /home/lairlab-squirtle/ros2_ws/install
[0.132s] DEBUG:colcon.colcon_installed_package_information.package_discovery:Found 288 installed packages in /opt/ros/jazzy
[0.133s] Level 1:colcon.colcon_core.package_discovery:discover_packages(prefix_path) using defaults
[0.155s] Level 5:colcon.colcon_core.verb:set package 'mpros2' build argument 'cmake_args' from command line to 'None'
[0.155s] Level 5:colcon.colcon_core.verb:set package 'mpros2' build argument 'cmake_target' from command line to 'None'
[0.155s] Level 5:colcon.colcon_core.verb:set package 'mpros2' build argument 'cmake_target_skip_unavailable' from command line to 'False'
[0.155s] Level 5:colcon.colcon_core.verb:set package 'mpros2' build argument 'cmake_clean_cache' from command line to 'False'
[0.155s] Level 5:colcon.colcon_core.verb:set package 'mpros2' build argument 'cmake_clean_first' from command line to 'False'
[0.155s] Level 5:colcon.colcon_core.verb:set package 'mpros2' build argument 'cmake_force_configure' from command line to 'False'
[0.155s] Level 5:colcon.colcon_core.verb:set package 'mpros2' build argument 'ament_cmake_args' from command line to 'None'
[0.155s] Level 5:colcon.colcon_core.verb:set package 'mpros2' build argument 'catkin_cmake_args' from command line to 'None'
[0.155s] Level 5:colcon.colcon_core.verb:set package 'mpros2' build argument 'catkin_skip_building_tests' from command line to 'False'
[0.155s] DEBUG:colcon.colcon_core.verb:Building package 'mpros2' with the following arguments: {'ament_cmake_args': None, 'build_base': '/home/lairlab-squirtle/mpros2-docker/build/mpros2', 'catkin_cmake_args': None, 'catkin_skip_building_tests': False, 'cmake_args': None, 'cmake_clean_cache': False, 'cmake_clean_first': False, 'cmake_force_configure': False, 'cmake_target': None, 'cmake_target_skip_unavailable': False, 'install_base': '/home/lairlab-squirtle/mpros2-docker/install/mpros2', 'merge_install': False, 'path': '/home/lairlab-squirtle/mpros2-docker/src/src/mpros2', 'symlink_install': False, 'test_result_base': None}
[0.155s] Level 5:colcon.colcon_core.verb:set package 'mpros2_msg' build argument 'cmake_args' from command line to 'None'
[0.155s] Level 5:colcon.colcon_core.verb:set package 'mpros2_msg' build argument 'cmake_target' from command line to 'None'
[0.155s] Level 5:colcon.colcon_core.verb:set package 'mpros2_msg' build argument 'cmake_target_skip_unavailable' from command line to 'False'
[0.155s] Level 5:colcon.colcon_core.verb:set package 'mpros2_msg' build argument 'cmake_clean_cache' from command line to 'False'
[0.155s] Level 5:colcon.colcon_core.verb:set package 'mpros2_msg' build argument 'cmake_clean_first' from command line to 'False'
[0.155s] Level 5:colcon.colcon_core.verb:set package 'mpros2_msg' build argument 'cmake_force_configure' from command line to 'False'
[0.155s] Level 5:colcon.colcon_core.verb:set package 'mpros2_msg' build argument 'ament_cmake_args' from command line to 'None'
[0.155s] Level 5:colcon.colcon_core.verb:set package 'mpros2_msg' build argument 'catkin_cmake_args' from command line to 'None'
[0.155s] Level 5:colcon.colcon_core.verb:set package 'mpros2_msg' build argument 'catkin_skip_building_tests' from command line to 'False'
[0.155s] DEBUG:colcon.colcon_core.verb:Building package 'mpros2_msg' with the following arguments: {'ament_cmake_args': None, 'build_base': '/home/lairlab-squirtle/mpros2-docker/build/mpros2_msg', 'catkin_cmake_args': None, 'catkin_skip_building_tests': False, 'cmake_args': None, 'cmake_clean_cache': False, 'cmake_clean_first': False, 'cmake_force_configure': False, 'cmake_target': None, 'cmake_target_skip_unavailable': False, 'install_base': '/home/lairlab-squirtle/mpros2-docker/install/mpros2_msg', 'merge_install': False, 'path': '/home/lairlab-squirtle/mpros2-docker/src/src/mpros2_msg', 'symlink_install': False, 'test_result_base': None}
[0.156s] INFO:colcon.colcon_core.executor:Executing jobs using 'parallel' executor
[0.156s] DEBUG:colcon.colcon_parallel_executor.executor.parallel:run_until_complete
[0.156s] INFO:colcon.colcon_ros.task.ament_python.build:Building ROS package in '/home/lairlab-squirtle/mpros2-docker/src/src/mpros2' with build type 'ament_python'
[0.156s] Level 1:colcon.colcon_core.shell:create_environment_hook('mpros2', 'ament_prefix_path')
[0.157s] INFO:colcon.colcon_core.plugin_system:Skipping extension 'colcon_core.shell.bat': Not used on non-Windows systems
[0.158s] INFO:colcon.colcon_core.shell:Creating environment hook '/home/lairlab-squirtle/mpros2-docker/install/mpros2/share/mpros2/hook/ament_prefix_path.ps1'
[0.158s] INFO:colcon.colcon_core.shell:Creating environment descriptor '/home/lairlab-squirtle/mpros2-docker/install/mpros2/share/mpros2/hook/ament_prefix_path.dsv'
[0.158s] INFO:colcon.colcon_core.shell:Creating environment hook '/home/lairlab-squirtle/mpros2-docker/install/mpros2/share/mpros2/hook/ament_prefix_path.sh'
[0.159s] INFO:colcon.colcon_core.shell:Skip shell extension 'powershell' for command environment: Not usable outside of PowerShell
[0.159s] DEBUG:colcon.colcon_core.shell:Skip shell extension 'dsv' for command environment
[0.161s] INFO:colcon.colcon_ros.task.ament_cmake.build:Building ROS package in '/home/lairlab-squirtle/mpros2-docker/src/src/mpros2_msg' with build type 'ament_cmake'
[0.161s] INFO:colcon.colcon_cmake.task.cmake.build:Building CMake package in '/home/lairlab-squirtle/mpros2-docker/src/src/mpros2_msg'
[0.161s] INFO:colcon.colcon_core.shell:Skip shell extension 'powershell' for command environment: Not usable outside of PowerShell
[0.161s] DEBUG:colcon.colcon_core.shell:Skip shell extension 'dsv' for command environment
[0.283s] INFO:colcon.colcon_core.task.python.build:Building Python package in '/home/lairlab-squirtle/mpros2-docker/src/src/mpros2'
[0.283s] INFO:colcon.colcon_core.shell:Skip shell extension 'powershell' for command environment: Not usable outside of PowerShell
[0.283s] DEBUG:colcon.colcon_core.shell:Skip shell extension 'dsv' for command environment
[0.287s] DEBUG:colcon.colcon_core.event_handler.log_command:Invoking command in '/home/lairlab-squirtle/mpros2-docker/build/mpros2_msg': CMAKE_PREFIX_PATH=${CMAKE_PREFIX_PATH}:/home/lairlab-squirtle/ros2_ws/install/mpros2:/home/lairlab-squirtle/ros2_ws/install/shimmer3_gsr_unit:/opt/ros/jazzy DEBUGINFOD_URLS=https://debuginfod.ubuntu.com /usr/bin/cmake /home/lairlab-squirtle/mpros2-docker/src/src/mpros2_msg -DCMAKE_INSTALL_PREFIX=/home/lairlab-squirtle/mpros2-docker/install/mpros2_msg
[0.769s] DEBUG:colcon.colcon_core.event_handler.log_command:Invoking command in '/home/lairlab-squirtle/mpros2-docker/src/src/mpros2': DEBUGINFOD_URLS=https://debuginfod.ubuntu.com PYTHONPATH=/home/lairlab-squirtle/mpros2-docker/build/mpros2/prefix_override:/usr/lib/python3/dist-packages/colcon_core/task/python/colcon_distutils_commands:/home/lairlab-squirtle/mpros2-docker/install/mpros2/lib/python3.12/site-packages:${PYTHONPATH} /usr/bin/python3 -W ignore:setup.py install is deprecated -W ignore:easy_install command is deprecated setup.py egg_info --egg-base ../../../build/mpros2 build --build-base /home/lairlab-squirtle/mpros2-docker/build/mpros2/build install --record /home/lairlab-squirtle/mpros2-docker/build/mpros2/install.log --single-version-externally-managed install_data
[1.103s] DEBUG:colcon.colcon_core.event_handler.log_command:Invoked command in '/home/lairlab-squirtle/mpros2-docker/src/src/mpros2' returned '0': DEBUGINFOD_URLS=https://debuginfod.ubuntu.com PYTHONPATH=/home/lairlab-squirtle/mpros2-docker/build/mpros2/prefix_override:/usr/lib/python3/dist-packages/colcon_core/task/python/colcon_distutils_commands:/home/lairlab-squirtle/mpros2-docker/install/mpros2/lib/python3.12/site-packages:${PYTHONPATH} /usr/bin/python3 -W ignore:setup.py install is deprecated -W ignore:easy_install command is deprecated setup.py egg_info --egg-base ../../../build/mpros2 build --build-base /home/lairlab-squirtle/mpros2-docker/build/mpros2/build install --record /home/lairlab-squirtle/mpros2-docker/build/mpros2/install.log --single-version-externally-managed install_data
[1.105s] Level 1:colcon.colcon_core.environment:checking '/home/lairlab-squirtle/mpros2-docker/install/mpros2' for CMake module files
[1.106s] Level 1:colcon.colcon_core.environment:checking '/home/lairlab-squirtle/mpros2-docker/install/mpros2' for CMake config files
[1.107s] Level 1:colcon.colcon_core.environment:checking '/home/lairlab-squirtle/mpros2-docker/install/mpros2/lib'
[1.107s] Level 1:colcon.colcon_core.environment:checking '/home/lairlab-squirtle/mpros2-docker/install/mpros2/bin'
[1.107s] Level 1:colcon.colcon_core.environment:checking '/home/lairlab-squirtle/mpros2-docker/install/mpros2/lib/pkgconfig/mpros2.pc'
[1.107s] Level 1:colcon.colcon_core.environment:checking '/home/lairlab-squirtle/mpros2-docker/install/mpros2/lib/python3.12/site-packages'
[1.107s] Level 1:colcon.colcon_core.shell:create_environment_hook('mpros2', 'pythonpath')
[1.108s] INFO:colcon.colcon_core.shell:Creating environment hook '/home/lairlab-squirtle/mpros2-docker/install/mpros2/share/mpros2/hook/pythonpath.ps1'
[1.108s] INFO:colcon.colcon_core.shell:Creating environment descriptor '/home/lairlab-squirtle/mpros2-docker/install/mpros2/share/mpros2/hook/pythonpath.dsv'
[1.108s] INFO:colcon.colcon_core.shell:Creating environment hook '/home/lairlab-squirtle/mpros2-docker/install/mpros2/share/mpros2/hook/pythonpath.sh'
[1.109s] Level 1:colcon.colcon_core.environment:checking '/home/lairlab-squirtle/mpros2-docker/install/mpros2/bin'
[1.109s] Level 1:colcon.colcon_core.environment:create_environment_scripts_only(mpros2)
[1.109s] INFO:colcon.colcon_core.shell:Creating package script '/home/lairlab-squirtle/mpros2-docker/install/mpros2/share/mpros2/package.ps1'
[1.110s] INFO:colcon.colcon_core.shell:Creating package descriptor '/home/lairlab-squirtle/mpros2-docker/install/mpros2/share/mpros2/package.dsv'
[1.111s] INFO:colcon.colcon_core.shell:Creating package script '/home/lairlab-squirtle/mpros2-docker/install/mpros2/share/mpros2/package.sh'
[1.111s] INFO:colcon.colcon_core.shell:Creating package script '/home/lairlab-squirtle/mpros2-docker/install/mpros2/share/mpros2/package.bash'
[1.112s] INFO:colcon.colcon_core.shell:Creating package script '/home/lairlab-squirtle/mpros2-docker/install/mpros2/share/mpros2/package.zsh'
[1.113s] Level 1:colcon.colcon_core.environment:create_file_with_runtime_dependencies(/home/lairlab-squirtle/mpros2-docker/install/mpros2/share/colcon-core/packages/mpros2)
[2.886s] DEBUG:colcon.colcon_core.event_handler.log_command:Invoked command in '/home/lairlab-squirtle/mpros2-docker/build/mpros2_msg' returned '0': CMAKE_PREFIX_PATH=${CMAKE_PREFIX_PATH}:/home/lairlab-squirtle/ros2_ws/install/mpros2:/home/lairlab-squirtle/ros2_ws/install/shimmer3_gsr_unit:/opt/ros/jazzy DEBUGINFOD_URLS=https://debuginfod.ubuntu.com /usr/bin/cmake /home/lairlab-squirtle/mpros2-docker/src/src/mpros2_msg -DCMAKE_INSTALL_PREFIX=/home/lairlab-squirtle/mpros2-docker/install/mpros2_msg
[2.886s] DEBUG:colcon.colcon_core.event_handler.log_command:Invoking command in '/home/lairlab-squirtle/mpros2-docker/build/mpros2_msg': CMAKE_PREFIX_PATH=${CMAKE_PREFIX_PATH}:/home/lairlab-squirtle/ros2_ws/install/mpros2:/home/lairlab-squirtle/ros2_ws/install/shimmer3_gsr_unit:/opt/ros/jazzy DEBUGINFOD_URLS=https://debuginfod.ubuntu.com /usr/bin/cmake --build /home/lairlab-squirtle/mpros2-docker/build/mpros2_msg -- -j20 -l20
[16.796s] DEBUG:colcon.colcon_core.event_handler.log_command:Invoked command in '/home/lairlab-squirtle/mpros2-docker/build/mpros2_msg' returned '0': CMAKE_PREFIX_PATH=${CMAKE_PREFIX_PATH}:/home/lairlab-squirtle/ros2_ws/install/mpros2:/home/lairlab-squirtle/ros2_ws/install/shimmer3_gsr_unit:/opt/ros/jazzy DEBUGINFOD_URLS=https://debuginfod.ubuntu.com /usr/bin/cmake --build /home/lairlab-squirtle/mpros2-docker/build/mpros2_msg -- -j20 -l20
[16.802s] DEBUG:colcon.colcon_core.event_handler.log_command:Invoking command in '/home/lairlab-squirtle/mpros2-docker/build/mpros2_msg': CMAKE_PREFIX_PATH=${CMAKE_PREFIX_PATH}:/home/lairlab-squirtle/ros2_ws/install/mpros2:/home/lairlab-squirtle/ros2_ws/install/shimmer3_gsr_unit:/opt/ros/jazzy DEBUGINFOD_URLS=https://debuginfod.ubuntu.com /usr/bin/cmake --install /home/lairlab-squirtle/mpros2-docker/build/mpros2_msg
[16.884s] Level 1:colcon.colcon_core.environment:create_environment_scripts_only(mpros2_msg)
[16.884s] Level 1:colcon.colcon_core.environment:checking '/home/lairlab-squirtle/mpros2-docker/install/mpros2_msg' for CMake module files
[16.884s] DEBUG:colcon.colcon_core.event_handler.log_command:Invoked command in '/home/lairlab-squirtle/mpros2-docker/build/mpros2_msg' returned '0': CMAKE_PREFIX_PATH=${CMAKE_PREFIX_PATH}:/home/lairlab-squirtle/ros2_ws/install/mpros2:/home/lairlab-squirtle/ros2_ws/install/shimmer3_gsr_unit:/opt/ros/jazzy DEBUGINFOD_URLS=https://debuginfod.ubuntu.com /usr/bin/cmake --install /home/lairlab-squirtle/mpros2-docker/build/mpros2_msg
[16.885s] Level 1:colcon.colcon_core.environment:checking '/home/lairlab-squirtle/mpros2-docker/install/mpros2_msg' for CMake config files
[16.886s] Level 1:colcon.colcon_core.shell:create_environment_hook('mpros2_msg', 'cmake_prefix_path')
[16.886s] INFO:colcon.colcon_core.shell:Creating environment hook '/home/lairlab-squirtle/mpros2-docker/install/mpros2_msg/share/mpros2_msg/hook/cmake_prefix_path.ps1'
[16.887s] INFO:colcon.colcon_core.shell:Creating environment descriptor '/home/lairlab-squirtle/mpros2-docker/install/mpros2_msg/share/mpros2_msg/hook/cmake_prefix_path.dsv'
[16.887s] INFO:colcon.colcon_core.shell:Creating environment hook '/home/lairlab-squirtle/mpros2-docker/install/mpros2_msg/share/mpros2_msg/hook/cmake_prefix_path.sh'
[16.887s] Level 1:colcon.colcon_core.environment:checking '/home/lairlab-squirtle/mpros2-docker/install/mpros2_msg/lib'
[16.887s] Level 1:colcon.colcon_core.shell:create_environment_hook('mpros2_msg', 'ld_library_path_lib')
[16.887s] INFO:colcon.colcon_core.shell:Creating environment hook '/home/lairlab-squirtle/mpros2-docker/install/mpros2_msg/share/mpros2_msg/hook/ld_library_path_lib.ps1'
[16.888s] INFO:colcon.colcon_core.shell:Creating environment descriptor '/home/lairlab-squirtle/mpros2-docker/install/mpros2_msg/share/mpros2_msg/hook/ld_library_path_lib.dsv'
[16.888s] INFO:colcon.colcon_core.shell:Creating environment hook '/home/lairlab-squirtle/mpros2-docker/install/mpros2_msg/share/mpros2_msg/hook/ld_library_path_lib.sh'
[16.888s] Level 1:colcon.colcon_core.environment:checking '/home/lairlab-squirtle/mpros2-docker/install/mpros2_msg/bin'
[16.888s] Level 1:colcon.colcon_core.environment:checking '/home/lairlab-squirtle/mpros2-docker/install/mpros2_msg/lib/pkgconfig/mpros2_msg.pc'
[16.888s] Level 1:colcon.colcon_core.environment:checking '/home/lairlab-squirtle/mpros2-docker/install/mpros2_msg/lib/python3.12/site-packages'
[16.888s] Level 1:colcon.colcon_core.shell:create_environment_hook('mpros2_msg', 'pythonpath')
[16.888s] INFO:colcon.colcon_core.shell:Creating environment hook '/home/lairlab-squirtle/mpros2-docker/install/mpros2_msg/share/mpros2_msg/hook/pythonpath.ps1'
[16.888s] INFO:colcon.colcon_core.shell:Creating environment descriptor '/home/lairlab-squirtle/mpros2-docker/install/mpros2_msg/share/mpros2_msg/hook/pythonpath.dsv'
[16.888s] INFO:colcon.colcon_core.shell:Creating environment hook '/home/lairlab-squirtle/mpros2-docker/install/mpros2_msg/share/mpros2_msg/hook/pythonpath.sh'
[16.889s] Level 1:colcon.colcon_core.environment:checking '/home/lairlab-squirtle/mpros2-docker/install/mpros2_msg/bin'
[16.889s] INFO:colcon.colcon_core.shell:Creating package script '/home/lairlab-squirtle/mpros2-docker/install/mpros2_msg/share/mpros2_msg/package.ps1'
[16.890s] INFO:colcon.colcon_core.shell:Creating package descriptor '/home/lairlab-squirtle/mpros2-docker/install/mpros2_msg/share/mpros2_msg/package.dsv'
[16.891s] INFO:colcon.colcon_core.shell:Creating package script '/home/lairlab-squirtle/mpros2-docker/install/mpros2_msg/share/mpros2_msg/package.sh'
[16.891s] INFO:colcon.colcon_core.shell:Creating package script '/home/lairlab-squirtle/mpros2-docker/install/mpros2_msg/share/mpros2_msg/package.bash'
[16.891s] INFO:colcon.colcon_core.shell:Creating package script '/home/lairlab-squirtle/mpros2-docker/install/mpros2_msg/share/mpros2_msg/package.zsh'
[16.891s] Level 1:colcon.colcon_core.environment:create_file_with_runtime_dependencies(/home/lairlab-squirtle/mpros2-docker/install/mpros2_msg/share/colcon-core/packages/mpros2_msg)
[16.891s] Level 1:colcon.colcon_core.environment:create_environment_scripts_only(mpros2_msg)
[16.891s] Level 1:colcon.colcon_core.environment:checking '/home/lairlab-squirtle/mpros2-docker/install/mpros2_msg' for CMake module files
[16.892s] Level 1:colcon.colcon_core.environment:checking '/home/lairlab-squirtle/mpros2-docker/install/mpros2_msg' for CMake config files
[16.892s] Level 1:colcon.colcon_core.shell:create_environment_hook('mpros2_msg', 'cmake_prefix_path')
[16.892s] INFO:colcon.colcon_core.shell:Creating environment hook '/home/lairlab-squirtle/mpros2-docker/install/mpros2_msg/share/mpros2_msg/hook/cmake_prefix_path.ps1'
[16.892s] INFO:colcon.colcon_core.shell:Creating environment descriptor '/home/lairlab-squirtle/mpros2-docker/install/mpros2_msg/share/mpros2_msg/hook/cmake_prefix_path.dsv'
[16.892s] INFO:colcon.colcon_core.shell:Creating environment hook '/home/lairlab-squirtle/mpros2-docker/install/mpros2_msg/share/mpros2_msg/hook/cmake_prefix_path.sh'
[16.893s] Level 1:colcon.colcon_core.environment:checking '/home/lairlab-squirtle/mpros2-docker/install/mpros2_msg/lib'
[16.893s] Level 1:colcon.colcon_core.shell:create_environment_hook('mpros2_msg', 'ld_library_path_lib')
[16.893s] INFO:colcon.colcon_core.shell:Creating environment hook '/home/lairlab-squirtle/mpros2-docker/install/mpros2_msg/share/mpros2_msg/hook/ld_library_path_lib.ps1'
[16.893s] INFO:colcon.colcon_core.shell:Creating environment descriptor '/home/lairlab-squirtle/mpros2-docker/install/mpros2_msg/share/mpros2_msg/hook/ld_library_path_lib.dsv'
[16.893s] INFO:colcon.colcon_core.shell:Creating environment hook '/home/lairlab-squirtle/mpros2-docker/install/mpros2_msg/share/mpros2_msg/hook/ld_library_path_lib.sh'
[16.893s] Level 1:colcon.colcon_core.environment:checking '/home/lairlab-squirtle/mpros2-docker/install/mpros2_msg/bin'
[16.893s] Level 1:colcon.colcon_core.environment:checking '/home/lairlab-squirtle/mpros2-docker/install/mpros2_msg/lib/pkgconfig/mpros2_msg.pc'
[16.893s] Level 1:colcon.colcon_core.environment:checking '/home/lairlab-squirtle/mpros2-docker/install/mpros2_msg/lib/python3.12/site-packages'
[16.894s] Level 1:colcon.colcon_core.shell:create_environment_hook('mpros2_msg', 'pythonpath')
[16.894s] INFO:colcon.colcon_core.shell:Creating environment hook '/home/lairlab-squirtle/mpros2-docker/install/mpros2_msg/share/mpros2_msg/hook/pythonpath.ps1'
[16.894s] INFO:colcon.colcon_core.shell:Creating environment descriptor '/home/lairlab-squirtle/mpros2-docker/install/mpros2_msg/share/mpros2_msg/hook/pythonpath.dsv'
[16.894s] INFO:colcon.colcon_core.shell:Creating environment hook '/home/lairlab-squirtle/mpros2-docker/install/mpros2_msg/share/mpros2_msg/hook/pythonpath.sh'
[16.894s] Level 1:colcon.colcon_core.environment:checking '/home/lairlab-squirtle/mpros2-docker/install/mpros2_msg/bin'
[16.894s] INFO:colcon.colcon_core.shell:Creating package script '/home/lairlab-squirtle/mpros2-docker/install/mpros2_msg/share/mpros2_msg/package.ps1'
[16.895s] INFO:colcon.colcon_core.shell:Creating package descriptor '/home/lairlab-squirtle/mpros2-docker/install/mpros2_msg/share/mpros2_msg/package.dsv'
[16.895s] INFO:colcon.colcon_core.shell:Creating package script '/home/lairlab-squirtle/mpros2-docker/install/mpros2_msg/share/mpros2_msg/package.sh'
[16.895s] INFO:colcon.colcon_core.shell:Creating package script '/home/lairlab-squirtle/mpros2-docker/install/mpros2_msg/share/mpros2_msg/package.bash'
[16.895s] INFO:colcon.colcon_core.shell:Creating package script '/home/lairlab-squirtle/mpros2-docker/install/mpros2_msg/share/mpros2_msg/package.zsh'
[16.896s] Level 1:colcon.colcon_core.environment:create_file_with_runtime_dependencies(/home/lairlab-squirtle/mpros2-docker/install/mpros2_msg/share/colcon-core/packages/mpros2_msg)
[16.896s] DEBUG:colcon.colcon_parallel_executor.executor.parallel:closing loop
[16.896s] DEBUG:colcon.colcon_parallel_executor.executor.parallel:loop closed
[16.896s] DEBUG:colcon.colcon_parallel_executor.executor.parallel:run_until_complete finished with '0'
[16.896s] DEBUG:colcon.colcon_core.event_reactor:joining thread
[16.900s] INFO:colcon.colcon_core.plugin_system:Skipping extension 'colcon_notification.desktop_notification.terminal_notifier': Not used on non-Darwin systems
[16.900s] INFO:colcon.colcon_core.plugin_system:Skipping extension 'colcon_notification.desktop_notification.win32': Not used on non-Windows systems
[16.900s] INFO:colcon.colcon_notification.desktop_notification:Sending desktop notification using 'notify2'
[16.914s] DEBUG:colcon.colcon_core.event_reactor:joined thread
[16.914s] INFO:colcon.colcon_core.shell:Creating prefix script '/home/lairlab-squirtle/mpros2-docker/install/local_setup.ps1'
[16.915s] INFO:colcon.colcon_core.shell:Creating prefix util module '/home/lairlab-squirtle/mpros2-docker/install/_local_setup_util_ps1.py'
[16.916s] INFO:colcon.colcon_core.shell:Creating prefix chain script '/home/lairlab-squirtle/mpros2-docker/install/setup.ps1'
[16.916s] INFO:colcon.colcon_core.shell:Creating prefix script '/home/lairlab-squirtle/mpros2-docker/install/local_setup.sh'
[16.916s] INFO:colcon.colcon_core.shell:Creating prefix util module '/home/lairlab-squirtle/mpros2-docker/install/_local_setup_util_sh.py'
[16.917s] INFO:colcon.colcon_core.shell:Creating prefix chain script '/home/lairlab-squirtle/mpros2-docker/install/setup.sh'
[16.917s] INFO:colcon.colcon_core.shell:Creating prefix script '/home/lairlab-squirtle/mpros2-docker/install/local_setup.bash'
[16.917s] INFO:colcon.colcon_core.shell:Creating prefix chain script '/home/lairlab-squirtle/mpros2-docker/install/setup.bash'
[16.918s] INFO:colcon.colcon_core.shell:Creating prefix script '/home/lairlab-squirtle/mpros2-docker/install/local_setup.zsh'
[16.918s] INFO:colcon.colcon_core.shell:Creating prefix chain script '/home/lairlab-squirtle/mpros2-docker/install/setup.zsh'
