running egg_info
creating ../../../build/mpros2/mpros2.egg-info
writing ../../../build/mpros2/mpros2.egg-info/PKG-INFO
writing dependency_links to ../../../build/mpros2/mpros2.egg-info/dependency_links.txt
writing entry points to ../../../build/mpros2/mpros2.egg-info/entry_points.txt
writing requirements to ../../../build/mpros2/mpros2.egg-info/requires.txt
writing top-level names to ../../../build/mpros2/mpros2.egg-info/top_level.txt
writing manifest file '../../../build/mpros2/mpros2.egg-info/SOURCES.txt'
reading manifest file '../../../build/mpros2/mpros2.egg-info/SOURCES.txt'
writing manifest file '../../../build/mpros2/mpros2.egg-info/SOURCES.txt'
running build
running build_py
creating /home/lairlab-squirtle/mpros2-docker/build/mpros2/build
creating /home/lairlab-squirtle/mpros2-docker/build/mpros2/build/lib
creating /home/lairlab-squirtle/mpros2-docker/build/mpros2/build/lib/mpros2
copying mpros2/teste.py -> /home/lairlab-squirtle/mpros2-docker/build/mpros2/build/lib/mpros2
copying mpros2/face_mesh_detector.py -> /home/lairlab-squirtle/mpros2-docker/build/mpros2/build/lib/mpros2
copying mpros2/pose_detector.py -> /home/lairlab-squirtle/mpros2-docker/build/mpros2/build/lib/mpros2
copying mpros2/face_mesh_detector_rs.py -> /home/lairlab-squirtle/mpros2-docker/build/mpros2/build/lib/mpros2
copying mpros2/debug_node.py -> /home/lairlab-squirtle/mpros2-docker/build/mpros2/build/lib/mpros2
copying mpros2/holistic_detector.py -> /home/lairlab-squirtle/mpros2-docker/build/mpros2/build/lib/mpros2
copying mpros2/detector.py -> /home/lairlab-squirtle/mpros2-docker/build/mpros2/build/lib/mpros2
copying mpros2/__init__.py -> /home/lairlab-squirtle/mpros2-docker/build/mpros2/build/lib/mpros2
copying mpros2/pose_detector_rs.py -> /home/lairlab-squirtle/mpros2-docker/build/mpros2/build/lib/mpros2
copying mpros2/hands_detector_rs.py -> /home/lairlab-squirtle/mpros2-docker/build/mpros2/build/lib/mpros2
copying mpros2/hands_detector.py -> /home/lairlab-squirtle/mpros2-docker/build/mpros2/build/lib/mpros2
copying mpros2/visualization.py -> /home/lairlab-squirtle/mpros2-docker/build/mpros2/build/lib/mpros2
copying mpros2/detector(old).py -> /home/lairlab-squirtle/mpros2-docker/build/mpros2/build/lib/mpros2
copying mpros2/FaceMesh (DO NOT DELETE).py -> /home/lairlab-squirtle/mpros2-docker/build/mpros2/build/lib/mpros2
running install
running install_lib
creating /home/lairlab-squirtle/mpros2-docker/install/mpros2/lib/python3.12/site-packages/mpros2
copying /home/lairlab-squirtle/mpros2-docker/build/mpros2/build/lib/mpros2/teste.py -> /home/lairlab-squirtle/mpros2-docker/install/mpros2/lib/python3.12/site-packages/mpros2
copying /home/lairlab-squirtle/mpros2-docker/build/mpros2/build/lib/mpros2/face_mesh_detector.py -> /home/lairlab-squirtle/mpros2-docker/install/mpros2/lib/python3.12/site-packages/mpros2
copying /home/lairlab-squirtle/mpros2-docker/build/mpros2/build/lib/mpros2/pose_detector.py -> /home/lairlab-squirtle/mpros2-docker/install/mpros2/lib/python3.12/site-packages/mpros2
copying /home/lairlab-squirtle/mpros2-docker/build/mpros2/build/lib/mpros2/face_mesh_detector_rs.py -> /home/lairlab-squirtle/mpros2-docker/install/mpros2/lib/python3.12/site-packages/mpros2
copying /home/lairlab-squirtle/mpros2-docker/build/mpros2/build/lib/mpros2/debug_node.py -> /home/lairlab-squirtle/mpros2-docker/install/mpros2/lib/python3.12/site-packages/mpros2
copying /home/lairlab-squirtle/mpros2-docker/build/mpros2/build/lib/mpros2/holistic_detector.py -> /home/lairlab-squirtle/mpros2-docker/install/mpros2/lib/python3.12/site-packages/mpros2
copying /home/lairlab-squirtle/mpros2-docker/build/mpros2/build/lib/mpros2/detector.py -> /home/lairlab-squirtle/mpros2-docker/install/mpros2/lib/python3.12/site-packages/mpros2
copying /home/lairlab-squirtle/mpros2-docker/build/mpros2/build/lib/mpros2/__init__.py -> /home/lairlab-squirtle/mpros2-docker/install/mpros2/lib/python3.12/site-packages/mpros2
copying /home/lairlab-squirtle/mpros2-docker/build/mpros2/build/lib/mpros2/pose_detector_rs.py -> /home/lairlab-squirtle/mpros2-docker/install/mpros2/lib/python3.12/site-packages/mpros2
copying /home/lairlab-squirtle/mpros2-docker/build/mpros2/build/lib/mpros2/hands_detector_rs.py -> /home/lairlab-squirtle/mpros2-docker/install/mpros2/lib/python3.12/site-packages/mpros2
copying /home/lairlab-squirtle/mpros2-docker/build/mpros2/build/lib/mpros2/hands_detector.py -> /home/lairlab-squirtle/mpros2-docker/install/mpros2/lib/python3.12/site-packages/mpros2
copying /home/lairlab-squirtle/mpros2-docker/build/mpros2/build/lib/mpros2/visualization.py -> /home/lairlab-squirtle/mpros2-docker/install/mpros2/lib/python3.12/site-packages/mpros2
copying /home/lairlab-squirtle/mpros2-docker/build/mpros2/build/lib/mpros2/detector(old).py -> /home/lairlab-squirtle/mpros2-docker/install/mpros2/lib/python3.12/site-packages/mpros2
copying /home/lairlab-squirtle/mpros2-docker/build/mpros2/build/lib/mpros2/FaceMesh (DO NOT DELETE).py -> /home/lairlab-squirtle/mpros2-docker/install/mpros2/lib/python3.12/site-packages/mpros2
byte-compiling /home/lairlab-squirtle/mpros2-docker/install/mpros2/lib/python3.12/site-packages/mpros2/teste.py to teste.cpython-312.pyc
byte-compiling /home/lairlab-squirtle/mpros2-docker/install/mpros2/lib/python3.12/site-packages/mpros2/face_mesh_detector.py to face_mesh_detector.cpython-312.pyc
byte-compiling /home/lairlab-squirtle/mpros2-docker/install/mpros2/lib/python3.12/site-packages/mpros2/pose_detector.py to pose_detector.cpython-312.pyc
byte-compiling /home/lairlab-squirtle/mpros2-docker/install/mpros2/lib/python3.12/site-packages/mpros2/face_mesh_detector_rs.py to face_mesh_detector_rs.cpython-312.pyc
byte-compiling /home/lairlab-squirtle/mpros2-docker/install/mpros2/lib/python3.12/site-packages/mpros2/debug_node.py to debug_node.cpython-312.pyc
byte-compiling /home/lairlab-squirtle/mpros2-docker/install/mpros2/lib/python3.12/site-packages/mpros2/holistic_detector.py to holistic_detector.cpython-312.pyc
byte-compiling /home/lairlab-squirtle/mpros2-docker/install/mpros2/lib/python3.12/site-packages/mpros2/detector.py to detector.cpython-312.pyc
byte-compiling /home/lairlab-squirtle/mpros2-docker/install/mpros2/lib/python3.12/site-packages/mpros2/__init__.py to __init__.cpython-312.pyc
byte-compiling /home/lairlab-squirtle/mpros2-docker/install/mpros2/lib/python3.12/site-packages/mpros2/pose_detector_rs.py to pose_detector_rs.cpython-312.pyc
byte-compiling /home/lairlab-squirtle/mpros2-docker/install/mpros2/lib/python3.12/site-packages/mpros2/hands_detector_rs.py to hands_detector_rs.cpython-312.pyc
byte-compiling /home/lairlab-squirtle/mpros2-docker/install/mpros2/lib/python3.12/site-packages/mpros2/hands_detector.py to hands_detector.cpython-312.pyc
byte-compiling /home/lairlab-squirtle/mpros2-docker/install/mpros2/lib/python3.12/site-packages/mpros2/visualization.py to visualization.cpython-312.pyc
byte-compiling /home/lairlab-squirtle/mpros2-docker/install/mpros2/lib/python3.12/site-packages/mpros2/detector(old).py to detector(old).cpython-312.pyc
byte-compiling /home/lairlab-squirtle/mpros2-docker/install/mpros2/lib/python3.12/site-packages/mpros2/FaceMesh (DO NOT DELETE).py to FaceMesh (DO NOT DELETE).cpython-312.pyc
running install_data
creating /home/lairlab-squirtle/mpros2-docker/install/mpros2/share/ament_index
creating /home/lairlab-squirtle/mpros2-docker/install/mpros2/share/ament_index/resource_index
creating /home/lairlab-squirtle/mpros2-docker/install/mpros2/share/ament_index/resource_index/packages
copying resource/mpros2 -> /home/lairlab-squirtle/mpros2-docker/install/mpros2/share/ament_index/resource_index/packages
copying package.xml -> /home/lairlab-squirtle/mpros2-docker/install/mpros2/share/mpros2
creating /home/lairlab-squirtle/mpros2-docker/install/mpros2/share/mpros2/launch
copying launch/mp.launch.py -> /home/lairlab-squirtle/mpros2-docker/install/mpros2/share/mpros2/launch
running install_egg_info
Copying ../../../build/mpros2/mpros2.egg-info to /home/lairlab-squirtle/mpros2-docker/install/mpros2/lib/python3.12/site-packages/mpros2-0.0.0-py3.12.egg-info
running install_scripts
Installing debug_node script to /home/lairlab-squirtle/mpros2-docker/install/mpros2/lib/mpros2
Installing detector script to /home/lairlab-squirtle/mpros2-docker/install/mpros2/lib/mpros2
Installing face_mesh_detector script to /home/lairlab-squirtle/mpros2-docker/install/mpros2/lib/mpros2
Installing face_mesh_detector_rs script to /home/lairlab-squirtle/mpros2-docker/install/mpros2/lib/mpros2
Installing hands_detector script to /home/lairlab-squirtle/mpros2-docker/install/mpros2/lib/mpros2
Installing hands_detector_rs script to /home/lairlab-squirtle/mpros2-docker/install/mpros2/lib/mpros2
Installing holistic_detector script to /home/lairlab-squirtle/mpros2-docker/install/mpros2/lib/mpros2
Installing pose_detector script to /home/lairlab-squirtle/mpros2-docker/install/mpros2/lib/mpros2
Installing pose_detector_rs script to /home/lairlab-squirtle/mpros2-docker/install/mpros2/lib/mpros2
Installing visualization script to /home/lairlab-squirtle/mpros2-docker/install/mpros2/lib/mpros2
writing list of installed files to '/home/lairlab-squirtle/mpros2-docker/build/mpros2/install.log'
