[0.612s] Invoking command in '/home/lairlab-squirtle/mpros2-docker/src/src/mpros2': DEBUGINFOD_URLS=https://debuginfod.ubuntu.com PYTHONPATH=/home/lairlab-squirtle/mpros2-docker/build/mpros2/prefix_override:/usr/lib/python3/dist-packages/colcon_core/task/python/colcon_distutils_commands:/home/lairlab-squirtle/mpros2-docker/install/mpros2/lib/python3.12/site-packages:${PYTHONPATH} /usr/bin/python3 -W ignore:setup.py install is deprecated -W ignore:easy_install command is deprecated setup.py egg_info --egg-base ../../../build/mpros2 build --build-base /home/lairlab-squirtle/mpros2-docker/build/mpros2/build install --record /home/lairlab-squirtle/mpros2-docker/build/mpros2/install.log --single-version-externally-managed install_data
[0.778s] running egg_info
[0.778s] creating ../../../build/mpros2/mpros2.egg-info
[0.788s] writing ../../../build/mpros2/mpros2.egg-info/PKG-INFO
[0.789s] writing dependency_links to ../../../build/mpros2/mpros2.egg-info/dependency_links.txt
[0.789s] writing entry points to ../../../build/mpros2/mpros2.egg-info/entry_points.txt
[0.789s] writing requirements to ../../../build/mpros2/mpros2.egg-info/requires.txt
[0.789s] writing top-level names to ../../../build/mpros2/mpros2.egg-info/top_level.txt
[0.789s] writing manifest file '../../../build/mpros2/mpros2.egg-info/SOURCES.txt'
[0.812s] reading manifest file '../../../build/mpros2/mpros2.egg-info/SOURCES.txt'
[0.812s] writing manifest file '../../../build/mpros2/mpros2.egg-info/SOURCES.txt'
[0.812s] running build
[0.813s] running build_py
[0.813s] creating /home/lairlab-squirtle/mpros2-docker/build/mpros2/build
[0.813s] creating /home/lairlab-squirtle/mpros2-docker/build/mpros2/build/lib
[0.814s] creating /home/lairlab-squirtle/mpros2-docker/build/mpros2/build/lib/mpros2
[0.814s] copying mpros2/teste.py -> /home/lairlab-squirtle/mpros2-docker/build/mpros2/build/lib/mpros2
[0.814s] copying mpros2/face_mesh_detector.py -> /home/lairlab-squirtle/mpros2-docker/build/mpros2/build/lib/mpros2
[0.814s] copying mpros2/pose_detector.py -> /home/lairlab-squirtle/mpros2-docker/build/mpros2/build/lib/mpros2
[0.814s] copying mpros2/face_mesh_detector_rs.py -> /home/lairlab-squirtle/mpros2-docker/build/mpros2/build/lib/mpros2
[0.814s] copying mpros2/debug_node.py -> /home/lairlab-squirtle/mpros2-docker/build/mpros2/build/lib/mpros2
[0.814s] copying mpros2/holistic_detector.py -> /home/lairlab-squirtle/mpros2-docker/build/mpros2/build/lib/mpros2
[0.814s] copying mpros2/detector.py -> /home/lairlab-squirtle/mpros2-docker/build/mpros2/build/lib/mpros2
[0.814s] copying mpros2/__init__.py -> /home/lairlab-squirtle/mpros2-docker/build/mpros2/build/lib/mpros2
[0.814s] copying mpros2/pose_detector_rs.py -> /home/lairlab-squirtle/mpros2-docker/build/mpros2/build/lib/mpros2
[0.814s] copying mpros2/hands_detector_rs.py -> /home/lairlab-squirtle/mpros2-docker/build/mpros2/build/lib/mpros2
[0.814s] copying mpros2/hands_detector.py -> /home/lairlab-squirtle/mpros2-docker/build/mpros2/build/lib/mpros2
[0.814s] copying mpros2/visualization.py -> /home/lairlab-squirtle/mpros2-docker/build/mpros2/build/lib/mpros2
[0.814s] copying mpros2/detector(old).py -> /home/lairlab-squirtle/mpros2-docker/build/mpros2/build/lib/mpros2
[0.814s] copying mpros2/FaceMesh (DO NOT DELETE).py -> /home/lairlab-squirtle/mpros2-docker/build/mpros2/build/lib/mpros2
[0.814s] running install
[0.818s] running install_lib
[0.828s] creating /home/lairlab-squirtle/mpros2-docker/install/mpros2/lib/python3.12/site-packages/mpros2
[0.829s] copying /home/lairlab-squirtle/mpros2-docker/build/mpros2/build/lib/mpros2/teste.py -> /home/lairlab-squirtle/mpros2-docker/install/mpros2/lib/python3.12/site-packages/mpros2
[0.829s] copying /home/lairlab-squirtle/mpros2-docker/build/mpros2/build/lib/mpros2/face_mesh_detector.py -> /home/lairlab-squirtle/mpros2-docker/install/mpros2/lib/python3.12/site-packages/mpros2
[0.829s] copying /home/lairlab-squirtle/mpros2-docker/build/mpros2/build/lib/mpros2/pose_detector.py -> /home/lairlab-squirtle/mpros2-docker/install/mpros2/lib/python3.12/site-packages/mpros2
[0.829s] copying /home/lairlab-squirtle/mpros2-docker/build/mpros2/build/lib/mpros2/face_mesh_detector_rs.py -> /home/lairlab-squirtle/mpros2-docker/install/mpros2/lib/python3.12/site-packages/mpros2
[0.829s] copying /home/lairlab-squirtle/mpros2-docker/build/mpros2/build/lib/mpros2/debug_node.py -> /home/lairlab-squirtle/mpros2-docker/install/mpros2/lib/python3.12/site-packages/mpros2
[0.829s] copying /home/lairlab-squirtle/mpros2-docker/build/mpros2/build/lib/mpros2/holistic_detector.py -> /home/lairlab-squirtle/mpros2-docker/install/mpros2/lib/python3.12/site-packages/mpros2
[0.829s] copying /home/lairlab-squirtle/mpros2-docker/build/mpros2/build/lib/mpros2/detector.py -> /home/lairlab-squirtle/mpros2-docker/install/mpros2/lib/python3.12/site-packages/mpros2
[0.829s] copying /home/lairlab-squirtle/mpros2-docker/build/mpros2/build/lib/mpros2/__init__.py -> /home/lairlab-squirtle/mpros2-docker/install/mpros2/lib/python3.12/site-packages/mpros2
[0.829s] copying /home/lairlab-squirtle/mpros2-docker/build/mpros2/build/lib/mpros2/pose_detector_rs.py -> /home/lairlab-squirtle/mpros2-docker/install/mpros2/lib/python3.12/site-packages/mpros2
[0.830s] copying /home/lairlab-squirtle/mpros2-docker/build/mpros2/build/lib/mpros2/hands_detector_rs.py -> /home/lairlab-squirtle/mpros2-docker/install/mpros2/lib/python3.12/site-packages/mpros2
[0.830s] copying /home/lairlab-squirtle/mpros2-docker/build/mpros2/build/lib/mpros2/hands_detector.py -> /home/lairlab-squirtle/mpros2-docker/install/mpros2/lib/python3.12/site-packages/mpros2
[0.830s] copying /home/lairlab-squirtle/mpros2-docker/build/mpros2/build/lib/mpros2/visualization.py -> /home/lairlab-squirtle/mpros2-docker/install/mpros2/lib/python3.12/site-packages/mpros2
[0.831s] copying /home/lairlab-squirtle/mpros2-docker/build/mpros2/build/lib/mpros2/detector(old).py -> /home/lairlab-squirtle/mpros2-docker/install/mpros2/lib/python3.12/site-packages/mpros2
[0.831s] copying /home/lairlab-squirtle/mpros2-docker/build/mpros2/build/lib/mpros2/FaceMesh (DO NOT DELETE).py -> /home/lairlab-squirtle/mpros2-docker/install/mpros2/lib/python3.12/site-packages/mpros2
[0.831s] byte-compiling /home/lairlab-squirtle/mpros2-docker/install/mpros2/lib/python3.12/site-packages/mpros2/teste.py to teste.cpython-312.pyc
[0.831s] byte-compiling /home/lairlab-squirtle/mpros2-docker/install/mpros2/lib/python3.12/site-packages/mpros2/face_mesh_detector.py to face_mesh_detector.cpython-312.pyc
[0.831s] byte-compiling /home/lairlab-squirtle/mpros2-docker/install/mpros2/lib/python3.12/site-packages/mpros2/pose_detector.py to pose_detector.cpython-312.pyc
[0.831s] byte-compiling /home/lairlab-squirtle/mpros2-docker/install/mpros2/lib/python3.12/site-packages/mpros2/face_mesh_detector_rs.py to face_mesh_detector_rs.cpython-312.pyc
[0.832s] byte-compiling /home/lairlab-squirtle/mpros2-docker/install/mpros2/lib/python3.12/site-packages/mpros2/debug_node.py to debug_node.cpython-312.pyc
[0.832s] byte-compiling /home/lairlab-squirtle/mpros2-docker/install/mpros2/lib/python3.12/site-packages/mpros2/holistic_detector.py to holistic_detector.cpython-312.pyc
[0.832s] byte-compiling /home/lairlab-squirtle/mpros2-docker/install/mpros2/lib/python3.12/site-packages/mpros2/detector.py to detector.cpython-312.pyc
[0.833s] byte-compiling /home/lairlab-squirtle/mpros2-docker/install/mpros2/lib/python3.12/site-packages/mpros2/__init__.py to __init__.cpython-312.pyc
[0.833s] byte-compiling /home/lairlab-squirtle/mpros2-docker/install/mpros2/lib/python3.12/site-packages/mpros2/pose_detector_rs.py to pose_detector_rs.cpython-312.pyc
[0.834s] byte-compiling /home/lairlab-squirtle/mpros2-docker/install/mpros2/lib/python3.12/site-packages/mpros2/hands_detector_rs.py to hands_detector_rs.cpython-312.pyc
[0.834s] byte-compiling /home/lairlab-squirtle/mpros2-docker/install/mpros2/lib/python3.12/site-packages/mpros2/hands_detector.py to hands_detector.cpython-312.pyc
[0.835s] byte-compiling /home/lairlab-squirtle/mpros2-docker/install/mpros2/lib/python3.12/site-packages/mpros2/visualization.py to visualization.cpython-312.pyc
[0.836s] byte-compiling /home/lairlab-squirtle/mpros2-docker/install/mpros2/lib/python3.12/site-packages/mpros2/detector(old).py to detector(old).cpython-312.pyc
[0.837s] byte-compiling /home/lairlab-squirtle/mpros2-docker/install/mpros2/lib/python3.12/site-packages/mpros2/FaceMesh (DO NOT DELETE).py to FaceMesh (DO NOT DELETE).cpython-312.pyc
[0.837s] running install_data
[0.837s] creating /home/lairlab-squirtle/mpros2-docker/install/mpros2/share/ament_index
[0.837s] creating /home/lairlab-squirtle/mpros2-docker/install/mpros2/share/ament_index/resource_index
[0.837s] creating /home/lairlab-squirtle/mpros2-docker/install/mpros2/share/ament_index/resource_index/packages
[0.838s] copying resource/mpros2 -> /home/lairlab-squirtle/mpros2-docker/install/mpros2/share/ament_index/resource_index/packages
[0.838s] copying package.xml -> /home/lairlab-squirtle/mpros2-docker/install/mpros2/share/mpros2
[0.838s] creating /home/lairlab-squirtle/mpros2-docker/install/mpros2/share/mpros2/launch
[0.838s] copying launch/mp.launch.py -> /home/lairlab-squirtle/mpros2-docker/install/mpros2/share/mpros2/launch
[0.838s] running install_egg_info
[0.849s] Copying ../../../build/mpros2/mpros2.egg-info to /home/lairlab-squirtle/mpros2-docker/install/mpros2/lib/python3.12/site-packages/mpros2-0.0.0-py3.12.egg-info
[0.849s] running install_scripts
[0.922s] Installing debug_node script to /home/lairlab-squirtle/mpros2-docker/install/mpros2/lib/mpros2
[0.922s] Installing detector script to /home/lairlab-squirtle/mpros2-docker/install/mpros2/lib/mpros2
[0.922s] Installing face_mesh_detector script to /home/lairlab-squirtle/mpros2-docker/install/mpros2/lib/mpros2
[0.922s] Installing face_mesh_detector_rs script to /home/lairlab-squirtle/mpros2-docker/install/mpros2/lib/mpros2
[0.923s] Installing hands_detector script to /home/lairlab-squirtle/mpros2-docker/install/mpros2/lib/mpros2
[0.923s] Installing hands_detector_rs script to /home/lairlab-squirtle/mpros2-docker/install/mpros2/lib/mpros2
[0.923s] Installing holistic_detector script to /home/lairlab-squirtle/mpros2-docker/install/mpros2/lib/mpros2
[0.923s] Installing pose_detector script to /home/lairlab-squirtle/mpros2-docker/install/mpros2/lib/mpros2
[0.923s] Installing pose_detector_rs script to /home/lairlab-squirtle/mpros2-docker/install/mpros2/lib/mpros2
[0.923s] Installing visualization script to /home/lairlab-squirtle/mpros2-docker/install/mpros2/lib/mpros2
[0.923s] writing list of installed files to '/home/lairlab-squirtle/mpros2-docker/build/mpros2/install.log'
[0.946s] Invoked command in '/home/lairlab-squirtle/mpros2-docker/src/src/mpros2' returned '0': DEBUGINFOD_URLS=https://debuginfod.ubuntu.com PYTHONPATH=/home/lairlab-squirtle/mpros2-docker/build/mpros2/prefix_override:/usr/lib/python3/dist-packages/colcon_core/task/python/colcon_distutils_commands:/home/lairlab-squirtle/mpros2-docker/install/mpros2/lib/python3.12/site-packages:${PYTHONPATH} /usr/bin/python3 -W ignore:setup.py install is deprecated -W ignore:easy_install command is deprecated setup.py egg_info --egg-base ../../../build/mpros2 build --build-base /home/lairlab-squirtle/mpros2-docker/build/mpros2/build install --record /home/lairlab-squirtle/mpros2-docker/build/mpros2/install.log --single-version-externally-managed install_data
